[1.224s] DEBUG:colcon:Command line arguments: ['/usr/bin/colcon', 'build']
[1.224s] DEBUG:colcon:Parsed command line arguments: Namespace(allow_overriding=[], ament_cmake_args=None, base_paths=['.'], build_base='build', catkin_cmake_args=None, catkin_skip_building_tests=False, cmake_args=None, cmake_clean_cache=False, cmake_clean_first=False, cmake_force_configure=False, cmake_target=None, cmake_target_skip_unavailable=False, continue_on_error=False, event_handlers=None, executor='parallel', ignore_user_meta=False, install_base='install', log_base=None, log_level=None, main=<bound method BuildVerb.main of <colcon_core.verb.build.BuildVerb object at 0x7fc8459504f0>>, merge_install=False, metas=['./colcon.meta'], packages_above=None, packages_above_and_dependencies=None, packages_above_depth=None, packages_end=None, packages_ignore=None, packages_ignore_regex=None, packages_select=None, packages_select_build_failed=False, packages_select_by_dep=None, packages_select_regex=None, packages_select_test_failures=False, packages_skip=None, packages_skip_build_finished=False, packages_skip_by_dep=None, packages_skip_regex=None, packages_skip_test_passed=False, packages_skip_up_to=None, packages_start=None, packages_up_to=None, packages_up_to_regex=None, parallel_workers=32, paths=None, symlink_install=False, test_result_base=None, verb_extension=<colcon_core.verb.build.BuildVerb object at 0x7fc8459504f0>, verb_name='build', verb_parser=<colcon_defaults.argument_parser.defaults.DefaultArgumentsDecorator object at 0x7fc8459501f0>)
[1.281s] Level 1:colcon.colcon_core.package_discovery:discover_packages(colcon_meta) check parameters
[1.281s] Level 1:colcon.colcon_core.package_discovery:discover_packages(recursive) check parameters
[1.281s] Level 1:colcon.colcon_core.package_discovery:discover_packages(ignore) check parameters
[1.281s] Level 1:colcon.colcon_core.package_discovery:discover_packages(path) check parameters
[1.281s] Level 1:colcon.colcon_core.package_discovery:discover_packages(colcon_meta) discover
[1.281s] Level 1:colcon.colcon_core.package_discovery:discover_packages(recursive) discover
[1.281s] INFO:colcon.colcon_core.package_discovery:Crawling recursively for packages in '/home/tairanhe/workspace/foxy-unitree/unitree_ros2/cyclonedds_ws'
[1.281s] Level 1:colcon.colcon_core.package_identification:_identify(.) by extensions ['ignore', 'ignore_ament_install']
[1.281s] Level 1:colcon.colcon_core.package_identification:_identify(.) by extension 'ignore'
[1.281s] Level 1:colcon.colcon_core.package_identification:_identify(.) by extension 'ignore_ament_install'
[1.281s] Level 1:colcon.colcon_core.package_identification:_identify(.) by extensions ['colcon_pkg']
[1.281s] Level 1:colcon.colcon_core.package_identification:_identify(.) by extension 'colcon_pkg'
[1.281s] Level 1:colcon.colcon_core.package_identification:_identify(.) by extensions ['colcon_meta']
[1.281s] Level 1:colcon.colcon_core.package_identification:_identify(.) by extension 'colcon_meta'
[1.281s] Level 1:colcon.colcon_core.package_identification:_identify(.) by extensions ['ros']
[1.281s] Level 1:colcon.colcon_core.package_identification:_identify(.) by extension 'ros'
[1.288s] Level 1:colcon.colcon_core.package_identification:_identify(.) by extensions ['cmake', 'python']
[1.288s] Level 1:colcon.colcon_core.package_identification:_identify(.) by extension 'cmake'
[1.288s] Level 1:colcon.colcon_core.package_identification:_identify(.) by extension 'python'
[1.288s] Level 1:colcon.colcon_core.package_identification:_identify(.) by extensions ['python_setup_py']
[1.288s] Level 1:colcon.colcon_core.package_identification:_identify(.) by extension 'python_setup_py'
[1.288s] Level 1:colcon.colcon_core.package_identification:_identify(build) by extensions ['ignore', 'ignore_ament_install']
[1.288s] Level 1:colcon.colcon_core.package_identification:_identify(build) by extension 'ignore'
[1.288s] Level 1:colcon.colcon_core.package_identification:_identify(build) ignored
[1.288s] Level 1:colcon.colcon_core.package_identification:_identify(install) by extensions ['ignore', 'ignore_ament_install']
[1.288s] Level 1:colcon.colcon_core.package_identification:_identify(install) by extension 'ignore'
[1.288s] Level 1:colcon.colcon_core.package_identification:_identify(install) ignored
[1.289s] Level 1:colcon.colcon_core.package_identification:_identify(log) by extensions ['ignore', 'ignore_ament_install']
[1.289s] Level 1:colcon.colcon_core.package_identification:_identify(log) by extension 'ignore'
[1.289s] Level 1:colcon.colcon_core.package_identification:_identify(log) ignored
[1.289s] Level 1:colcon.colcon_core.package_identification:_identify(src) by extensions ['ignore', 'ignore_ament_install']
[1.289s] Level 1:colcon.colcon_core.package_identification:_identify(src) by extension 'ignore'
[1.289s] Level 1:colcon.colcon_core.package_identification:_identify(src) by extension 'ignore_ament_install'
[1.289s] Level 1:colcon.colcon_core.package_identification:_identify(src) by extensions ['colcon_pkg']
[1.289s] Level 1:colcon.colcon_core.package_identification:_identify(src) by extension 'colcon_pkg'
[1.289s] Level 1:colcon.colcon_core.package_identification:_identify(src) by extensions ['colcon_meta']
[1.289s] Level 1:colcon.colcon_core.package_identification:_identify(src) by extension 'colcon_meta'
[1.289s] Level 1:colcon.colcon_core.package_identification:_identify(src) by extensions ['ros']
[1.289s] Level 1:colcon.colcon_core.package_identification:_identify(src) by extension 'ros'
[1.289s] Level 1:colcon.colcon_core.package_identification:_identify(src) by extensions ['cmake', 'python']
[1.289s] Level 1:colcon.colcon_core.package_identification:_identify(src) by extension 'cmake'
[1.289s] Level 1:colcon.colcon_core.package_identification:_identify(src) by extension 'python'
[1.289s] Level 1:colcon.colcon_core.package_identification:_identify(src) by extensions ['python_setup_py']
[1.289s] Level 1:colcon.colcon_core.package_identification:_identify(src) by extension 'python_setup_py'
[1.289s] Level 1:colcon.colcon_core.package_identification:_identify(src/cyclonedds) by extensions ['ignore', 'ignore_ament_install']
[1.289s] Level 1:colcon.colcon_core.package_identification:_identify(src/cyclonedds) by extension 'ignore'
[1.289s] Level 1:colcon.colcon_core.package_identification:_identify(src/cyclonedds) by extension 'ignore_ament_install'
[1.289s] Level 1:colcon.colcon_core.package_identification:_identify(src/cyclonedds) by extensions ['colcon_pkg']
[1.289s] Level 1:colcon.colcon_core.package_identification:_identify(src/cyclonedds) by extension 'colcon_pkg'
[1.289s] Level 1:colcon.colcon_core.package_identification:_identify(src/cyclonedds) by extensions ['colcon_meta']
[1.289s] Level 1:colcon.colcon_core.package_identification:_identify(src/cyclonedds) by extension 'colcon_meta'
[1.289s] Level 1:colcon.colcon_core.package_identification:_identify(src/cyclonedds) by extensions ['ros']
[1.289s] Level 1:colcon.colcon_core.package_identification:_identify(src/cyclonedds) by extension 'ros'
[1.291s] DEBUG:colcon.colcon_core.package_identification:Package 'src/cyclonedds' with type 'ros.cmake' and name 'cyclonedds'
[1.291s] Level 1:colcon.colcon_core.package_identification:_identify(src/rmw_cyclonedds) by extensions ['ignore', 'ignore_ament_install']
[1.291s] Level 1:colcon.colcon_core.package_identification:_identify(src/rmw_cyclonedds) by extension 'ignore'
[1.291s] Level 1:colcon.colcon_core.package_identification:_identify(src/rmw_cyclonedds) by extension 'ignore_ament_install'
[1.291s] Level 1:colcon.colcon_core.package_identification:_identify(src/rmw_cyclonedds) by extensions ['colcon_pkg']
[1.291s] Level 1:colcon.colcon_core.package_identification:_identify(src/rmw_cyclonedds) by extension 'colcon_pkg'
[1.291s] Level 1:colcon.colcon_core.package_identification:_identify(src/rmw_cyclonedds) by extensions ['colcon_meta']
[1.291s] Level 1:colcon.colcon_core.package_identification:_identify(src/rmw_cyclonedds) by extension 'colcon_meta'
[1.291s] Level 1:colcon.colcon_core.package_identification:_identify(src/rmw_cyclonedds) by extensions ['ros']
[1.291s] Level 1:colcon.colcon_core.package_identification:_identify(src/rmw_cyclonedds) by extension 'ros'
[1.292s] Level 1:colcon.colcon_core.package_identification:_identify(src/rmw_cyclonedds) by extensions ['cmake', 'python']
[1.292s] Level 1:colcon.colcon_core.package_identification:_identify(src/rmw_cyclonedds) by extension 'cmake'
[1.292s] Level 1:colcon.colcon_core.package_identification:_identify(src/rmw_cyclonedds) by extension 'python'
[1.292s] Level 1:colcon.colcon_core.package_identification:_identify(src/rmw_cyclonedds) by extensions ['python_setup_py']
[1.292s] Level 1:colcon.colcon_core.package_identification:_identify(src/rmw_cyclonedds) by extension 'python_setup_py'
[1.292s] Level 1:colcon.colcon_core.package_identification:_identify(src/rmw_cyclonedds/rmw_cyclonedds_cpp) by extensions ['ignore', 'ignore_ament_install']
[1.292s] Level 1:colcon.colcon_core.package_identification:_identify(src/rmw_cyclonedds/rmw_cyclonedds_cpp) by extension 'ignore'
[1.292s] Level 1:colcon.colcon_core.package_identification:_identify(src/rmw_cyclonedds/rmw_cyclonedds_cpp) by extension 'ignore_ament_install'
[1.292s] Level 1:colcon.colcon_core.package_identification:_identify(src/rmw_cyclonedds/rmw_cyclonedds_cpp) by extensions ['colcon_pkg']
[1.292s] Level 1:colcon.colcon_core.package_identification:_identify(src/rmw_cyclonedds/rmw_cyclonedds_cpp) by extension 'colcon_pkg'
[1.292s] Level 1:colcon.colcon_core.package_identification:_identify(src/rmw_cyclonedds/rmw_cyclonedds_cpp) by extensions ['colcon_meta']
[1.292s] Level 1:colcon.colcon_core.package_identification:_identify(src/rmw_cyclonedds/rmw_cyclonedds_cpp) by extension 'colcon_meta'
[1.292s] Level 1:colcon.colcon_core.package_identification:_identify(src/rmw_cyclonedds/rmw_cyclonedds_cpp) by extensions ['ros']
[1.292s] Level 1:colcon.colcon_core.package_identification:_identify(src/rmw_cyclonedds/rmw_cyclonedds_cpp) by extension 'ros'
[1.292s] DEBUG:colcon.colcon_core.package_identification:Package 'src/rmw_cyclonedds/rmw_cyclonedds_cpp' with type 'ros.ament_cmake' and name 'rmw_cyclonedds_cpp'
[1.293s] Level 1:colcon.colcon_core.package_identification:_identify(src/unitree) by extensions ['ignore', 'ignore_ament_install']
[1.293s] Level 1:colcon.colcon_core.package_identification:_identify(src/unitree) by extension 'ignore'
[1.293s] Level 1:colcon.colcon_core.package_identification:_identify(src/unitree) by extension 'ignore_ament_install'
[1.293s] Level 1:colcon.colcon_core.package_identification:_identify(src/unitree) by extensions ['colcon_pkg']
[1.293s] Level 1:colcon.colcon_core.package_identification:_identify(src/unitree) by extension 'colcon_pkg'
[1.293s] Level 1:colcon.colcon_core.package_identification:_identify(src/unitree) by extensions ['colcon_meta']
[1.293s] Level 1:colcon.colcon_core.package_identification:_identify(src/unitree) by extension 'colcon_meta'
[1.293s] Level 1:colcon.colcon_core.package_identification:_identify(src/unitree) by extensions ['ros']
[1.293s] Level 1:colcon.colcon_core.package_identification:_identify(src/unitree) by extension 'ros'
[1.293s] Level 1:colcon.colcon_core.package_identification:_identify(src/unitree) by extensions ['cmake', 'python']
[1.293s] Level 1:colcon.colcon_core.package_identification:_identify(src/unitree) by extension 'cmake'
[1.293s] Level 1:colcon.colcon_core.package_identification:_identify(src/unitree) by extension 'python'
[1.293s] Level 1:colcon.colcon_core.package_identification:_identify(src/unitree) by extensions ['python_setup_py']
[1.293s] Level 1:colcon.colcon_core.package_identification:_identify(src/unitree) by extension 'python_setup_py'
[1.293s] Level 1:colcon.colcon_core.package_identification:_identify(src/unitree/unitree_api) by extensions ['ignore', 'ignore_ament_install']
[1.293s] Level 1:colcon.colcon_core.package_identification:_identify(src/unitree/unitree_api) by extension 'ignore'
[1.293s] Level 1:colcon.colcon_core.package_identification:_identify(src/unitree/unitree_api) by extension 'ignore_ament_install'
[1.293s] Level 1:colcon.colcon_core.package_identification:_identify(src/unitree/unitree_api) by extensions ['colcon_pkg']
[1.293s] Level 1:colcon.colcon_core.package_identification:_identify(src/unitree/unitree_api) by extension 'colcon_pkg'
[1.293s] Level 1:colcon.colcon_core.package_identification:_identify(src/unitree/unitree_api) by extensions ['colcon_meta']
[1.293s] Level 1:colcon.colcon_core.package_identification:_identify(src/unitree/unitree_api) by extension 'colcon_meta'
[1.293s] Level 1:colcon.colcon_core.package_identification:_identify(src/unitree/unitree_api) by extensions ['ros']
[1.293s] Level 1:colcon.colcon_core.package_identification:_identify(src/unitree/unitree_api) by extension 'ros'
[1.293s] DEBUG:colcon.colcon_core.package_identification:Package 'src/unitree/unitree_api' with type 'ros.ament_cmake' and name 'unitree_api'
[1.293s] Level 1:colcon.colcon_core.package_identification:_identify(src/unitree/unitree_go) by extensions ['ignore', 'ignore_ament_install']
[1.294s] Level 1:colcon.colcon_core.package_identification:_identify(src/unitree/unitree_go) by extension 'ignore'
[1.294s] Level 1:colcon.colcon_core.package_identification:_identify(src/unitree/unitree_go) by extension 'ignore_ament_install'
[1.294s] Level 1:colcon.colcon_core.package_identification:_identify(src/unitree/unitree_go) by extensions ['colcon_pkg']
[1.294s] Level 1:colcon.colcon_core.package_identification:_identify(src/unitree/unitree_go) by extension 'colcon_pkg'
[1.294s] Level 1:colcon.colcon_core.package_identification:_identify(src/unitree/unitree_go) by extensions ['colcon_meta']
[1.294s] Level 1:colcon.colcon_core.package_identification:_identify(src/unitree/unitree_go) by extension 'colcon_meta'
[1.294s] Level 1:colcon.colcon_core.package_identification:_identify(src/unitree/unitree_go) by extensions ['ros']
[1.294s] Level 1:colcon.colcon_core.package_identification:_identify(src/unitree/unitree_go) by extension 'ros'
[1.294s] DEBUG:colcon.colcon_core.package_identification:Package 'src/unitree/unitree_go' with type 'ros.ament_cmake' and name 'unitree_go'
[1.294s] Level 1:colcon.colcon_core.package_discovery:discover_packages(recursive) using defaults
[1.294s] Level 1:colcon.colcon_core.package_discovery:discover_packages(ignore) discover
[1.294s] Level 1:colcon.colcon_core.package_discovery:discover_packages(ignore) using defaults
[1.294s] Level 1:colcon.colcon_core.package_discovery:discover_packages(path) discover
[1.294s] Level 1:colcon.colcon_core.package_discovery:discover_packages(path) using defaults
[1.345s] INFO:colcon.colcon_metadata.metadata.colcon_pkg:Updating descriptor of package 'src/cyclonedds' from colcon.pkg: {'cmake-args': ['-DBUILD_IDLC=AUTO']}
[1.406s] Level 1:colcon.colcon_core.package_discovery:discover_packages(prefix_path) check parameters
[1.406s] Level 1:colcon.colcon_core.package_discovery:discover_packages(prefix_path) discover
[1.448s] DEBUG:colcon.colcon_installed_package_information.package_discovery:Found 258 installed packages in /opt/ros/foxy
[1.449s] Level 1:colcon.colcon_core.package_discovery:discover_packages(prefix_path) using defaults
[1.532s] Level 5:colcon.colcon_core.verb:set package 'cyclonedds' build argument 'cmake_args' from command line to 'None'
[1.532s] Level 5:colcon.colcon_core.verb:overwrite package 'cyclonedds' build argument 'cmake_args' from package metadata with '['-DBUILD_IDLC=AUTO']' (before: 'None')
[1.532s] Level 5:colcon.colcon_core.verb:set package 'cyclonedds' build argument 'cmake_target' from command line to 'None'
[1.532s] Level 5:colcon.colcon_core.verb:set package 'cyclonedds' build argument 'cmake_target_skip_unavailable' from command line to 'False'
[1.532s] Level 5:colcon.colcon_core.verb:set package 'cyclonedds' build argument 'cmake_clean_cache' from command line to 'False'
[1.532s] Level 5:colcon.colcon_core.verb:set package 'cyclonedds' build argument 'cmake_clean_first' from command line to 'False'
[1.532s] Level 5:colcon.colcon_core.verb:set package 'cyclonedds' build argument 'cmake_force_configure' from command line to 'False'
[1.532s] Level 5:colcon.colcon_core.verb:set package 'cyclonedds' build argument 'ament_cmake_args' from command line to 'None'
[1.532s] Level 5:colcon.colcon_core.verb:set package 'cyclonedds' build argument 'catkin_cmake_args' from command line to 'None'
[1.532s] Level 5:colcon.colcon_core.verb:set package 'cyclonedds' build argument 'catkin_skip_building_tests' from command line to 'False'
[1.532s] DEBUG:colcon.colcon_core.verb:Building package 'cyclonedds' with the following arguments: {'ament_cmake_args': None, 'build_base': '/home/tairanhe/workspace/foxy-unitree/unitree_ros2/cyclonedds_ws/build/cyclonedds', 'catkin_cmake_args': None, 'catkin_skip_building_tests': False, 'cmake_args': ['-DBUILD_IDLC=AUTO'], 'cmake_clean_cache': False, 'cmake_clean_first': False, 'cmake_force_configure': False, 'cmake_target': None, 'cmake_target_skip_unavailable': False, 'install_base': '/home/tairanhe/workspace/foxy-unitree/unitree_ros2/cyclonedds_ws/install/cyclonedds', 'merge_install': False, 'path': '/home/tairanhe/workspace/foxy-unitree/unitree_ros2/cyclonedds_ws/src/cyclonedds', 'symlink_install': False, 'test_result_base': None}
[1.552s] Level 5:colcon.colcon_core.verb:set package 'unitree_api' build argument 'cmake_args' from command line to 'None'
[1.552s] Level 5:colcon.colcon_core.verb:set package 'unitree_api' build argument 'cmake_target' from command line to 'None'
[1.552s] Level 5:colcon.colcon_core.verb:set package 'unitree_api' build argument 'cmake_target_skip_unavailable' from command line to 'False'
[1.552s] Level 5:colcon.colcon_core.verb:set package 'unitree_api' build argument 'cmake_clean_cache' from command line to 'False'
[1.552s] Level 5:colcon.colcon_core.verb:set package 'unitree_api' build argument 'cmake_clean_first' from command line to 'False'
[1.552s] Level 5:colcon.colcon_core.verb:set package 'unitree_api' build argument 'cmake_force_configure' from command line to 'False'
[1.552s] Level 5:colcon.colcon_core.verb:set package 'unitree_api' build argument 'ament_cmake_args' from command line to 'None'
[1.552s] Level 5:colcon.colcon_core.verb:set package 'unitree_api' build argument 'catkin_cmake_args' from command line to 'None'
[1.552s] Level 5:colcon.colcon_core.verb:set package 'unitree_api' build argument 'catkin_skip_building_tests' from command line to 'False'
[1.552s] DEBUG:colcon.colcon_core.verb:Building package 'unitree_api' with the following arguments: {'ament_cmake_args': None, 'build_base': '/home/tairanhe/workspace/foxy-unitree/unitree_ros2/cyclonedds_ws/build/unitree_api', 'catkin_cmake_args': None, 'catkin_skip_building_tests': False, 'cmake_args': None, 'cmake_clean_cache': False, 'cmake_clean_first': False, 'cmake_force_configure': False, 'cmake_target': None, 'cmake_target_skip_unavailable': False, 'install_base': '/home/tairanhe/workspace/foxy-unitree/unitree_ros2/cyclonedds_ws/install/unitree_api', 'merge_install': False, 'path': '/home/tairanhe/workspace/foxy-unitree/unitree_ros2/cyclonedds_ws/src/unitree/unitree_api', 'symlink_install': False, 'test_result_base': None}
[1.572s] Level 5:colcon.colcon_core.verb:set package 'unitree_go' build argument 'cmake_args' from command line to 'None'
[1.572s] Level 5:colcon.colcon_core.verb:set package 'unitree_go' build argument 'cmake_target' from command line to 'None'
[1.572s] Level 5:colcon.colcon_core.verb:set package 'unitree_go' build argument 'cmake_target_skip_unavailable' from command line to 'False'
[1.572s] Level 5:colcon.colcon_core.verb:set package 'unitree_go' build argument 'cmake_clean_cache' from command line to 'False'
[1.572s] Level 5:colcon.colcon_core.verb:set package 'unitree_go' build argument 'cmake_clean_first' from command line to 'False'
[1.572s] Level 5:colcon.colcon_core.verb:set package 'unitree_go' build argument 'cmake_force_configure' from command line to 'False'
[1.573s] Level 5:colcon.colcon_core.verb:set package 'unitree_go' build argument 'ament_cmake_args' from command line to 'None'
[1.573s] Level 5:colcon.colcon_core.verb:set package 'unitree_go' build argument 'catkin_cmake_args' from command line to 'None'
[1.573s] Level 5:colcon.colcon_core.verb:set package 'unitree_go' build argument 'catkin_skip_building_tests' from command line to 'False'
[1.573s] DEBUG:colcon.colcon_core.verb:Building package 'unitree_go' with the following arguments: {'ament_cmake_args': None, 'build_base': '/home/tairanhe/workspace/foxy-unitree/unitree_ros2/cyclonedds_ws/build/unitree_go', 'catkin_cmake_args': None, 'catkin_skip_building_tests': False, 'cmake_args': None, 'cmake_clean_cache': False, 'cmake_clean_first': False, 'cmake_force_configure': False, 'cmake_target': None, 'cmake_target_skip_unavailable': False, 'install_base': '/home/tairanhe/workspace/foxy-unitree/unitree_ros2/cyclonedds_ws/install/unitree_go', 'merge_install': False, 'path': '/home/tairanhe/workspace/foxy-unitree/unitree_ros2/cyclonedds_ws/src/unitree/unitree_go', 'symlink_install': False, 'test_result_base': None}
[1.593s] Level 5:colcon.colcon_core.verb:set package 'rmw_cyclonedds_cpp' build argument 'cmake_args' from command line to 'None'
[1.593s] Level 5:colcon.colcon_core.verb:set package 'rmw_cyclonedds_cpp' build argument 'cmake_target' from command line to 'None'
[1.593s] Level 5:colcon.colcon_core.verb:set package 'rmw_cyclonedds_cpp' build argument 'cmake_target_skip_unavailable' from command line to 'False'
[1.593s] Level 5:colcon.colcon_core.verb:set package 'rmw_cyclonedds_cpp' build argument 'cmake_clean_cache' from command line to 'False'
[1.593s] Level 5:colcon.colcon_core.verb:set package 'rmw_cyclonedds_cpp' build argument 'cmake_clean_first' from command line to 'False'
[1.593s] Level 5:colcon.colcon_core.verb:set package 'rmw_cyclonedds_cpp' build argument 'cmake_force_configure' from command line to 'False'
[1.593s] Level 5:colcon.colcon_core.verb:set package 'rmw_cyclonedds_cpp' build argument 'ament_cmake_args' from command line to 'None'
[1.593s] Level 5:colcon.colcon_core.verb:set package 'rmw_cyclonedds_cpp' build argument 'catkin_cmake_args' from command line to 'None'
[1.593s] Level 5:colcon.colcon_core.verb:set package 'rmw_cyclonedds_cpp' build argument 'catkin_skip_building_tests' from command line to 'False'
[1.593s] DEBUG:colcon.colcon_core.verb:Building package 'rmw_cyclonedds_cpp' with the following arguments: {'ament_cmake_args': None, 'build_base': '/home/tairanhe/workspace/foxy-unitree/unitree_ros2/cyclonedds_ws/build/rmw_cyclonedds_cpp', 'catkin_cmake_args': None, 'catkin_skip_building_tests': False, 'cmake_args': None, 'cmake_clean_cache': False, 'cmake_clean_first': False, 'cmake_force_configure': False, 'cmake_target': None, 'cmake_target_skip_unavailable': False, 'install_base': '/home/tairanhe/workspace/foxy-unitree/unitree_ros2/cyclonedds_ws/install/rmw_cyclonedds_cpp', 'merge_install': False, 'path': '/home/tairanhe/workspace/foxy-unitree/unitree_ros2/cyclonedds_ws/src/rmw_cyclonedds/rmw_cyclonedds_cpp', 'symlink_install': False, 'test_result_base': None}
[1.613s] INFO:colcon.colcon_core.executor:Executing jobs using 'parallel' executor
[1.633s] DEBUG:colcon.colcon_parallel_executor.executor.parallel:run_until_complete
[1.634s] INFO:colcon.colcon_ros.task.cmake.build:Building ROS package in '/home/tairanhe/workspace/foxy-unitree/unitree_ros2/cyclonedds_ws/src/cyclonedds' with build type 'cmake'
[1.634s] INFO:colcon.colcon_cmake.task.cmake.build:Building CMake package in '/home/tairanhe/workspace/foxy-unitree/unitree_ros2/cyclonedds_ws/src/cyclonedds'
[1.656s] INFO:colcon.colcon_core.plugin_system:Skipping extension 'colcon_core.shell.bat': Not used on non-Windows systems
[1.657s] INFO:colcon.colcon_core.shell:Skip shell extension 'powershell' for command environment: Not usable outside of PowerShell
[1.657s] DEBUG:colcon.colcon_core.shell:Skip shell extension 'dsv' for command environment
[1.700s] INFO:colcon.colcon_ros.task.ament_cmake.build:Building ROS package in '/home/tairanhe/workspace/foxy-unitree/unitree_ros2/cyclonedds_ws/src/unitree/unitree_api' with build type 'ament_cmake'
[1.701s] INFO:colcon.colcon_cmake.task.cmake.build:Building CMake package in '/home/tairanhe/workspace/foxy-unitree/unitree_ros2/cyclonedds_ws/src/unitree/unitree_api'
[1.722s] INFO:colcon.colcon_core.shell:Skip shell extension 'powershell' for command environment: Not usable outside of PowerShell
[1.722s] DEBUG:colcon.colcon_core.shell:Skip shell extension 'dsv' for command environment
[1.765s] INFO:colcon.colcon_ros.task.ament_cmake.build:Building ROS package in '/home/tairanhe/workspace/foxy-unitree/unitree_ros2/cyclonedds_ws/src/unitree/unitree_go' with build type 'ament_cmake'
[1.766s] INFO:colcon.colcon_cmake.task.cmake.build:Building CMake package in '/home/tairanhe/workspace/foxy-unitree/unitree_ros2/cyclonedds_ws/src/unitree/unitree_go'
[1.787s] INFO:colcon.colcon_core.shell:Skip shell extension 'powershell' for command environment: Not usable outside of PowerShell
[1.787s] DEBUG:colcon.colcon_core.shell:Skip shell extension 'dsv' for command environment
[1.835s] DEBUG:colcon.colcon_core.event_handler.log_command:Invoking command in '/home/tairanhe/workspace/foxy-unitree/unitree_ros2/cyclonedds_ws/build/cyclonedds': CMAKE_PREFIX_PATH=/opt/ros/foxy /usr/bin/cmake --build /home/tairanhe/workspace/foxy-unitree/unitree_ros2/cyclonedds_ws/build/cyclonedds -- -j32 -l32
[1.836s] DEBUG:colcon.colcon_core.event_handler.log_command:Invoking command in '/home/tairanhe/workspace/foxy-unitree/unitree_ros2/cyclonedds_ws/build/unitree_api': CMAKE_PREFIX_PATH=/opt/ros/foxy /usr/bin/cmake /home/tairanhe/workspace/foxy-unitree/unitree_ros2/cyclonedds_ws/src/unitree/unitree_api -DCMAKE_INSTALL_PREFIX=/home/tairanhe/workspace/foxy-unitree/unitree_ros2/cyclonedds_ws/install/unitree_api
[1.840s] DEBUG:colcon.colcon_core.event_handler.log_command:Invoking command in '/home/tairanhe/workspace/foxy-unitree/unitree_ros2/cyclonedds_ws/build/unitree_go': CMAKE_PREFIX_PATH=/opt/ros/foxy /usr/bin/cmake /home/tairanhe/workspace/foxy-unitree/unitree_ros2/cyclonedds_ws/src/unitree/unitree_go -DCMAKE_INSTALL_PREFIX=/home/tairanhe/workspace/foxy-unitree/unitree_ros2/cyclonedds_ws/install/unitree_go
[1.977s] DEBUG:colcon.colcon_core.event_handler.log_command:Invoked command in '/home/tairanhe/workspace/foxy-unitree/unitree_ros2/cyclonedds_ws/build/cyclonedds' returned '0': CMAKE_PREFIX_PATH=/opt/ros/foxy /usr/bin/cmake --build /home/tairanhe/workspace/foxy-unitree/unitree_ros2/cyclonedds_ws/build/cyclonedds -- -j32 -l32
[1.999s] DEBUG:colcon.colcon_core.event_handler.log_command:Invoking command in '/home/tairanhe/workspace/foxy-unitree/unitree_ros2/cyclonedds_ws/build/cyclonedds': CMAKE_PREFIX_PATH=/opt/ros/foxy /usr/bin/cmake --install /home/tairanhe/workspace/foxy-unitree/unitree_ros2/cyclonedds_ws/build/cyclonedds
[2.026s] DEBUG:colcon.colcon_core.event_handler.log_command:Invoked command in '/home/tairanhe/workspace/foxy-unitree/unitree_ros2/cyclonedds_ws/build/cyclonedds' returned '0': CMAKE_PREFIX_PATH=/opt/ros/foxy /usr/bin/cmake --install /home/tairanhe/workspace/foxy-unitree/unitree_ros2/cyclonedds_ws/build/cyclonedds
[2.029s] Level 1:colcon.colcon_core.shell:create_environment_hook('cyclonedds', 'pkg_config_path')
[2.053s] INFO:colcon.colcon_core.shell:Creating environment hook '/home/tairanhe/workspace/foxy-unitree/unitree_ros2/cyclonedds_ws/install/cyclonedds/share/cyclonedds/hook/pkg_config_path.ps1'
[2.053s] INFO:colcon.colcon_core.shell:Creating environment descriptor '/home/tairanhe/workspace/foxy-unitree/unitree_ros2/cyclonedds_ws/install/cyclonedds/share/cyclonedds/hook/pkg_config_path.dsv'
[2.053s] INFO:colcon.colcon_core.shell:Creating environment hook '/home/tairanhe/workspace/foxy-unitree/unitree_ros2/cyclonedds_ws/install/cyclonedds/share/cyclonedds/hook/pkg_config_path.sh'
[2.056s] Level 1:colcon.colcon_core.shell:create_environment_hook('cyclonedds', 'pkg_config_path_multiarch')
[2.078s] INFO:colcon.colcon_core.shell:Creating environment hook '/home/tairanhe/workspace/foxy-unitree/unitree_ros2/cyclonedds_ws/install/cyclonedds/share/cyclonedds/hook/pkg_config_path_multiarch.ps1'
[2.078s] INFO:colcon.colcon_core.shell:Creating environment descriptor '/home/tairanhe/workspace/foxy-unitree/unitree_ros2/cyclonedds_ws/install/cyclonedds/share/cyclonedds/hook/pkg_config_path_multiarch.dsv'
[2.078s] INFO:colcon.colcon_core.shell:Creating environment hook '/home/tairanhe/workspace/foxy-unitree/unitree_ros2/cyclonedds_ws/install/cyclonedds/share/cyclonedds/hook/pkg_config_path_multiarch.sh'
[2.078s] Level 1:colcon.colcon_core.environment:create_environment_scripts_only(cyclonedds)
[2.103s] Level 1:colcon.colcon_core.environment:checking '/home/tairanhe/workspace/foxy-unitree/unitree_ros2/cyclonedds_ws/install/cyclonedds' for CMake module files
[2.103s] Level 1:colcon.colcon_core.environment:checking '/home/tairanhe/workspace/foxy-unitree/unitree_ros2/cyclonedds_ws/install/cyclonedds' for CMake config files
[2.103s] Level 1:colcon.colcon_core.shell:create_environment_hook('cyclonedds', 'cmake_prefix_path')
[2.124s] INFO:colcon.colcon_core.shell:Creating environment hook '/home/tairanhe/workspace/foxy-unitree/unitree_ros2/cyclonedds_ws/install/cyclonedds/share/cyclonedds/hook/cmake_prefix_path.ps1'
[2.124s] INFO:colcon.colcon_core.shell:Creating environment descriptor '/home/tairanhe/workspace/foxy-unitree/unitree_ros2/cyclonedds_ws/install/cyclonedds/share/cyclonedds/hook/cmake_prefix_path.dsv'
[2.125s] INFO:colcon.colcon_core.shell:Creating environment hook '/home/tairanhe/workspace/foxy-unitree/unitree_ros2/cyclonedds_ws/install/cyclonedds/share/cyclonedds/hook/cmake_prefix_path.sh'
[2.125s] Level 1:colcon.colcon_core.environment:checking '/home/tairanhe/workspace/foxy-unitree/unitree_ros2/cyclonedds_ws/install/cyclonedds/lib'
[2.125s] Level 1:colcon.colcon_core.shell:create_environment_hook('cyclonedds', 'ld_library_path_lib')
[2.148s] INFO:colcon.colcon_core.shell:Creating environment hook '/home/tairanhe/workspace/foxy-unitree/unitree_ros2/cyclonedds_ws/install/cyclonedds/share/cyclonedds/hook/ld_library_path_lib.ps1'
[2.149s] INFO:colcon.colcon_core.shell:Creating environment descriptor '/home/tairanhe/workspace/foxy-unitree/unitree_ros2/cyclonedds_ws/install/cyclonedds/share/cyclonedds/hook/ld_library_path_lib.dsv'
[2.149s] INFO:colcon.colcon_core.shell:Creating environment hook '/home/tairanhe/workspace/foxy-unitree/unitree_ros2/cyclonedds_ws/install/cyclonedds/share/cyclonedds/hook/ld_library_path_lib.sh'
[2.149s] Level 1:colcon.colcon_core.environment:checking '/home/tairanhe/workspace/foxy-unitree/unitree_ros2/cyclonedds_ws/install/cyclonedds/bin'
[2.149s] Level 1:colcon.colcon_core.shell:create_environment_hook('cyclonedds', 'path')
[2.173s] INFO:colcon.colcon_core.shell:Creating environment hook '/home/tairanhe/workspace/foxy-unitree/unitree_ros2/cyclonedds_ws/install/cyclonedds/share/cyclonedds/hook/path.ps1'
[2.173s] INFO:colcon.colcon_core.shell:Creating environment descriptor '/home/tairanhe/workspace/foxy-unitree/unitree_ros2/cyclonedds_ws/install/cyclonedds/share/cyclonedds/hook/path.dsv'
[2.173s] INFO:colcon.colcon_core.shell:Creating environment hook '/home/tairanhe/workspace/foxy-unitree/unitree_ros2/cyclonedds_ws/install/cyclonedds/share/cyclonedds/hook/path.sh'
[2.174s] Level 1:colcon.colcon_core.environment:checking '/home/tairanhe/workspace/foxy-unitree/unitree_ros2/cyclonedds_ws/install/cyclonedds/lib/pkgconfig/cyclonedds.pc'
[2.174s] Level 1:colcon.colcon_core.environment:checking '/home/tairanhe/workspace/foxy-unitree/unitree_ros2/cyclonedds_ws/install/cyclonedds/lib/python3.8/site-packages'
[2.174s] Level 1:colcon.colcon_core.environment:checking '/home/tairanhe/workspace/foxy-unitree/unitree_ros2/cyclonedds_ws/install/cyclonedds/bin'
[2.174s] Level 1:colcon.colcon_core.shell:create_environment_hook('cyclonedds', 'pythonscriptspath')
[2.195s] INFO:colcon.colcon_core.shell:Creating environment hook '/home/tairanhe/workspace/foxy-unitree/unitree_ros2/cyclonedds_ws/install/cyclonedds/share/cyclonedds/hook/pythonscriptspath.ps1'
[2.195s] INFO:colcon.colcon_core.shell:Creating environment descriptor '/home/tairanhe/workspace/foxy-unitree/unitree_ros2/cyclonedds_ws/install/cyclonedds/share/cyclonedds/hook/pythonscriptspath.dsv'
[2.195s] INFO:colcon.colcon_core.shell:Creating environment hook '/home/tairanhe/workspace/foxy-unitree/unitree_ros2/cyclonedds_ws/install/cyclonedds/share/cyclonedds/hook/pythonscriptspath.sh'
[2.217s] INFO:colcon.colcon_core.shell:Creating package script '/home/tairanhe/workspace/foxy-unitree/unitree_ros2/cyclonedds_ws/install/cyclonedds/share/cyclonedds/package.ps1'
[2.218s] INFO:colcon.colcon_core.shell:Creating package descriptor '/home/tairanhe/workspace/foxy-unitree/unitree_ros2/cyclonedds_ws/install/cyclonedds/share/cyclonedds/package.dsv'
[2.218s] INFO:colcon.colcon_core.shell:Creating package script '/home/tairanhe/workspace/foxy-unitree/unitree_ros2/cyclonedds_ws/install/cyclonedds/share/cyclonedds/package.sh'
[2.219s] INFO:colcon.colcon_core.shell:Creating package script '/home/tairanhe/workspace/foxy-unitree/unitree_ros2/cyclonedds_ws/install/cyclonedds/share/cyclonedds/package.bash'
[2.219s] INFO:colcon.colcon_core.shell:Creating package script '/home/tairanhe/workspace/foxy-unitree/unitree_ros2/cyclonedds_ws/install/cyclonedds/share/cyclonedds/package.zsh'
[2.219s] Level 1:colcon.colcon_core.environment:create_file_with_runtime_dependencies(/home/tairanhe/workspace/foxy-unitree/unitree_ros2/cyclonedds_ws/install/cyclonedds/share/colcon-core/packages/cyclonedds)
[2.219s] INFO:colcon.colcon_ros.task.ament_cmake.build:Building ROS package in '/home/tairanhe/workspace/foxy-unitree/unitree_ros2/cyclonedds_ws/src/rmw_cyclonedds/rmw_cyclonedds_cpp' with build type 'ament_cmake'
[2.220s] INFO:colcon.colcon_cmake.task.cmake.build:Building CMake package in '/home/tairanhe/workspace/foxy-unitree/unitree_ros2/cyclonedds_ws/src/rmw_cyclonedds/rmw_cyclonedds_cpp'
[2.241s] INFO:colcon.colcon_core.shell:Skip shell extension 'powershell' for command environment: Not usable outside of PowerShell
[2.241s] DEBUG:colcon.colcon_core.shell:Skip shell extension 'dsv' for command environment
[2.301s] DEBUG:colcon.colcon_core.event_handler.log_command:Invoking command in '/home/tairanhe/workspace/foxy-unitree/unitree_ros2/cyclonedds_ws/build/rmw_cyclonedds_cpp': CMAKE_PREFIX_PATH=/home/tairanhe/workspace/foxy-unitree/unitree_ros2/cyclonedds_ws/install/cyclonedds:/opt/ros/foxy LD_LIBRARY_PATH=/home/tairanhe/workspace/foxy-unitree/unitree_ros2/cyclonedds_ws/install/cyclonedds/lib:${LD_LIBRARY_PATH} PATH=/home/tairanhe/workspace/foxy-unitree/unitree_ros2/cyclonedds_ws/install/cyclonedds/bin:${PATH} PKG_CONFIG_PATH=/home/tairanhe/workspace/foxy-unitree/unitree_ros2/cyclonedds_ws/install/cyclonedds/lib/x86_64-linux-gnu/pkgconfig:/home/tairanhe/workspace/foxy-unitree/unitree_ros2/cyclonedds_ws/install/cyclonedds/lib/pkgconfig /usr/bin/cmake /home/tairanhe/workspace/foxy-unitree/unitree_ros2/cyclonedds_ws/src/rmw_cyclonedds/rmw_cyclonedds_cpp -DCMAKE_INSTALL_PREFIX=/home/tairanhe/workspace/foxy-unitree/unitree_ros2/cyclonedds_ws/install/rmw_cyclonedds_cpp
[2.934s] DEBUG:colcon.colcon_core.event_handler.log_command:Invoked command in '/home/tairanhe/workspace/foxy-unitree/unitree_ros2/cyclonedds_ws/build/rmw_cyclonedds_cpp' returned '0': CMAKE_PREFIX_PATH=/home/tairanhe/workspace/foxy-unitree/unitree_ros2/cyclonedds_ws/install/cyclonedds:/opt/ros/foxy LD_LIBRARY_PATH=/home/tairanhe/workspace/foxy-unitree/unitree_ros2/cyclonedds_ws/install/cyclonedds/lib:${LD_LIBRARY_PATH} PATH=/home/tairanhe/workspace/foxy-unitree/unitree_ros2/cyclonedds_ws/install/cyclonedds/bin:${PATH} PKG_CONFIG_PATH=/home/tairanhe/workspace/foxy-unitree/unitree_ros2/cyclonedds_ws/install/cyclonedds/lib/x86_64-linux-gnu/pkgconfig:/home/tairanhe/workspace/foxy-unitree/unitree_ros2/cyclonedds_ws/install/cyclonedds/lib/pkgconfig /usr/bin/cmake /home/tairanhe/workspace/foxy-unitree/unitree_ros2/cyclonedds_ws/src/rmw_cyclonedds/rmw_cyclonedds_cpp -DCMAKE_INSTALL_PREFIX=/home/tairanhe/workspace/foxy-unitree/unitree_ros2/cyclonedds_ws/install/rmw_cyclonedds_cpp
[2.934s] DEBUG:colcon.colcon_core.event_handler.log_command:Invoking command in '/home/tairanhe/workspace/foxy-unitree/unitree_ros2/cyclonedds_ws/build/rmw_cyclonedds_cpp': CMAKE_PREFIX_PATH=/home/tairanhe/workspace/foxy-unitree/unitree_ros2/cyclonedds_ws/install/cyclonedds:/opt/ros/foxy LD_LIBRARY_PATH=/home/tairanhe/workspace/foxy-unitree/unitree_ros2/cyclonedds_ws/install/cyclonedds/lib:${LD_LIBRARY_PATH} PATH=/home/tairanhe/workspace/foxy-unitree/unitree_ros2/cyclonedds_ws/install/cyclonedds/bin:${PATH} PKG_CONFIG_PATH=/home/tairanhe/workspace/foxy-unitree/unitree_ros2/cyclonedds_ws/install/cyclonedds/lib/x86_64-linux-gnu/pkgconfig:/home/tairanhe/workspace/foxy-unitree/unitree_ros2/cyclonedds_ws/install/cyclonedds/lib/pkgconfig /usr/bin/cmake --build /home/tairanhe/workspace/foxy-unitree/unitree_ros2/cyclonedds_ws/build/rmw_cyclonedds_cpp -- -j32 -l32
[3.044s] DEBUG:colcon.colcon_core.event_handler.log_command:Invoked command in '/home/tairanhe/workspace/foxy-unitree/unitree_ros2/cyclonedds_ws/build/unitree_api' returned '0': CMAKE_PREFIX_PATH=/opt/ros/foxy /usr/bin/cmake /home/tairanhe/workspace/foxy-unitree/unitree_ros2/cyclonedds_ws/src/unitree/unitree_api -DCMAKE_INSTALL_PREFIX=/home/tairanhe/workspace/foxy-unitree/unitree_ros2/cyclonedds_ws/install/unitree_api
[3.048s] DEBUG:colcon.colcon_core.event_handler.log_command:Invoking command in '/home/tairanhe/workspace/foxy-unitree/unitree_ros2/cyclonedds_ws/build/unitree_api': CMAKE_PREFIX_PATH=/opt/ros/foxy /usr/bin/cmake --build /home/tairanhe/workspace/foxy-unitree/unitree_ros2/cyclonedds_ws/build/unitree_api -- -j32 -l32
[3.106s] DEBUG:colcon.colcon_core.event_handler.log_command:Invoked command in '/home/tairanhe/workspace/foxy-unitree/unitree_ros2/cyclonedds_ws/build/unitree_go' returned '0': CMAKE_PREFIX_PATH=/opt/ros/foxy /usr/bin/cmake /home/tairanhe/workspace/foxy-unitree/unitree_ros2/cyclonedds_ws/src/unitree/unitree_go -DCMAKE_INSTALL_PREFIX=/home/tairanhe/workspace/foxy-unitree/unitree_ros2/cyclonedds_ws/install/unitree_go
[3.107s] DEBUG:colcon.colcon_core.event_handler.log_command:Invoking command in '/home/tairanhe/workspace/foxy-unitree/unitree_ros2/cyclonedds_ws/build/unitree_go': CMAKE_PREFIX_PATH=/opt/ros/foxy /usr/bin/cmake --build /home/tairanhe/workspace/foxy-unitree/unitree_ros2/cyclonedds_ws/build/unitree_go -- -j32 -l32
[7.032s] DEBUG:colcon.colcon_core.event_handler.log_command:Invoked command in '/home/tairanhe/workspace/foxy-unitree/unitree_ros2/cyclonedds_ws/build/unitree_api' returned '0': CMAKE_PREFIX_PATH=/opt/ros/foxy /usr/bin/cmake --build /home/tairanhe/workspace/foxy-unitree/unitree_ros2/cyclonedds_ws/build/unitree_api -- -j32 -l32
[7.100s] DEBUG:colcon.colcon_core.event_handler.log_command:Invoking command in '/home/tairanhe/workspace/foxy-unitree/unitree_ros2/cyclonedds_ws/build/unitree_api': CMAKE_PREFIX_PATH=/opt/ros/foxy /usr/bin/cmake --install /home/tairanhe/workspace/foxy-unitree/unitree_ros2/cyclonedds_ws/build/unitree_api
[7.141s] Level 1:colcon.colcon_core.environment:create_environment_scripts_only(unitree_api)
[7.142s] DEBUG:colcon.colcon_core.event_handler.log_command:Invoked command in '/home/tairanhe/workspace/foxy-unitree/unitree_ros2/cyclonedds_ws/build/unitree_api' returned '0': CMAKE_PREFIX_PATH=/opt/ros/foxy /usr/bin/cmake --install /home/tairanhe/workspace/foxy-unitree/unitree_ros2/cyclonedds_ws/build/unitree_api
[7.174s] Level 1:colcon.colcon_core.environment:checking '/home/tairanhe/workspace/foxy-unitree/unitree_ros2/cyclonedds_ws/install/unitree_api' for CMake module files
[7.174s] Level 1:colcon.colcon_core.environment:checking '/home/tairanhe/workspace/foxy-unitree/unitree_ros2/cyclonedds_ws/install/unitree_api' for CMake config files
[7.174s] Level 1:colcon.colcon_core.shell:create_environment_hook('unitree_api', 'cmake_prefix_path')
[7.195s] INFO:colcon.colcon_core.shell:Creating environment hook '/home/tairanhe/workspace/foxy-unitree/unitree_ros2/cyclonedds_ws/install/unitree_api/share/unitree_api/hook/cmake_prefix_path.ps1'
[7.196s] INFO:colcon.colcon_core.shell:Creating environment descriptor '/home/tairanhe/workspace/foxy-unitree/unitree_ros2/cyclonedds_ws/install/unitree_api/share/unitree_api/hook/cmake_prefix_path.dsv'
[7.196s] INFO:colcon.colcon_core.shell:Creating environment hook '/home/tairanhe/workspace/foxy-unitree/unitree_ros2/cyclonedds_ws/install/unitree_api/share/unitree_api/hook/cmake_prefix_path.sh'
[7.196s] Level 1:colcon.colcon_core.environment:checking '/home/tairanhe/workspace/foxy-unitree/unitree_ros2/cyclonedds_ws/install/unitree_api/lib'
[7.196s] Level 1:colcon.colcon_core.shell:create_environment_hook('unitree_api', 'ld_library_path_lib')
[7.217s] INFO:colcon.colcon_core.shell:Creating environment hook '/home/tairanhe/workspace/foxy-unitree/unitree_ros2/cyclonedds_ws/install/unitree_api/share/unitree_api/hook/ld_library_path_lib.ps1'
[7.217s] INFO:colcon.colcon_core.shell:Creating environment descriptor '/home/tairanhe/workspace/foxy-unitree/unitree_ros2/cyclonedds_ws/install/unitree_api/share/unitree_api/hook/ld_library_path_lib.dsv'
[7.217s] INFO:colcon.colcon_core.shell:Creating environment hook '/home/tairanhe/workspace/foxy-unitree/unitree_ros2/cyclonedds_ws/install/unitree_api/share/unitree_api/hook/ld_library_path_lib.sh'
[7.217s] Level 1:colcon.colcon_core.environment:checking '/home/tairanhe/workspace/foxy-unitree/unitree_ros2/cyclonedds_ws/install/unitree_api/bin'
[7.218s] Level 1:colcon.colcon_core.environment:checking '/home/tairanhe/workspace/foxy-unitree/unitree_ros2/cyclonedds_ws/install/unitree_api/lib/pkgconfig/unitree_api.pc'
[7.218s] Level 1:colcon.colcon_core.environment:checking '/home/tairanhe/workspace/foxy-unitree/unitree_ros2/cyclonedds_ws/install/unitree_api/lib/python3.8/site-packages'
[7.218s] Level 1:colcon.colcon_core.shell:create_environment_hook('unitree_api', 'pythonpath')
[7.238s] INFO:colcon.colcon_core.shell:Creating environment hook '/home/tairanhe/workspace/foxy-unitree/unitree_ros2/cyclonedds_ws/install/unitree_api/share/unitree_api/hook/pythonpath.ps1'
[7.239s] INFO:colcon.colcon_core.shell:Creating environment descriptor '/home/tairanhe/workspace/foxy-unitree/unitree_ros2/cyclonedds_ws/install/unitree_api/share/unitree_api/hook/pythonpath.dsv'
[7.239s] INFO:colcon.colcon_core.shell:Creating environment hook '/home/tairanhe/workspace/foxy-unitree/unitree_ros2/cyclonedds_ws/install/unitree_api/share/unitree_api/hook/pythonpath.sh'
[7.239s] Level 1:colcon.colcon_core.environment:checking '/home/tairanhe/workspace/foxy-unitree/unitree_ros2/cyclonedds_ws/install/unitree_api/bin'
[7.260s] INFO:colcon.colcon_core.shell:Creating package script '/home/tairanhe/workspace/foxy-unitree/unitree_ros2/cyclonedds_ws/install/unitree_api/share/unitree_api/package.ps1'
[7.260s] INFO:colcon.colcon_core.shell:Creating package descriptor '/home/tairanhe/workspace/foxy-unitree/unitree_ros2/cyclonedds_ws/install/unitree_api/share/unitree_api/package.dsv'
[7.261s] INFO:colcon.colcon_core.shell:Creating package script '/home/tairanhe/workspace/foxy-unitree/unitree_ros2/cyclonedds_ws/install/unitree_api/share/unitree_api/package.sh'
[7.261s] INFO:colcon.colcon_core.shell:Creating package script '/home/tairanhe/workspace/foxy-unitree/unitree_ros2/cyclonedds_ws/install/unitree_api/share/unitree_api/package.bash'
[7.261s] INFO:colcon.colcon_core.shell:Creating package script '/home/tairanhe/workspace/foxy-unitree/unitree_ros2/cyclonedds_ws/install/unitree_api/share/unitree_api/package.zsh'
[7.261s] Level 1:colcon.colcon_core.environment:create_file_with_runtime_dependencies(/home/tairanhe/workspace/foxy-unitree/unitree_ros2/cyclonedds_ws/install/unitree_api/share/colcon-core/packages/unitree_api)
[7.354s] Level 1:colcon.colcon_core.environment:create_environment_scripts_only(unitree_api)
[7.375s] Level 1:colcon.colcon_core.environment:checking '/home/tairanhe/workspace/foxy-unitree/unitree_ros2/cyclonedds_ws/install/unitree_api' for CMake module files
[7.376s] Level 1:colcon.colcon_core.environment:checking '/home/tairanhe/workspace/foxy-unitree/unitree_ros2/cyclonedds_ws/install/unitree_api' for CMake config files
[7.376s] Level 1:colcon.colcon_core.shell:create_environment_hook('unitree_api', 'cmake_prefix_path')
[7.396s] INFO:colcon.colcon_core.shell:Creating environment hook '/home/tairanhe/workspace/foxy-unitree/unitree_ros2/cyclonedds_ws/install/unitree_api/share/unitree_api/hook/cmake_prefix_path.ps1'
[7.397s] INFO:colcon.colcon_core.shell:Creating environment descriptor '/home/tairanhe/workspace/foxy-unitree/unitree_ros2/cyclonedds_ws/install/unitree_api/share/unitree_api/hook/cmake_prefix_path.dsv'
[7.397s] INFO:colcon.colcon_core.shell:Creating environment hook '/home/tairanhe/workspace/foxy-unitree/unitree_ros2/cyclonedds_ws/install/unitree_api/share/unitree_api/hook/cmake_prefix_path.sh'
[7.397s] Level 1:colcon.colcon_core.environment:checking '/home/tairanhe/workspace/foxy-unitree/unitree_ros2/cyclonedds_ws/install/unitree_api/lib'
[7.397s] Level 1:colcon.colcon_core.shell:create_environment_hook('unitree_api', 'ld_library_path_lib')
[7.418s] INFO:colcon.colcon_core.shell:Creating environment hook '/home/tairanhe/workspace/foxy-unitree/unitree_ros2/cyclonedds_ws/install/unitree_api/share/unitree_api/hook/ld_library_path_lib.ps1'
[7.418s] INFO:colcon.colcon_core.shell:Creating environment descriptor '/home/tairanhe/workspace/foxy-unitree/unitree_ros2/cyclonedds_ws/install/unitree_api/share/unitree_api/hook/ld_library_path_lib.dsv'
[7.418s] INFO:colcon.colcon_core.shell:Creating environment hook '/home/tairanhe/workspace/foxy-unitree/unitree_ros2/cyclonedds_ws/install/unitree_api/share/unitree_api/hook/ld_library_path_lib.sh'
[7.418s] Level 1:colcon.colcon_core.environment:checking '/home/tairanhe/workspace/foxy-unitree/unitree_ros2/cyclonedds_ws/install/unitree_api/bin'
[7.418s] Level 1:colcon.colcon_core.environment:checking '/home/tairanhe/workspace/foxy-unitree/unitree_ros2/cyclonedds_ws/install/unitree_api/lib/pkgconfig/unitree_api.pc'
[7.418s] Level 1:colcon.colcon_core.environment:checking '/home/tairanhe/workspace/foxy-unitree/unitree_ros2/cyclonedds_ws/install/unitree_api/lib/python3.8/site-packages'
[7.419s] Level 1:colcon.colcon_core.shell:create_environment_hook('unitree_api', 'pythonpath')
[7.439s] INFO:colcon.colcon_core.shell:Creating environment hook '/home/tairanhe/workspace/foxy-unitree/unitree_ros2/cyclonedds_ws/install/unitree_api/share/unitree_api/hook/pythonpath.ps1'
[7.440s] INFO:colcon.colcon_core.shell:Creating environment descriptor '/home/tairanhe/workspace/foxy-unitree/unitree_ros2/cyclonedds_ws/install/unitree_api/share/unitree_api/hook/pythonpath.dsv'
[7.440s] INFO:colcon.colcon_core.shell:Creating environment hook '/home/tairanhe/workspace/foxy-unitree/unitree_ros2/cyclonedds_ws/install/unitree_api/share/unitree_api/hook/pythonpath.sh'
[7.440s] Level 1:colcon.colcon_core.environment:checking '/home/tairanhe/workspace/foxy-unitree/unitree_ros2/cyclonedds_ws/install/unitree_api/bin'
[7.461s] INFO:colcon.colcon_core.shell:Creating package script '/home/tairanhe/workspace/foxy-unitree/unitree_ros2/cyclonedds_ws/install/unitree_api/share/unitree_api/package.ps1'
[7.462s] INFO:colcon.colcon_core.shell:Creating package descriptor '/home/tairanhe/workspace/foxy-unitree/unitree_ros2/cyclonedds_ws/install/unitree_api/share/unitree_api/package.dsv'
[7.462s] INFO:colcon.colcon_core.shell:Creating package script '/home/tairanhe/workspace/foxy-unitree/unitree_ros2/cyclonedds_ws/install/unitree_api/share/unitree_api/package.sh'
[7.462s] INFO:colcon.colcon_core.shell:Creating package script '/home/tairanhe/workspace/foxy-unitree/unitree_ros2/cyclonedds_ws/install/unitree_api/share/unitree_api/package.bash'
[7.462s] INFO:colcon.colcon_core.shell:Creating package script '/home/tairanhe/workspace/foxy-unitree/unitree_ros2/cyclonedds_ws/install/unitree_api/share/unitree_api/package.zsh'
[7.463s] Level 1:colcon.colcon_core.environment:create_file_with_runtime_dependencies(/home/tairanhe/workspace/foxy-unitree/unitree_ros2/cyclonedds_ws/install/unitree_api/share/colcon-core/packages/unitree_api)
[7.989s] DEBUG:colcon.colcon_core.event_handler.log_command:Invoked command in '/home/tairanhe/workspace/foxy-unitree/unitree_ros2/cyclonedds_ws/build/rmw_cyclonedds_cpp' returned '0': CMAKE_PREFIX_PATH=/home/tairanhe/workspace/foxy-unitree/unitree_ros2/cyclonedds_ws/install/cyclonedds:/opt/ros/foxy LD_LIBRARY_PATH=/home/tairanhe/workspace/foxy-unitree/unitree_ros2/cyclonedds_ws/install/cyclonedds/lib:${LD_LIBRARY_PATH} PATH=/home/tairanhe/workspace/foxy-unitree/unitree_ros2/cyclonedds_ws/install/cyclonedds/bin:${PATH} PKG_CONFIG_PATH=/home/tairanhe/workspace/foxy-unitree/unitree_ros2/cyclonedds_ws/install/cyclonedds/lib/x86_64-linux-gnu/pkgconfig:/home/tairanhe/workspace/foxy-unitree/unitree_ros2/cyclonedds_ws/install/cyclonedds/lib/pkgconfig /usr/bin/cmake --build /home/tairanhe/workspace/foxy-unitree/unitree_ros2/cyclonedds_ws/build/rmw_cyclonedds_cpp -- -j32 -l32
[8.016s] DEBUG:colcon.colcon_core.event_handler.log_command:Invoking command in '/home/tairanhe/workspace/foxy-unitree/unitree_ros2/cyclonedds_ws/build/rmw_cyclonedds_cpp': CMAKE_PREFIX_PATH=/home/tairanhe/workspace/foxy-unitree/unitree_ros2/cyclonedds_ws/install/cyclonedds:/opt/ros/foxy LD_LIBRARY_PATH=/home/tairanhe/workspace/foxy-unitree/unitree_ros2/cyclonedds_ws/install/cyclonedds/lib:${LD_LIBRARY_PATH} PATH=/home/tairanhe/workspace/foxy-unitree/unitree_ros2/cyclonedds_ws/install/cyclonedds/bin:${PATH} PKG_CONFIG_PATH=/home/tairanhe/workspace/foxy-unitree/unitree_ros2/cyclonedds_ws/install/cyclonedds/lib/x86_64-linux-gnu/pkgconfig:/home/tairanhe/workspace/foxy-unitree/unitree_ros2/cyclonedds_ws/install/cyclonedds/lib/pkgconfig /usr/bin/cmake --install /home/tairanhe/workspace/foxy-unitree/unitree_ros2/cyclonedds_ws/build/rmw_cyclonedds_cpp
[8.027s] Level 1:colcon.colcon_core.environment:create_environment_scripts_only(rmw_cyclonedds_cpp)
[8.027s] DEBUG:colcon.colcon_core.event_handler.log_command:Invoked command in '/home/tairanhe/workspace/foxy-unitree/unitree_ros2/cyclonedds_ws/build/rmw_cyclonedds_cpp' returned '0': CMAKE_PREFIX_PATH=/home/tairanhe/workspace/foxy-unitree/unitree_ros2/cyclonedds_ws/install/cyclonedds:/opt/ros/foxy LD_LIBRARY_PATH=/home/tairanhe/workspace/foxy-unitree/unitree_ros2/cyclonedds_ws/install/cyclonedds/lib:${LD_LIBRARY_PATH} PATH=/home/tairanhe/workspace/foxy-unitree/unitree_ros2/cyclonedds_ws/install/cyclonedds/bin:${PATH} PKG_CONFIG_PATH=/home/tairanhe/workspace/foxy-unitree/unitree_ros2/cyclonedds_ws/install/cyclonedds/lib/x86_64-linux-gnu/pkgconfig:/home/tairanhe/workspace/foxy-unitree/unitree_ros2/cyclonedds_ws/install/cyclonedds/lib/pkgconfig /usr/bin/cmake --install /home/tairanhe/workspace/foxy-unitree/unitree_ros2/cyclonedds_ws/build/rmw_cyclonedds_cpp
[8.049s] Level 1:colcon.colcon_core.environment:checking '/home/tairanhe/workspace/foxy-unitree/unitree_ros2/cyclonedds_ws/install/rmw_cyclonedds_cpp' for CMake module files
[8.049s] Level 1:colcon.colcon_core.environment:checking '/home/tairanhe/workspace/foxy-unitree/unitree_ros2/cyclonedds_ws/install/rmw_cyclonedds_cpp' for CMake config files
[8.049s] Level 1:colcon.colcon_core.shell:create_environment_hook('rmw_cyclonedds_cpp', 'cmake_prefix_path')
[8.072s] INFO:colcon.colcon_core.shell:Creating environment hook '/home/tairanhe/workspace/foxy-unitree/unitree_ros2/cyclonedds_ws/install/rmw_cyclonedds_cpp/share/rmw_cyclonedds_cpp/hook/cmake_prefix_path.ps1'
[8.072s] INFO:colcon.colcon_core.shell:Creating environment descriptor '/home/tairanhe/workspace/foxy-unitree/unitree_ros2/cyclonedds_ws/install/rmw_cyclonedds_cpp/share/rmw_cyclonedds_cpp/hook/cmake_prefix_path.dsv'
[8.072s] INFO:colcon.colcon_core.shell:Creating environment hook '/home/tairanhe/workspace/foxy-unitree/unitree_ros2/cyclonedds_ws/install/rmw_cyclonedds_cpp/share/rmw_cyclonedds_cpp/hook/cmake_prefix_path.sh'
[8.073s] Level 1:colcon.colcon_core.environment:checking '/home/tairanhe/workspace/foxy-unitree/unitree_ros2/cyclonedds_ws/install/rmw_cyclonedds_cpp/lib'
[8.073s] Level 1:colcon.colcon_core.shell:create_environment_hook('rmw_cyclonedds_cpp', 'ld_library_path_lib')
[8.093s] INFO:colcon.colcon_core.shell:Creating environment hook '/home/tairanhe/workspace/foxy-unitree/unitree_ros2/cyclonedds_ws/install/rmw_cyclonedds_cpp/share/rmw_cyclonedds_cpp/hook/ld_library_path_lib.ps1'
[8.094s] INFO:colcon.colcon_core.shell:Creating environment descriptor '/home/tairanhe/workspace/foxy-unitree/unitree_ros2/cyclonedds_ws/install/rmw_cyclonedds_cpp/share/rmw_cyclonedds_cpp/hook/ld_library_path_lib.dsv'
[8.094s] INFO:colcon.colcon_core.shell:Creating environment hook '/home/tairanhe/workspace/foxy-unitree/unitree_ros2/cyclonedds_ws/install/rmw_cyclonedds_cpp/share/rmw_cyclonedds_cpp/hook/ld_library_path_lib.sh'
[8.094s] Level 1:colcon.colcon_core.environment:checking '/home/tairanhe/workspace/foxy-unitree/unitree_ros2/cyclonedds_ws/install/rmw_cyclonedds_cpp/bin'
[8.094s] Level 1:colcon.colcon_core.environment:checking '/home/tairanhe/workspace/foxy-unitree/unitree_ros2/cyclonedds_ws/install/rmw_cyclonedds_cpp/lib/pkgconfig/rmw_cyclonedds_cpp.pc'
[8.094s] Level 1:colcon.colcon_core.environment:checking '/home/tairanhe/workspace/foxy-unitree/unitree_ros2/cyclonedds_ws/install/rmw_cyclonedds_cpp/lib/python3.8/site-packages'
[8.094s] Level 1:colcon.colcon_core.environment:checking '/home/tairanhe/workspace/foxy-unitree/unitree_ros2/cyclonedds_ws/install/rmw_cyclonedds_cpp/bin'
[8.116s] INFO:colcon.colcon_core.shell:Creating package script '/home/tairanhe/workspace/foxy-unitree/unitree_ros2/cyclonedds_ws/install/rmw_cyclonedds_cpp/share/rmw_cyclonedds_cpp/package.ps1'
[8.116s] INFO:colcon.colcon_core.shell:Creating package descriptor '/home/tairanhe/workspace/foxy-unitree/unitree_ros2/cyclonedds_ws/install/rmw_cyclonedds_cpp/share/rmw_cyclonedds_cpp/package.dsv'
[8.116s] INFO:colcon.colcon_core.shell:Creating package script '/home/tairanhe/workspace/foxy-unitree/unitree_ros2/cyclonedds_ws/install/rmw_cyclonedds_cpp/share/rmw_cyclonedds_cpp/package.sh'
[8.116s] INFO:colcon.colcon_core.shell:Creating package script '/home/tairanhe/workspace/foxy-unitree/unitree_ros2/cyclonedds_ws/install/rmw_cyclonedds_cpp/share/rmw_cyclonedds_cpp/package.bash'
[8.117s] INFO:colcon.colcon_core.shell:Creating package script '/home/tairanhe/workspace/foxy-unitree/unitree_ros2/cyclonedds_ws/install/rmw_cyclonedds_cpp/share/rmw_cyclonedds_cpp/package.zsh'
[8.117s] Level 1:colcon.colcon_core.environment:create_file_with_runtime_dependencies(/home/tairanhe/workspace/foxy-unitree/unitree_ros2/cyclonedds_ws/install/rmw_cyclonedds_cpp/share/colcon-core/packages/rmw_cyclonedds_cpp)
[8.157s] Level 1:colcon.colcon_core.environment:create_environment_scripts_only(rmw_cyclonedds_cpp)
[8.178s] Level 1:colcon.colcon_core.environment:checking '/home/tairanhe/workspace/foxy-unitree/unitree_ros2/cyclonedds_ws/install/rmw_cyclonedds_cpp' for CMake module files
[8.178s] Level 1:colcon.colcon_core.environment:checking '/home/tairanhe/workspace/foxy-unitree/unitree_ros2/cyclonedds_ws/install/rmw_cyclonedds_cpp' for CMake config files
[8.178s] Level 1:colcon.colcon_core.shell:create_environment_hook('rmw_cyclonedds_cpp', 'cmake_prefix_path')
[8.199s] INFO:colcon.colcon_core.shell:Creating environment hook '/home/tairanhe/workspace/foxy-unitree/unitree_ros2/cyclonedds_ws/install/rmw_cyclonedds_cpp/share/rmw_cyclonedds_cpp/hook/cmake_prefix_path.ps1'
[8.199s] INFO:colcon.colcon_core.shell:Creating environment descriptor '/home/tairanhe/workspace/foxy-unitree/unitree_ros2/cyclonedds_ws/install/rmw_cyclonedds_cpp/share/rmw_cyclonedds_cpp/hook/cmake_prefix_path.dsv'
[8.199s] INFO:colcon.colcon_core.shell:Creating environment hook '/home/tairanhe/workspace/foxy-unitree/unitree_ros2/cyclonedds_ws/install/rmw_cyclonedds_cpp/share/rmw_cyclonedds_cpp/hook/cmake_prefix_path.sh'
[8.200s] Level 1:colcon.colcon_core.environment:checking '/home/tairanhe/workspace/foxy-unitree/unitree_ros2/cyclonedds_ws/install/rmw_cyclonedds_cpp/lib'
[8.200s] Level 1:colcon.colcon_core.shell:create_environment_hook('rmw_cyclonedds_cpp', 'ld_library_path_lib')
[8.220s] INFO:colcon.colcon_core.shell:Creating environment hook '/home/tairanhe/workspace/foxy-unitree/unitree_ros2/cyclonedds_ws/install/rmw_cyclonedds_cpp/share/rmw_cyclonedds_cpp/hook/ld_library_path_lib.ps1'
[8.221s] INFO:colcon.colcon_core.shell:Creating environment descriptor '/home/tairanhe/workspace/foxy-unitree/unitree_ros2/cyclonedds_ws/install/rmw_cyclonedds_cpp/share/rmw_cyclonedds_cpp/hook/ld_library_path_lib.dsv'
[8.221s] INFO:colcon.colcon_core.shell:Creating environment hook '/home/tairanhe/workspace/foxy-unitree/unitree_ros2/cyclonedds_ws/install/rmw_cyclonedds_cpp/share/rmw_cyclonedds_cpp/hook/ld_library_path_lib.sh'
[8.221s] Level 1:colcon.colcon_core.environment:checking '/home/tairanhe/workspace/foxy-unitree/unitree_ros2/cyclonedds_ws/install/rmw_cyclonedds_cpp/bin'
[8.221s] Level 1:colcon.colcon_core.environment:checking '/home/tairanhe/workspace/foxy-unitree/unitree_ros2/cyclonedds_ws/install/rmw_cyclonedds_cpp/lib/pkgconfig/rmw_cyclonedds_cpp.pc'
[8.221s] Level 1:colcon.colcon_core.environment:checking '/home/tairanhe/workspace/foxy-unitree/unitree_ros2/cyclonedds_ws/install/rmw_cyclonedds_cpp/lib/python3.8/site-packages'
[8.221s] Level 1:colcon.colcon_core.environment:checking '/home/tairanhe/workspace/foxy-unitree/unitree_ros2/cyclonedds_ws/install/rmw_cyclonedds_cpp/bin'
[8.250s] INFO:colcon.colcon_core.shell:Creating package script '/home/tairanhe/workspace/foxy-unitree/unitree_ros2/cyclonedds_ws/install/rmw_cyclonedds_cpp/share/rmw_cyclonedds_cpp/package.ps1'
[8.251s] INFO:colcon.colcon_core.shell:Creating package descriptor '/home/tairanhe/workspace/foxy-unitree/unitree_ros2/cyclonedds_ws/install/rmw_cyclonedds_cpp/share/rmw_cyclonedds_cpp/package.dsv'
[8.251s] INFO:colcon.colcon_core.shell:Creating package script '/home/tairanhe/workspace/foxy-unitree/unitree_ros2/cyclonedds_ws/install/rmw_cyclonedds_cpp/share/rmw_cyclonedds_cpp/package.sh'
[8.252s] INFO:colcon.colcon_core.shell:Creating package script '/home/tairanhe/workspace/foxy-unitree/unitree_ros2/cyclonedds_ws/install/rmw_cyclonedds_cpp/share/rmw_cyclonedds_cpp/package.bash'
[8.253s] INFO:colcon.colcon_core.shell:Creating package script '/home/tairanhe/workspace/foxy-unitree/unitree_ros2/cyclonedds_ws/install/rmw_cyclonedds_cpp/share/rmw_cyclonedds_cpp/package.zsh'
[8.253s] Level 1:colcon.colcon_core.environment:create_file_with_runtime_dependencies(/home/tairanhe/workspace/foxy-unitree/unitree_ros2/cyclonedds_ws/install/rmw_cyclonedds_cpp/share/colcon-core/packages/rmw_cyclonedds_cpp)
[10.148s] DEBUG:colcon.colcon_core.event_handler.log_command:Invoked command in '/home/tairanhe/workspace/foxy-unitree/unitree_ros2/cyclonedds_ws/build/unitree_go' returned '0': CMAKE_PREFIX_PATH=/opt/ros/foxy /usr/bin/cmake --build /home/tairanhe/workspace/foxy-unitree/unitree_ros2/cyclonedds_ws/build/unitree_go -- -j32 -l32
[10.306s] DEBUG:colcon.colcon_core.event_handler.log_command:Invoking command in '/home/tairanhe/workspace/foxy-unitree/unitree_ros2/cyclonedds_ws/build/unitree_go': CMAKE_PREFIX_PATH=/opt/ros/foxy /usr/bin/cmake --install /home/tairanhe/workspace/foxy-unitree/unitree_ros2/cyclonedds_ws/build/unitree_go
[10.359s] Level 1:colcon.colcon_core.environment:create_environment_scripts_only(unitree_go)
[10.359s] DEBUG:colcon.colcon_core.event_handler.log_command:Invoked command in '/home/tairanhe/workspace/foxy-unitree/unitree_ros2/cyclonedds_ws/build/unitree_go' returned '0': CMAKE_PREFIX_PATH=/opt/ros/foxy /usr/bin/cmake --install /home/tairanhe/workspace/foxy-unitree/unitree_ros2/cyclonedds_ws/build/unitree_go
[10.381s] Level 1:colcon.colcon_core.environment:checking '/home/tairanhe/workspace/foxy-unitree/unitree_ros2/cyclonedds_ws/install/unitree_go' for CMake module files
[10.381s] Level 1:colcon.colcon_core.environment:checking '/home/tairanhe/workspace/foxy-unitree/unitree_ros2/cyclonedds_ws/install/unitree_go' for CMake config files
[10.381s] Level 1:colcon.colcon_core.shell:create_environment_hook('unitree_go', 'cmake_prefix_path')
[10.402s] INFO:colcon.colcon_core.shell:Creating environment hook '/home/tairanhe/workspace/foxy-unitree/unitree_ros2/cyclonedds_ws/install/unitree_go/share/unitree_go/hook/cmake_prefix_path.ps1'
[10.402s] INFO:colcon.colcon_core.shell:Creating environment descriptor '/home/tairanhe/workspace/foxy-unitree/unitree_ros2/cyclonedds_ws/install/unitree_go/share/unitree_go/hook/cmake_prefix_path.dsv'
[10.402s] INFO:colcon.colcon_core.shell:Creating environment hook '/home/tairanhe/workspace/foxy-unitree/unitree_ros2/cyclonedds_ws/install/unitree_go/share/unitree_go/hook/cmake_prefix_path.sh'
[10.403s] Level 1:colcon.colcon_core.environment:checking '/home/tairanhe/workspace/foxy-unitree/unitree_ros2/cyclonedds_ws/install/unitree_go/lib'
[10.403s] Level 1:colcon.colcon_core.shell:create_environment_hook('unitree_go', 'ld_library_path_lib')
[10.423s] INFO:colcon.colcon_core.shell:Creating environment hook '/home/tairanhe/workspace/foxy-unitree/unitree_ros2/cyclonedds_ws/install/unitree_go/share/unitree_go/hook/ld_library_path_lib.ps1'
[10.424s] INFO:colcon.colcon_core.shell:Creating environment descriptor '/home/tairanhe/workspace/foxy-unitree/unitree_ros2/cyclonedds_ws/install/unitree_go/share/unitree_go/hook/ld_library_path_lib.dsv'
[10.424s] INFO:colcon.colcon_core.shell:Creating environment hook '/home/tairanhe/workspace/foxy-unitree/unitree_ros2/cyclonedds_ws/install/unitree_go/share/unitree_go/hook/ld_library_path_lib.sh'
[10.424s] Level 1:colcon.colcon_core.environment:checking '/home/tairanhe/workspace/foxy-unitree/unitree_ros2/cyclonedds_ws/install/unitree_go/bin'
[10.424s] Level 1:colcon.colcon_core.environment:checking '/home/tairanhe/workspace/foxy-unitree/unitree_ros2/cyclonedds_ws/install/unitree_go/lib/pkgconfig/unitree_go.pc'
[10.424s] Level 1:colcon.colcon_core.environment:checking '/home/tairanhe/workspace/foxy-unitree/unitree_ros2/cyclonedds_ws/install/unitree_go/lib/python3.8/site-packages'
[10.424s] Level 1:colcon.colcon_core.shell:create_environment_hook('unitree_go', 'pythonpath')
[10.447s] INFO:colcon.colcon_core.shell:Creating environment hook '/home/tairanhe/workspace/foxy-unitree/unitree_ros2/cyclonedds_ws/install/unitree_go/share/unitree_go/hook/pythonpath.ps1'
[10.447s] INFO:colcon.colcon_core.shell:Creating environment descriptor '/home/tairanhe/workspace/foxy-unitree/unitree_ros2/cyclonedds_ws/install/unitree_go/share/unitree_go/hook/pythonpath.dsv'
[10.447s] INFO:colcon.colcon_core.shell:Creating environment hook '/home/tairanhe/workspace/foxy-unitree/unitree_ros2/cyclonedds_ws/install/unitree_go/share/unitree_go/hook/pythonpath.sh'
[10.448s] Level 1:colcon.colcon_core.environment:checking '/home/tairanhe/workspace/foxy-unitree/unitree_ros2/cyclonedds_ws/install/unitree_go/bin'
[10.468s] INFO:colcon.colcon_core.shell:Creating package script '/home/tairanhe/workspace/foxy-unitree/unitree_ros2/cyclonedds_ws/install/unitree_go/share/unitree_go/package.ps1'
[10.469s] INFO:colcon.colcon_core.shell:Creating package descriptor '/home/tairanhe/workspace/foxy-unitree/unitree_ros2/cyclonedds_ws/install/unitree_go/share/unitree_go/package.dsv'
[10.469s] INFO:colcon.colcon_core.shell:Creating package script '/home/tairanhe/workspace/foxy-unitree/unitree_ros2/cyclonedds_ws/install/unitree_go/share/unitree_go/package.sh'
[10.469s] INFO:colcon.colcon_core.shell:Creating package script '/home/tairanhe/workspace/foxy-unitree/unitree_ros2/cyclonedds_ws/install/unitree_go/share/unitree_go/package.bash'
[10.469s] INFO:colcon.colcon_core.shell:Creating package script '/home/tairanhe/workspace/foxy-unitree/unitree_ros2/cyclonedds_ws/install/unitree_go/share/unitree_go/package.zsh'
[10.469s] Level 1:colcon.colcon_core.environment:create_file_with_runtime_dependencies(/home/tairanhe/workspace/foxy-unitree/unitree_ros2/cyclonedds_ws/install/unitree_go/share/colcon-core/packages/unitree_go)
[10.648s] Level 1:colcon.colcon_core.environment:create_environment_scripts_only(unitree_go)
[10.677s] Level 1:colcon.colcon_core.environment:checking '/home/tairanhe/workspace/foxy-unitree/unitree_ros2/cyclonedds_ws/install/unitree_go' for CMake module files
[10.678s] Level 1:colcon.colcon_core.environment:checking '/home/tairanhe/workspace/foxy-unitree/unitree_ros2/cyclonedds_ws/install/unitree_go' for CMake config files
[10.678s] Level 1:colcon.colcon_core.shell:create_environment_hook('unitree_go', 'cmake_prefix_path')
[10.698s] INFO:colcon.colcon_core.shell:Creating environment hook '/home/tairanhe/workspace/foxy-unitree/unitree_ros2/cyclonedds_ws/install/unitree_go/share/unitree_go/hook/cmake_prefix_path.ps1'
[10.698s] INFO:colcon.colcon_core.shell:Creating environment descriptor '/home/tairanhe/workspace/foxy-unitree/unitree_ros2/cyclonedds_ws/install/unitree_go/share/unitree_go/hook/cmake_prefix_path.dsv'
[10.698s] INFO:colcon.colcon_core.shell:Creating environment hook '/home/tairanhe/workspace/foxy-unitree/unitree_ros2/cyclonedds_ws/install/unitree_go/share/unitree_go/hook/cmake_prefix_path.sh'
[10.699s] Level 1:colcon.colcon_core.environment:checking '/home/tairanhe/workspace/foxy-unitree/unitree_ros2/cyclonedds_ws/install/unitree_go/lib'
[10.699s] Level 1:colcon.colcon_core.shell:create_environment_hook('unitree_go', 'ld_library_path_lib')
[10.719s] INFO:colcon.colcon_core.shell:Creating environment hook '/home/tairanhe/workspace/foxy-unitree/unitree_ros2/cyclonedds_ws/install/unitree_go/share/unitree_go/hook/ld_library_path_lib.ps1'
[10.719s] INFO:colcon.colcon_core.shell:Creating environment descriptor '/home/tairanhe/workspace/foxy-unitree/unitree_ros2/cyclonedds_ws/install/unitree_go/share/unitree_go/hook/ld_library_path_lib.dsv'
[10.719s] INFO:colcon.colcon_core.shell:Creating environment hook '/home/tairanhe/workspace/foxy-unitree/unitree_ros2/cyclonedds_ws/install/unitree_go/share/unitree_go/hook/ld_library_path_lib.sh'
[10.720s] Level 1:colcon.colcon_core.environment:checking '/home/tairanhe/workspace/foxy-unitree/unitree_ros2/cyclonedds_ws/install/unitree_go/bin'
[10.720s] Level 1:colcon.colcon_core.environment:checking '/home/tairanhe/workspace/foxy-unitree/unitree_ros2/cyclonedds_ws/install/unitree_go/lib/pkgconfig/unitree_go.pc'
[10.720s] Level 1:colcon.colcon_core.environment:checking '/home/tairanhe/workspace/foxy-unitree/unitree_ros2/cyclonedds_ws/install/unitree_go/lib/python3.8/site-packages'
[10.720s] Level 1:colcon.colcon_core.shell:create_environment_hook('unitree_go', 'pythonpath')
[10.740s] INFO:colcon.colcon_core.shell:Creating environment hook '/home/tairanhe/workspace/foxy-unitree/unitree_ros2/cyclonedds_ws/install/unitree_go/share/unitree_go/hook/pythonpath.ps1'
[10.740s] INFO:colcon.colcon_core.shell:Creating environment descriptor '/home/tairanhe/workspace/foxy-unitree/unitree_ros2/cyclonedds_ws/install/unitree_go/share/unitree_go/hook/pythonpath.dsv'
[10.740s] INFO:colcon.colcon_core.shell:Creating environment hook '/home/tairanhe/workspace/foxy-unitree/unitree_ros2/cyclonedds_ws/install/unitree_go/share/unitree_go/hook/pythonpath.sh'
[10.741s] Level 1:colcon.colcon_core.environment:checking '/home/tairanhe/workspace/foxy-unitree/unitree_ros2/cyclonedds_ws/install/unitree_go/bin'
[10.761s] INFO:colcon.colcon_core.shell:Creating package script '/home/tairanhe/workspace/foxy-unitree/unitree_ros2/cyclonedds_ws/install/unitree_go/share/unitree_go/package.ps1'
[10.762s] INFO:colcon.colcon_core.shell:Creating package descriptor '/home/tairanhe/workspace/foxy-unitree/unitree_ros2/cyclonedds_ws/install/unitree_go/share/unitree_go/package.dsv'
[10.762s] INFO:colcon.colcon_core.shell:Creating package script '/home/tairanhe/workspace/foxy-unitree/unitree_ros2/cyclonedds_ws/install/unitree_go/share/unitree_go/package.sh'
[10.762s] INFO:colcon.colcon_core.shell:Creating package script '/home/tairanhe/workspace/foxy-unitree/unitree_ros2/cyclonedds_ws/install/unitree_go/share/unitree_go/package.bash'
[10.762s] INFO:colcon.colcon_core.shell:Creating package script '/home/tairanhe/workspace/foxy-unitree/unitree_ros2/cyclonedds_ws/install/unitree_go/share/unitree_go/package.zsh'
[10.763s] Level 1:colcon.colcon_core.environment:create_file_with_runtime_dependencies(/home/tairanhe/workspace/foxy-unitree/unitree_ros2/cyclonedds_ws/install/unitree_go/share/colcon-core/packages/unitree_go)
[10.763s] DEBUG:colcon.colcon_parallel_executor.executor.parallel:closing loop
[10.763s] DEBUG:colcon.colcon_parallel_executor.executor.parallel:loop closed
[10.763s] DEBUG:colcon.colcon_parallel_executor.executor.parallel:run_until_complete finished with '0'
[10.763s] DEBUG:colcon.colcon_core.event_reactor:joining thread
[10.788s] INFO:colcon.colcon_core.plugin_system:Skipping extension 'colcon_notification.desktop_notification.terminal_notifier': Not used on non-Darwin systems
[10.788s] INFO:colcon.colcon_core.plugin_system:Skipping extension 'colcon_notification.desktop_notification.win32': Not used on non-Windows systems
[10.788s] INFO:colcon.colcon_notification.desktop_notification:Sending desktop notification using 'notify2'
[10.798s] DEBUG:colcon.colcon_core.event_reactor:joined thread
[10.819s] INFO:colcon.colcon_core.shell:Creating prefix script '/home/tairanhe/workspace/foxy-unitree/unitree_ros2/cyclonedds_ws/install/local_setup.ps1'
[10.820s] INFO:colcon.colcon_core.shell:Creating prefix util module '/home/tairanhe/workspace/foxy-unitree/unitree_ros2/cyclonedds_ws/install/_local_setup_util_ps1.py'
[10.820s] INFO:colcon.colcon_core.shell:Creating prefix chain script '/home/tairanhe/workspace/foxy-unitree/unitree_ros2/cyclonedds_ws/install/setup.ps1'
[10.841s] INFO:colcon.colcon_core.shell:Creating prefix script '/home/tairanhe/workspace/foxy-unitree/unitree_ros2/cyclonedds_ws/install/local_setup.sh'
[10.842s] INFO:colcon.colcon_core.shell:Creating prefix util module '/home/tairanhe/workspace/foxy-unitree/unitree_ros2/cyclonedds_ws/install/_local_setup_util_sh.py'
[10.842s] INFO:colcon.colcon_core.shell:Creating prefix chain script '/home/tairanhe/workspace/foxy-unitree/unitree_ros2/cyclonedds_ws/install/setup.sh'
[10.863s] INFO:colcon.colcon_core.shell:Creating prefix script '/home/tairanhe/workspace/foxy-unitree/unitree_ros2/cyclonedds_ws/install/local_setup.bash'
[10.863s] INFO:colcon.colcon_core.shell:Creating prefix chain script '/home/tairanhe/workspace/foxy-unitree/unitree_ros2/cyclonedds_ws/install/setup.bash'
[10.884s] INFO:colcon.colcon_core.shell:Creating prefix script '/home/tairanhe/workspace/foxy-unitree/unitree_ros2/cyclonedds_ws/install/local_setup.zsh'
[10.884s] INFO:colcon.colcon_core.shell:Creating prefix chain script '/home/tairanhe/workspace/foxy-unitree/unitree_ros2/cyclonedds_ws/install/setup.zsh'
