[1.213s] DEBUG:colcon:Command line arguments: ['/usr/bin/colcon', 'build', '--symlink-install']
[1.213s] DEBUG:colcon:Parsed command line arguments: Namespace(allow_overriding=[], ament_cmake_args=None, base_paths=['.'], build_base='build', catkin_cmake_args=None, catkin_skip_building_tests=False, cmake_args=None, cmake_clean_cache=False, cmake_clean_first=False, cmake_force_configure=False, cmake_target=None, cmake_target_skip_unavailable=False, continue_on_error=False, event_handlers=None, executor='parallel', ignore_user_meta=False, install_base='install', log_base=None, log_level=None, main=<bound method BuildVerb.main of <colcon_core.verb.build.BuildVerb object at 0x7f9b1a2308b0>>, merge_install=False, metas=['./colcon.meta'], packages_above=None, packages_above_and_dependencies=None, packages_above_depth=None, packages_end=None, packages_ignore=None, packages_ignore_regex=None, packages_select=None, packages_select_build_failed=False, packages_select_by_dep=None, packages_select_regex=None, packages_select_test_failures=False, packages_skip=None, packages_skip_build_finished=False, packages_skip_by_dep=None, packages_skip_regex=None, packages_skip_test_passed=False, packages_skip_up_to=None, packages_start=None, packages_up_to=None, packages_up_to_regex=None, parallel_workers=32, paths=None, symlink_install=True, test_result_base=None, verb_extension=<colcon_core.verb.build.BuildVerb object at 0x7f9b1a2308b0>, verb_name='build', verb_parser=<colcon_defaults.argument_parser.defaults.DefaultArgumentsDecorator object at 0x7f9b1a220160>)
[1.265s] Level 1:colcon.colcon_core.package_discovery:discover_packages(colcon_meta) check parameters
[1.265s] Level 1:colcon.colcon_core.package_discovery:discover_packages(recursive) check parameters
[1.265s] Level 1:colcon.colcon_core.package_discovery:discover_packages(ignore) check parameters
[1.265s] Level 1:colcon.colcon_core.package_discovery:discover_packages(path) check parameters
[1.265s] Level 1:colcon.colcon_core.package_discovery:discover_packages(colcon_meta) discover
[1.265s] Level 1:colcon.colcon_core.package_discovery:discover_packages(recursive) discover
[1.266s] INFO:colcon.colcon_core.package_discovery:Crawling recursively for packages in '/home/tairanhe/workspace/foxy-unitree/unitree_ros2/h1_ws'
[1.266s] Level 1:colcon.colcon_core.package_identification:_identify(.) by extensions ['ignore', 'ignore_ament_install']
[1.266s] Level 1:colcon.colcon_core.package_identification:_identify(.) by extension 'ignore'
[1.266s] Level 1:colcon.colcon_core.package_identification:_identify(.) by extension 'ignore_ament_install'
[1.266s] Level 1:colcon.colcon_core.package_identification:_identify(.) by extensions ['colcon_pkg']
[1.266s] Level 1:colcon.colcon_core.package_identification:_identify(.) by extension 'colcon_pkg'
[1.266s] Level 1:colcon.colcon_core.package_identification:_identify(.) by extensions ['colcon_meta']
[1.266s] Level 1:colcon.colcon_core.package_identification:_identify(.) by extension 'colcon_meta'
[1.266s] Level 1:colcon.colcon_core.package_identification:_identify(.) by extensions ['ros']
[1.266s] Level 1:colcon.colcon_core.package_identification:_identify(.) by extension 'ros'
[1.273s] Level 1:colcon.colcon_core.package_identification:_identify(.) by extensions ['cmake', 'python']
[1.273s] Level 1:colcon.colcon_core.package_identification:_identify(.) by extension 'cmake'
[1.273s] Level 1:colcon.colcon_core.package_identification:_identify(.) by extension 'python'
[1.273s] Level 1:colcon.colcon_core.package_identification:_identify(.) by extensions ['python_setup_py']
[1.273s] Level 1:colcon.colcon_core.package_identification:_identify(.) by extension 'python_setup_py'
[1.273s] Level 1:colcon.colcon_core.package_identification:_identify(build) by extensions ['ignore', 'ignore_ament_install']
[1.273s] Level 1:colcon.colcon_core.package_identification:_identify(build) by extension 'ignore'
[1.273s] Level 1:colcon.colcon_core.package_identification:_identify(build) ignored
[1.273s] Level 1:colcon.colcon_core.package_identification:_identify(install) by extensions ['ignore', 'ignore_ament_install']
[1.273s] Level 1:colcon.colcon_core.package_identification:_identify(install) by extension 'ignore'
[1.273s] Level 1:colcon.colcon_core.package_identification:_identify(install) ignored
[1.273s] Level 1:colcon.colcon_core.package_identification:_identify(log) by extensions ['ignore', 'ignore_ament_install']
[1.273s] Level 1:colcon.colcon_core.package_identification:_identify(log) by extension 'ignore'
[1.273s] Level 1:colcon.colcon_core.package_identification:_identify(log) ignored
[1.273s] Level 1:colcon.colcon_core.package_identification:_identify(src) by extensions ['ignore', 'ignore_ament_install']
[1.273s] Level 1:colcon.colcon_core.package_identification:_identify(src) by extension 'ignore'
[1.273s] Level 1:colcon.colcon_core.package_identification:_identify(src) by extension 'ignore_ament_install'
[1.273s] Level 1:colcon.colcon_core.package_identification:_identify(src) by extensions ['colcon_pkg']
[1.273s] Level 1:colcon.colcon_core.package_identification:_identify(src) by extension 'colcon_pkg'
[1.273s] Level 1:colcon.colcon_core.package_identification:_identify(src) by extensions ['colcon_meta']
[1.274s] Level 1:colcon.colcon_core.package_identification:_identify(src) by extension 'colcon_meta'
[1.274s] Level 1:colcon.colcon_core.package_identification:_identify(src) by extensions ['ros']
[1.274s] Level 1:colcon.colcon_core.package_identification:_identify(src) by extension 'ros'
[1.274s] Level 1:colcon.colcon_core.package_identification:_identify(src) by extensions ['cmake', 'python']
[1.274s] Level 1:colcon.colcon_core.package_identification:_identify(src) by extension 'cmake'
[1.274s] Level 1:colcon.colcon_core.package_identification:_identify(src) by extension 'python'
[1.274s] Level 1:colcon.colcon_core.package_identification:_identify(src) by extensions ['python_setup_py']
[1.274s] Level 1:colcon.colcon_core.package_identification:_identify(src) by extension 'python_setup_py'
[1.274s] Level 1:colcon.colcon_core.package_identification:_identify(src/h1) by extensions ['ignore', 'ignore_ament_install']
[1.274s] Level 1:colcon.colcon_core.package_identification:_identify(src/h1) by extension 'ignore'
[1.274s] Level 1:colcon.colcon_core.package_identification:_identify(src/h1) by extension 'ignore_ament_install'
[1.274s] Level 1:colcon.colcon_core.package_identification:_identify(src/h1) by extensions ['colcon_pkg']
[1.274s] Level 1:colcon.colcon_core.package_identification:_identify(src/h1) by extension 'colcon_pkg'
[1.274s] Level 1:colcon.colcon_core.package_identification:_identify(src/h1) by extensions ['colcon_meta']
[1.274s] Level 1:colcon.colcon_core.package_identification:_identify(src/h1) by extension 'colcon_meta'
[1.274s] Level 1:colcon.colcon_core.package_identification:_identify(src/h1) by extensions ['ros']
[1.274s] Level 1:colcon.colcon_core.package_identification:_identify(src/h1) by extension 'ros'
[1.276s] DEBUG:colcon.colcon_core.package_identification:Package 'src/h1' with type 'ros.ament_python' and name 'h1'
[1.276s] Level 1:colcon.colcon_core.package_discovery:discover_packages(recursive) using defaults
[1.276s] Level 1:colcon.colcon_core.package_discovery:discover_packages(ignore) discover
[1.276s] Level 1:colcon.colcon_core.package_discovery:discover_packages(ignore) using defaults
[1.276s] Level 1:colcon.colcon_core.package_discovery:discover_packages(path) discover
[1.276s] Level 1:colcon.colcon_core.package_discovery:discover_packages(path) using defaults
[1.387s] Level 1:colcon.colcon_core.package_discovery:discover_packages(prefix_path) check parameters
[1.387s] Level 1:colcon.colcon_core.package_discovery:discover_packages(prefix_path) discover
[1.428s] DEBUG:colcon.colcon_installed_package_information.package_discovery:Found 1 installed packages in /home/tairanhe/workspace/foxy-unitree/unitree_ros2/h1_ws/install
[1.454s] DEBUG:colcon.colcon_installed_package_information.package_discovery:Found 4 installed packages in /home/tairanhe/workspace/foxy-unitree/unitree_ros2/cyclonedds_ws/install
[1.475s] DEBUG:colcon.colcon_installed_package_information.package_discovery:Found 258 installed packages in /opt/ros/foxy
[1.476s] Level 1:colcon.colcon_core.package_discovery:discover_packages(prefix_path) using defaults
[1.553s] Level 5:colcon.colcon_core.verb:set package 'h1' build argument 'cmake_args' from command line to 'None'
[1.553s] Level 5:colcon.colcon_core.verb:set package 'h1' build argument 'cmake_target' from command line to 'None'
[1.553s] Level 5:colcon.colcon_core.verb:set package 'h1' build argument 'cmake_target_skip_unavailable' from command line to 'False'
[1.554s] Level 5:colcon.colcon_core.verb:set package 'h1' build argument 'cmake_clean_cache' from command line to 'False'
[1.554s] Level 5:colcon.colcon_core.verb:set package 'h1' build argument 'cmake_clean_first' from command line to 'False'
[1.554s] Level 5:colcon.colcon_core.verb:set package 'h1' build argument 'cmake_force_configure' from command line to 'False'
[1.554s] Level 5:colcon.colcon_core.verb:set package 'h1' build argument 'ament_cmake_args' from command line to 'None'
[1.554s] Level 5:colcon.colcon_core.verb:set package 'h1' build argument 'catkin_cmake_args' from command line to 'None'
[1.554s] Level 5:colcon.colcon_core.verb:set package 'h1' build argument 'catkin_skip_building_tests' from command line to 'False'
[1.554s] DEBUG:colcon.colcon_core.verb:Building package 'h1' with the following arguments: {'ament_cmake_args': None, 'build_base': '/home/tairanhe/workspace/foxy-unitree/unitree_ros2/h1_ws/build/h1', 'catkin_cmake_args': None, 'catkin_skip_building_tests': False, 'cmake_args': None, 'cmake_clean_cache': False, 'cmake_clean_first': False, 'cmake_force_configure': False, 'cmake_target': None, 'cmake_target_skip_unavailable': False, 'install_base': '/home/tairanhe/workspace/foxy-unitree/unitree_ros2/h1_ws/install/h1', 'merge_install': False, 'path': '/home/tairanhe/workspace/foxy-unitree/unitree_ros2/h1_ws/src/h1', 'symlink_install': True, 'test_result_base': None}
[1.573s] INFO:colcon.colcon_core.executor:Executing jobs using 'parallel' executor
[1.594s] DEBUG:colcon.colcon_parallel_executor.executor.parallel:run_until_complete
[1.594s] INFO:colcon.colcon_ros.task.ament_python.build:Building ROS package in '/home/tairanhe/workspace/foxy-unitree/unitree_ros2/h1_ws/src/h1' with build type 'ament_python'
[1.594s] Level 1:colcon.colcon_core.shell:create_environment_hook('h1', 'ament_prefix_path')
[1.616s] INFO:colcon.colcon_core.plugin_system:Skipping extension 'colcon_core.shell.bat': Not used on non-Windows systems
[1.616s] INFO:colcon.colcon_core.shell:Creating environment hook '/home/tairanhe/workspace/foxy-unitree/unitree_ros2/h1_ws/install/h1/share/h1/hook/ament_prefix_path.ps1'
[1.616s] INFO:colcon.colcon_core.shell:Creating environment descriptor '/home/tairanhe/workspace/foxy-unitree/unitree_ros2/h1_ws/install/h1/share/h1/hook/ament_prefix_path.dsv'
[1.616s] INFO:colcon.colcon_core.shell:Creating environment hook '/home/tairanhe/workspace/foxy-unitree/unitree_ros2/h1_ws/install/h1/share/h1/hook/ament_prefix_path.sh'
[1.637s] INFO:colcon.colcon_core.shell:Skip shell extension 'powershell' for command environment: Not usable outside of PowerShell
[1.637s] DEBUG:colcon.colcon_core.shell:Skip shell extension 'dsv' for command environment
[1.850s] INFO:colcon.colcon_core.task.python.build:Building Python package in '/home/tairanhe/workspace/foxy-unitree/unitree_ros2/h1_ws/src/h1'
[1.871s] INFO:colcon.colcon_core.shell:Skip shell extension 'powershell' for command environment: Not usable outside of PowerShell
[1.871s] DEBUG:colcon.colcon_core.shell:Skip shell extension 'dsv' for command environment
[2.196s] DEBUG:colcon.colcon_core.event_handler.log_command:Invoking command in '/home/tairanhe/workspace/foxy-unitree/unitree_ros2/h1_ws/build/h1': CONDA_PROMPT_MODIFIER=(base) PYTHONPATH=/home/tairanhe/workspace/foxy-unitree/unitree_ros2/h1_ws/build/h1/prefix_override:/home/tairanhe/workspace/foxy-unitree/unitree_ros2/h1_ws/install/h1/lib/python3.8/site-packages:${PYTHONPATH} /usr/bin/python3 setup.py develop --editable --build-directory /home/tairanhe/workspace/foxy-unitree/unitree_ros2/h1_ws/build/h1/build --no-deps install_data
[2.452s] Level 1:colcon.colcon_core.shell:create_environment_hook('h1', 'pythonpath_develop')
[2.452s] DEBUG:colcon.colcon_core.event_handler.log_command:Invoked command in '/home/tairanhe/workspace/foxy-unitree/unitree_ros2/h1_ws/build/h1' returned '0': CONDA_PROMPT_MODIFIER=(base) PYTHONPATH=/home/tairanhe/workspace/foxy-unitree/unitree_ros2/h1_ws/build/h1/prefix_override:/home/tairanhe/workspace/foxy-unitree/unitree_ros2/h1_ws/install/h1/lib/python3.8/site-packages:${PYTHONPATH} /usr/bin/python3 setup.py develop --editable --build-directory /home/tairanhe/workspace/foxy-unitree/unitree_ros2/h1_ws/build/h1/build --no-deps install_data
[2.474s] INFO:colcon.colcon_core.shell:Creating environment hook '/home/tairanhe/workspace/foxy-unitree/unitree_ros2/h1_ws/build/h1/share/h1/hook/pythonpath_develop.ps1'
[2.474s] INFO:colcon.colcon_core.shell:Creating environment descriptor '/home/tairanhe/workspace/foxy-unitree/unitree_ros2/h1_ws/build/h1/share/h1/hook/pythonpath_develop.dsv'
[2.474s] INFO:colcon.colcon_core.shell:Creating environment hook '/home/tairanhe/workspace/foxy-unitree/unitree_ros2/h1_ws/build/h1/share/h1/hook/pythonpath_develop.sh'
[2.496s] Level 1:colcon.colcon_core.environment:checking '/home/tairanhe/workspace/foxy-unitree/unitree_ros2/h1_ws/install/h1' for CMake module files
[2.496s] Level 1:colcon.colcon_core.environment:checking '/home/tairanhe/workspace/foxy-unitree/unitree_ros2/h1_ws/install/h1' for CMake config files
[2.497s] Level 1:colcon.colcon_core.environment:checking '/home/tairanhe/workspace/foxy-unitree/unitree_ros2/h1_ws/install/h1/lib'
[2.497s] Level 1:colcon.colcon_core.environment:checking '/home/tairanhe/workspace/foxy-unitree/unitree_ros2/h1_ws/install/h1/bin'
[2.497s] Level 1:colcon.colcon_core.environment:checking '/home/tairanhe/workspace/foxy-unitree/unitree_ros2/h1_ws/install/h1/lib/pkgconfig/h1.pc'
[2.497s] Level 1:colcon.colcon_core.environment:checking '/home/tairanhe/workspace/foxy-unitree/unitree_ros2/h1_ws/install/h1/lib/python3.8/site-packages'
[2.497s] Level 1:colcon.colcon_core.shell:create_environment_hook('h1', 'pythonpath')
[2.518s] INFO:colcon.colcon_core.shell:Creating environment hook '/home/tairanhe/workspace/foxy-unitree/unitree_ros2/h1_ws/install/h1/share/h1/hook/pythonpath.ps1'
[2.518s] INFO:colcon.colcon_core.shell:Creating environment descriptor '/home/tairanhe/workspace/foxy-unitree/unitree_ros2/h1_ws/install/h1/share/h1/hook/pythonpath.dsv'
[2.518s] INFO:colcon.colcon_core.shell:Creating environment hook '/home/tairanhe/workspace/foxy-unitree/unitree_ros2/h1_ws/install/h1/share/h1/hook/pythonpath.sh'
[2.519s] Level 1:colcon.colcon_core.environment:checking '/home/tairanhe/workspace/foxy-unitree/unitree_ros2/h1_ws/install/h1/bin'
[2.519s] Level 1:colcon.colcon_core.environment:create_environment_scripts_only(h1)
[2.539s] INFO:colcon.colcon_core.shell:Creating package script '/home/tairanhe/workspace/foxy-unitree/unitree_ros2/h1_ws/install/h1/share/h1/package.ps1'
[2.540s] INFO:colcon.colcon_core.shell:Creating package descriptor '/home/tairanhe/workspace/foxy-unitree/unitree_ros2/h1_ws/install/h1/share/h1/package.dsv'
[2.540s] INFO:colcon.colcon_core.shell:Creating package script '/home/tairanhe/workspace/foxy-unitree/unitree_ros2/h1_ws/install/h1/share/h1/package.sh'
[2.541s] INFO:colcon.colcon_core.shell:Creating package script '/home/tairanhe/workspace/foxy-unitree/unitree_ros2/h1_ws/install/h1/share/h1/package.bash'
[2.541s] INFO:colcon.colcon_core.shell:Creating package script '/home/tairanhe/workspace/foxy-unitree/unitree_ros2/h1_ws/install/h1/share/h1/package.zsh'
[2.541s] Level 1:colcon.colcon_core.environment:create_file_with_runtime_dependencies(/home/tairanhe/workspace/foxy-unitree/unitree_ros2/h1_ws/install/h1/share/colcon-core/packages/h1)
[2.541s] DEBUG:colcon.colcon_parallel_executor.executor.parallel:closing loop
[2.542s] DEBUG:colcon.colcon_parallel_executor.executor.parallel:loop closed
[2.542s] DEBUG:colcon.colcon_parallel_executor.executor.parallel:run_until_complete finished with '0'
[2.542s] DEBUG:colcon.colcon_core.event_reactor:joining thread
[2.567s] INFO:colcon.colcon_core.plugin_system:Skipping extension 'colcon_notification.desktop_notification.terminal_notifier': Not used on non-Darwin systems
[2.567s] INFO:colcon.colcon_core.plugin_system:Skipping extension 'colcon_notification.desktop_notification.win32': Not used on non-Windows systems
[2.567s] INFO:colcon.colcon_notification.desktop_notification:Sending desktop notification using 'notify2'
[2.580s] DEBUG:colcon.colcon_core.event_reactor:joined thread
[2.605s] INFO:colcon.colcon_core.shell:Creating prefix script '/home/tairanhe/workspace/foxy-unitree/unitree_ros2/h1_ws/install/local_setup.ps1'
[2.606s] INFO:colcon.colcon_core.shell:Creating prefix util module '/home/tairanhe/workspace/foxy-unitree/unitree_ros2/h1_ws/install/_local_setup_util_ps1.py'
[2.606s] INFO:colcon.colcon_core.shell:Creating prefix chain script '/home/tairanhe/workspace/foxy-unitree/unitree_ros2/h1_ws/install/setup.ps1'
[2.627s] INFO:colcon.colcon_core.shell:Creating prefix script '/home/tairanhe/workspace/foxy-unitree/unitree_ros2/h1_ws/install/local_setup.sh'
[2.628s] INFO:colcon.colcon_core.shell:Creating prefix util module '/home/tairanhe/workspace/foxy-unitree/unitree_ros2/h1_ws/install/_local_setup_util_sh.py'
[2.628s] INFO:colcon.colcon_core.shell:Creating prefix chain script '/home/tairanhe/workspace/foxy-unitree/unitree_ros2/h1_ws/install/setup.sh'
[2.649s] INFO:colcon.colcon_core.shell:Creating prefix script '/home/tairanhe/workspace/foxy-unitree/unitree_ros2/h1_ws/install/local_setup.bash'
[2.649s] INFO:colcon.colcon_core.shell:Creating prefix chain script '/home/tairanhe/workspace/foxy-unitree/unitree_ros2/h1_ws/install/setup.bash'
[2.670s] INFO:colcon.colcon_core.shell:Creating prefix script '/home/tairanhe/workspace/foxy-unitree/unitree_ros2/h1_ws/install/local_setup.zsh'
[2.670s] INFO:colcon.colcon_core.shell:Creating prefix chain script '/home/tairanhe/workspace/foxy-unitree/unitree_ros2/h1_ws/install/setup.zsh'
