running develop
running egg_info
creating h1.egg-info
writing h1.egg-info/PKG-INFO
writing dependency_links to h1.egg-info/dependency_links.txt
writing entry points to h1.egg-info/entry_points.txt
writing requirements to h1.egg-info/requires.txt
writing top-level names to h1.egg-info/top_level.txt
writing manifest file 'h1.egg-info/SOURCES.txt'
reading manifest file 'h1.egg-info/SOURCES.txt'
writing manifest file 'h1.egg-info/SOURCES.txt'
running build_ext
Creating /home/tairanhe/workspace/foxy-unitree/unitree_ros2/h1_ws/install/h1/lib/python3.8/site-packages/site.py
Creating /home/tairanhe/workspace/foxy-unitree/unitree_ros2/h1_ws/install/h1/lib/python3.8/site-packages/h1.egg-link (link to .)
Installing h1_sub = h1.h1_sub:mainh1_fake_pub script to /home/tairanhe/workspace/foxy-unitree/unitree_ros2/h1_ws/install/h1/lib/h1

Installed /home/tairanhe/workspace/foxy-unitree/unitree_ros2/h1_ws/build/h1
running install_data
creating /home/tairanhe/workspace/foxy-unitree/unitree_ros2/h1_ws/install/h1/share/ament_index
creating /home/tairanhe/workspace/foxy-unitree/unitree_ros2/h1_ws/install/h1/share/ament_index/resource_index
creating /home/tairanhe/workspace/foxy-unitree/unitree_ros2/h1_ws/install/h1/share/ament_index/resource_index/packages
copying resource/h1 -> /home/tairanhe/workspace/foxy-unitree/unitree_ros2/h1_ws/install/h1/share/ament_index/resource_index/packages
copying package.xml -> /home/tairanhe/workspace/foxy-unitree/unitree_ros2/h1_ws/install/h1/share/h1
