[0.544s] Invoking command in '/home/tairanhe/workspace/foxy-unitree/unitree_ros2/h1_ws/build/h1': PYTHONPATH=/home/tairanhe/workspace/foxy-unitree/unitree_ros2/h1_ws/build/h1/prefix_override:/home/tairanhe/workspace/foxy-unitree/unitree_ros2/h1_ws/install/h1/lib/python3.8/site-packages:${PYTHONPATH} /usr/bin/python3 setup.py develop --editable --build-directory /home/tairanhe/workspace/foxy-unitree/unitree_ros2/h1_ws/build/h1/build --no-deps install_data
[0.674s] running develop
[0.744s] running egg_info
[0.744s] creating h1.egg-info
[0.744s] writing h1.egg-info/PKG-INFO
[0.744s] writing dependency_links to h1.egg-info/dependency_links.txt
[0.744s] writing entry points to h1.egg-info/entry_points.txt
[0.744s] writing requirements to h1.egg-info/requires.txt
[0.744s] writing top-level names to h1.egg-info/top_level.txt
[0.745s] writing manifest file 'h1.egg-info/SOURCES.txt'
[0.763s] reading manifest file 'h1.egg-info/SOURCES.txt'
[0.763s] writing manifest file 'h1.egg-info/SOURCES.txt'
[0.782s] running build_ext
[0.782s] Creating /home/tairanhe/workspace/foxy-unitree/unitree_ros2/h1_ws/install/h1/lib/python3.8/site-packages/site.py
[0.784s] Creating /home/tairanhe/workspace/foxy-unitree/unitree_ros2/h1_ws/install/h1/lib/python3.8/site-packages/h1.egg-link (link to .)
[0.784s] Installing h1_sub = h1.h1_sub:mainh1_fake_pub script to /home/tairanhe/workspace/foxy-unitree/unitree_ros2/h1_ws/install/h1/lib/h1
[0.784s] 
[0.784s] Installed /home/tairanhe/workspace/foxy-unitree/unitree_ros2/h1_ws/build/h1
[0.784s] running install_data
[0.784s] creating /home/tairanhe/workspace/foxy-unitree/unitree_ros2/h1_ws/install/h1/share/ament_index
[0.784s] creating /home/tairanhe/workspace/foxy-unitree/unitree_ros2/h1_ws/install/h1/share/ament_index/resource_index
[0.784s] creating /home/tairanhe/workspace/foxy-unitree/unitree_ros2/h1_ws/install/h1/share/ament_index/resource_index/packages
[0.784s] copying resource/h1 -> /home/tairanhe/workspace/foxy-unitree/unitree_ros2/h1_ws/install/h1/share/ament_index/resource_index/packages
[0.784s] copying package.xml -> /home/tairanhe/workspace/foxy-unitree/unitree_ros2/h1_ws/install/h1/share/h1
[0.798s] Invoked command in '/home/tairanhe/workspace/foxy-unitree/unitree_ros2/h1_ws/build/h1' returned '0': PYTHONPATH=/home/tairanhe/workspace/foxy-unitree/unitree_ros2/h1_ws/build/h1/prefix_override:/home/tairanhe/workspace/foxy-unitree/unitree_ros2/h1_ws/install/h1/lib/python3.8/site-packages:${PYTHONPATH} /usr/bin/python3 setup.py develop --editable --build-directory /home/tairanhe/workspace/foxy-unitree/unitree_ros2/h1_ws/build/h1/build --no-deps install_data
