[0.081s] Invoking command in '/home/tairanhe/workspace/foxy-unitree/unitree_ros2/cyclonedds_ws/build/rmw_cyclonedds_cpp': CMAKE_PREFIX_PATH=/home/tairanhe/workspace/foxy-unitree/unitree_ros2/cyclonedds_ws/install/cyclonedds:/opt/ros/foxy LD_LIBRARY_PATH=/home/tairanhe/workspace/foxy-unitree/unitree_ros2/cyclonedds_ws/install/cyclonedds/lib:${LD_LIBRARY_PATH} PATH=/home/tairanhe/workspace/foxy-unitree/unitree_ros2/cyclonedds_ws/install/cyclonedds/bin:${PATH} PKG_CONFIG_PATH=/home/tairanhe/workspace/foxy-unitree/unitree_ros2/cyclonedds_ws/install/cyclonedds/lib/x86_64-linux-gnu/pkgconfig:/home/tairanhe/workspace/foxy-unitree/unitree_ros2/cyclonedds_ws/install/cyclonedds/lib/pkgconfig /usr/bin/cmake /home/tairanhe/workspace/foxy-unitree/unitree_ros2/cyclonedds_ws/src/rmw_cyclonedds/rmw_cyclonedds_cpp -DCMAKE_INSTALL_PREFIX=/home/tairanhe/workspace/foxy-unitree/unitree_ros2/cyclonedds_ws/install/rmw_cyclonedds_cpp
[0.113s] -- The C compiler identification is GNU 9.4.0
[0.147s] -- The CXX compiler identification is GNU 9.4.0
[0.150s] -- Check for working C compiler: /usr/bin/cc
[0.193s] -- Check for working C compiler: /usr/bin/cc -- works
[0.194s] -- Detecting C compiler ABI info
[0.237s] -- Detecting C compiler ABI info - done
[0.244s] -- Detecting C compile features
[0.244s] -- Detecting C compile features - done
[0.246s] -- Check for working CXX compiler: /usr/bin/c++
[0.296s] -- Check for working CXX compiler: /usr/bin/c++ -- works
[0.297s] -- Detecting CXX compiler ABI info
[0.347s] -- Detecting CXX compiler ABI info - done
[0.355s] -- Detecting CXX compile features
[0.355s] -- Detecting CXX compile features - done
[0.356s] -- Found ament_cmake_ros: 0.9.2 (/opt/ros/foxy/share/ament_cmake_ros/cmake)
[0.376s] -- Found PythonInterp: /usr/bin/python3 (found suitable version "3.8.10", minimum required is "3") 
[0.376s] -- Using PYTHON_EXECUTABLE: /usr/bin/python3
[0.490s] -- Found rcutils: 1.1.5 (/opt/ros/foxy/share/rcutils/cmake)
[0.498s] -- Found rcpputils: 1.3.2 (/opt/ros/foxy/share/rcpputils/cmake)
[0.501s] -- Found rmw: 1.0.4 (/opt/ros/foxy/share/rmw/cmake)
[0.508s] -- Found rmw_dds_common: 1.0.3 (/opt/ros/foxy/share/rmw_dds_common/cmake)
[0.513s] -- Using all available rosidl_typesupport_c: rosidl_typesupport_fastrtps_c;rosidl_typesupport_introspection_c
[0.517s] -- Found rosidl_adapter: 1.3.1 (/opt/ros/foxy/share/rosidl_adapter/cmake)
[0.564s] -- Found OpenSSL: /usr/lib/x86_64-linux-gnu/libcrypto.so (found version "1.1.1f")  
[0.584s] -- Found FastRTPS: /opt/ros/foxy/include  
[0.629s] -- Using all available rosidl_typesupport_cpp: rosidl_typesupport_fastrtps_cpp;rosidl_typesupport_introspection_cpp
[0.650s] -- Found ament_lint_auto: 0.9.8 (/opt/ros/foxy/share/ament_lint_auto/cmake)
[0.697s] -- Added test 'copyright' to check source files copyright and LICENSE
[0.698s] -- Added test 'cppcheck' to perform static code analysis on C / C++ code
[0.698s] -- Configured cppcheck include dirs: $<BUILD_INTERFACE:/home/tairanhe/workspace/foxy-unitree/unitree_ros2/cyclonedds_ws/src/rmw_cyclonedds/rmw_cyclonedds_cpp/include>
[0.698s] -- Configured cppcheck exclude dirs and/or files: 
[0.699s] -- Added test 'cpplint' to check C / C++ code against the Google style
[0.699s] -- Configured cpplint exclude dirs and/or files: 
[0.699s] -- Added test 'lint_cmake' to check CMake code style
[0.700s] -- Added test 'uncrustify' to check C / C++ code style
[0.700s] -- Configured uncrustify additional arguments: 
[0.701s] -- Added test 'xmllint' to check XML markup files
[0.703s] -- Configuring done
[0.706s] -- Generating done
[0.707s] -- Build files have been written to: /home/tairanhe/workspace/foxy-unitree/unitree_ros2/cyclonedds_ws/build/rmw_cyclonedds_cpp
[0.713s] Invoked command in '/home/tairanhe/workspace/foxy-unitree/unitree_ros2/cyclonedds_ws/build/rmw_cyclonedds_cpp' returned '0': CMAKE_PREFIX_PATH=/home/tairanhe/workspace/foxy-unitree/unitree_ros2/cyclonedds_ws/install/cyclonedds:/opt/ros/foxy LD_LIBRARY_PATH=/home/tairanhe/workspace/foxy-unitree/unitree_ros2/cyclonedds_ws/install/cyclonedds/lib:${LD_LIBRARY_PATH} PATH=/home/tairanhe/workspace/foxy-unitree/unitree_ros2/cyclonedds_ws/install/cyclonedds/bin:${PATH} PKG_CONFIG_PATH=/home/tairanhe/workspace/foxy-unitree/unitree_ros2/cyclonedds_ws/install/cyclonedds/lib/x86_64-linux-gnu/pkgconfig:/home/tairanhe/workspace/foxy-unitree/unitree_ros2/cyclonedds_ws/install/cyclonedds/lib/pkgconfig /usr/bin/cmake /home/tairanhe/workspace/foxy-unitree/unitree_ros2/cyclonedds_ws/src/rmw_cyclonedds/rmw_cyclonedds_cpp -DCMAKE_INSTALL_PREFIX=/home/tairanhe/workspace/foxy-unitree/unitree_ros2/cyclonedds_ws/install/rmw_cyclonedds_cpp
[0.714s] Invoking command in '/home/tairanhe/workspace/foxy-unitree/unitree_ros2/cyclonedds_ws/build/rmw_cyclonedds_cpp': CMAKE_PREFIX_PATH=/home/tairanhe/workspace/foxy-unitree/unitree_ros2/cyclonedds_ws/install/cyclonedds:/opt/ros/foxy LD_LIBRARY_PATH=/home/tairanhe/workspace/foxy-unitree/unitree_ros2/cyclonedds_ws/install/cyclonedds/lib:${LD_LIBRARY_PATH} PATH=/home/tairanhe/workspace/foxy-unitree/unitree_ros2/cyclonedds_ws/install/cyclonedds/bin:${PATH} PKG_CONFIG_PATH=/home/tairanhe/workspace/foxy-unitree/unitree_ros2/cyclonedds_ws/install/cyclonedds/lib/x86_64-linux-gnu/pkgconfig:/home/tairanhe/workspace/foxy-unitree/unitree_ros2/cyclonedds_ws/install/cyclonedds/lib/pkgconfig /usr/bin/cmake --build /home/tairanhe/workspace/foxy-unitree/unitree_ros2/cyclonedds_ws/build/rmw_cyclonedds_cpp -- -j32 -l32
[0.737s] [35m[1mScanning dependencies of target rmw_cyclonedds_cpp[0m
[0.765s] [ 10%] [32mBuilding CXX object CMakeFiles/rmw_cyclonedds_cpp.dir/src/rmw_node.cpp.o[0m
[0.766s] [ 20%] [32mBuilding CXX object CMakeFiles/rmw_cyclonedds_cpp.dir/src/serdata.cpp.o[0m
[0.766s] [ 30%] [32mBuilding CXX object CMakeFiles/rmw_cyclonedds_cpp.dir/src/serdes.cpp.o[0m
[0.766s] [ 40%] [32mBuilding CXX object CMakeFiles/rmw_cyclonedds_cpp.dir/src/u16string.cpp.o[0m
[0.767s] [ 50%] [32mBuilding CXX object CMakeFiles/rmw_cyclonedds_cpp.dir/src/Serialization.cpp.o[0m
[0.768s] [ 60%] [32mBuilding CXX object CMakeFiles/rmw_cyclonedds_cpp.dir/src/TypeSupport2.cpp.o[0m
[0.769s] [ 80%] [32mBuilding CXX object CMakeFiles/rmw_cyclonedds_cpp.dir/src/deserialization_exception.cpp.o[0m
[0.769s] [ 80%] [32mBuilding CXX object CMakeFiles/rmw_cyclonedds_cpp.dir/src/exception.cpp.o[0m
[0.770s] [ 90%] [32mBuilding CXX object CMakeFiles/rmw_cyclonedds_cpp.dir/src/demangle.cpp.o[0m
[5.489s] [100%] [32m[1mLinking CXX shared library librmw_cyclonedds_cpp.so[0m
[5.757s] [100%] Built target rmw_cyclonedds_cpp
[5.769s] Invoked command in '/home/tairanhe/workspace/foxy-unitree/unitree_ros2/cyclonedds_ws/build/rmw_cyclonedds_cpp' returned '0': CMAKE_PREFIX_PATH=/home/tairanhe/workspace/foxy-unitree/unitree_ros2/cyclonedds_ws/install/cyclonedds:/opt/ros/foxy LD_LIBRARY_PATH=/home/tairanhe/workspace/foxy-unitree/unitree_ros2/cyclonedds_ws/install/cyclonedds/lib:${LD_LIBRARY_PATH} PATH=/home/tairanhe/workspace/foxy-unitree/unitree_ros2/cyclonedds_ws/install/cyclonedds/bin:${PATH} PKG_CONFIG_PATH=/home/tairanhe/workspace/foxy-unitree/unitree_ros2/cyclonedds_ws/install/cyclonedds/lib/x86_64-linux-gnu/pkgconfig:/home/tairanhe/workspace/foxy-unitree/unitree_ros2/cyclonedds_ws/install/cyclonedds/lib/pkgconfig /usr/bin/cmake --build /home/tairanhe/workspace/foxy-unitree/unitree_ros2/cyclonedds_ws/build/rmw_cyclonedds_cpp -- -j32 -l32
[5.796s] Invoking command in '/home/tairanhe/workspace/foxy-unitree/unitree_ros2/cyclonedds_ws/build/rmw_cyclonedds_cpp': CMAKE_PREFIX_PATH=/home/tairanhe/workspace/foxy-unitree/unitree_ros2/cyclonedds_ws/install/cyclonedds:/opt/ros/foxy LD_LIBRARY_PATH=/home/tairanhe/workspace/foxy-unitree/unitree_ros2/cyclonedds_ws/install/cyclonedds/lib:${LD_LIBRARY_PATH} PATH=/home/tairanhe/workspace/foxy-unitree/unitree_ros2/cyclonedds_ws/install/cyclonedds/bin:${PATH} PKG_CONFIG_PATH=/home/tairanhe/workspace/foxy-unitree/unitree_ros2/cyclonedds_ws/install/cyclonedds/lib/x86_64-linux-gnu/pkgconfig:/home/tairanhe/workspace/foxy-unitree/unitree_ros2/cyclonedds_ws/install/cyclonedds/lib/pkgconfig /usr/bin/cmake --install /home/tairanhe/workspace/foxy-unitree/unitree_ros2/cyclonedds_ws/build/rmw_cyclonedds_cpp
[5.801s] -- Install configuration: ""
[5.802s] -- Installing: /home/tairanhe/workspace/foxy-unitree/unitree_ros2/cyclonedds_ws/install/rmw_cyclonedds_cpp/share/rmw_cyclonedds_cpp/environment/library_path.sh
[5.802s] -- Installing: /home/tairanhe/workspace/foxy-unitree/unitree_ros2/cyclonedds_ws/install/rmw_cyclonedds_cpp/share/rmw_cyclonedds_cpp/environment/library_path.dsv
[5.802s] -- Installing: /home/tairanhe/workspace/foxy-unitree/unitree_ros2/cyclonedds_ws/install/rmw_cyclonedds_cpp/share/ament_index/resource_index/rmw_typesupport_c/rmw_cyclonedds_cpp
[5.802s] -- Installing: /home/tairanhe/workspace/foxy-unitree/unitree_ros2/cyclonedds_ws/install/rmw_cyclonedds_cpp/share/ament_index/resource_index/rmw_typesupport_cpp/rmw_cyclonedds_cpp
[5.802s] -- Installing: /home/tairanhe/workspace/foxy-unitree/unitree_ros2/cyclonedds_ws/install/rmw_cyclonedds_cpp/share/ament_index/resource_index/rmw_typesupport/rmw_cyclonedds_cpp
[5.802s] -- Installing: /home/tairanhe/workspace/foxy-unitree/unitree_ros2/cyclonedds_ws/install/rmw_cyclonedds_cpp/share/ament_index/resource_index/package_run_dependencies/rmw_cyclonedds_cpp
[5.802s] -- Installing: /home/tairanhe/workspace/foxy-unitree/unitree_ros2/cyclonedds_ws/install/rmw_cyclonedds_cpp/share/ament_index/resource_index/parent_prefix_path/rmw_cyclonedds_cpp
[5.802s] -- Installing: /home/tairanhe/workspace/foxy-unitree/unitree_ros2/cyclonedds_ws/install/rmw_cyclonedds_cpp/share/rmw_cyclonedds_cpp/environment/ament_prefix_path.sh
[5.803s] -- Installing: /home/tairanhe/workspace/foxy-unitree/unitree_ros2/cyclonedds_ws/install/rmw_cyclonedds_cpp/share/rmw_cyclonedds_cpp/environment/ament_prefix_path.dsv
[5.803s] -- Installing: /home/tairanhe/workspace/foxy-unitree/unitree_ros2/cyclonedds_ws/install/rmw_cyclonedds_cpp/share/rmw_cyclonedds_cpp/environment/path.sh
[5.803s] -- Installing: /home/tairanhe/workspace/foxy-unitree/unitree_ros2/cyclonedds_ws/install/rmw_cyclonedds_cpp/share/rmw_cyclonedds_cpp/environment/path.dsv
[5.803s] -- Installing: /home/tairanhe/workspace/foxy-unitree/unitree_ros2/cyclonedds_ws/install/rmw_cyclonedds_cpp/share/rmw_cyclonedds_cpp/local_setup.bash
[5.803s] -- Installing: /home/tairanhe/workspace/foxy-unitree/unitree_ros2/cyclonedds_ws/install/rmw_cyclonedds_cpp/share/rmw_cyclonedds_cpp/local_setup.sh
[5.803s] -- Installing: /home/tairanhe/workspace/foxy-unitree/unitree_ros2/cyclonedds_ws/install/rmw_cyclonedds_cpp/share/rmw_cyclonedds_cpp/local_setup.zsh
[5.803s] -- Installing: /home/tairanhe/workspace/foxy-unitree/unitree_ros2/cyclonedds_ws/install/rmw_cyclonedds_cpp/share/rmw_cyclonedds_cpp/local_setup.dsv
[5.803s] -- Installing: /home/tairanhe/workspace/foxy-unitree/unitree_ros2/cyclonedds_ws/install/rmw_cyclonedds_cpp/share/rmw_cyclonedds_cpp/package.dsv
[5.803s] -- Installing: /home/tairanhe/workspace/foxy-unitree/unitree_ros2/cyclonedds_ws/install/rmw_cyclonedds_cpp/share/ament_index/resource_index/packages/rmw_cyclonedds_cpp
[5.803s] -- Installing: /home/tairanhe/workspace/foxy-unitree/unitree_ros2/cyclonedds_ws/install/rmw_cyclonedds_cpp/share/rmw_cyclonedds_cpp/cmake/ament_cmake_export_dependencies-extras.cmake
[5.803s] -- Installing: /home/tairanhe/workspace/foxy-unitree/unitree_ros2/cyclonedds_ws/install/rmw_cyclonedds_cpp/share/rmw_cyclonedds_cpp/cmake/ament_cmake_export_include_directories-extras.cmake
[5.803s] -- Installing: /home/tairanhe/workspace/foxy-unitree/unitree_ros2/cyclonedds_ws/install/rmw_cyclonedds_cpp/share/rmw_cyclonedds_cpp/cmake/ament_cmake_export_libraries-extras.cmake
[5.803s] -- Installing: /home/tairanhe/workspace/foxy-unitree/unitree_ros2/cyclonedds_ws/install/rmw_cyclonedds_cpp/share/rmw_cyclonedds_cpp/cmake/rmw_cyclonedds_cppConfig.cmake
[5.803s] -- Installing: /home/tairanhe/workspace/foxy-unitree/unitree_ros2/cyclonedds_ws/install/rmw_cyclonedds_cpp/share/rmw_cyclonedds_cpp/cmake/rmw_cyclonedds_cppConfig-version.cmake
[5.804s] -- Installing: /home/tairanhe/workspace/foxy-unitree/unitree_ros2/cyclonedds_ws/install/rmw_cyclonedds_cpp/share/rmw_cyclonedds_cpp/package.xml
[5.804s] -- Installing: /home/tairanhe/workspace/foxy-unitree/unitree_ros2/cyclonedds_ws/install/rmw_cyclonedds_cpp/include
[5.804s] -- Installing: /home/tairanhe/workspace/foxy-unitree/unitree_ros2/cyclonedds_ws/install/rmw_cyclonedds_cpp/include/rmw_cyclonedds_cpp
[5.804s] -- Installing: /home/tairanhe/workspace/foxy-unitree/unitree_ros2/cyclonedds_ws/install/rmw_cyclonedds_cpp/include/rmw_cyclonedds_cpp/MessageTypeSupport_impl.hpp
[5.804s] -- Installing: /home/tairanhe/workspace/foxy-unitree/unitree_ros2/cyclonedds_ws/install/rmw_cyclonedds_cpp/include/rmw_cyclonedds_cpp/visibility_control.h
[5.804s] -- Installing: /home/tairanhe/workspace/foxy-unitree/unitree_ros2/cyclonedds_ws/install/rmw_cyclonedds_cpp/include/rmw_cyclonedds_cpp/u16string.hpp
[5.804s] -- Installing: /home/tairanhe/workspace/foxy-unitree/unitree_ros2/cyclonedds_ws/install/rmw_cyclonedds_cpp/include/rmw_cyclonedds_cpp/TypeSupport.hpp
[5.804s] -- Installing: /home/tairanhe/workspace/foxy-unitree/unitree_ros2/cyclonedds_ws/install/rmw_cyclonedds_cpp/include/rmw_cyclonedds_cpp/rmw_version_test.hpp
[5.804s] -- Installing: /home/tairanhe/workspace/foxy-unitree/unitree_ros2/cyclonedds_ws/install/rmw_cyclonedds_cpp/include/rmw_cyclonedds_cpp/deserialization_exception.hpp
[5.804s] -- Installing: /home/tairanhe/workspace/foxy-unitree/unitree_ros2/cyclonedds_ws/install/rmw_cyclonedds_cpp/include/rmw_cyclonedds_cpp/ServiceTypeSupport.hpp
[5.804s] -- Installing: /home/tairanhe/workspace/foxy-unitree/unitree_ros2/cyclonedds_ws/install/rmw_cyclonedds_cpp/include/rmw_cyclonedds_cpp/macros.hpp
[5.804s] -- Installing: /home/tairanhe/workspace/foxy-unitree/unitree_ros2/cyclonedds_ws/install/rmw_cyclonedds_cpp/include/rmw_cyclonedds_cpp/ServiceTypeSupport_impl.hpp
[5.804s] -- Installing: /home/tairanhe/workspace/foxy-unitree/unitree_ros2/cyclonedds_ws/install/rmw_cyclonedds_cpp/include/rmw_cyclonedds_cpp/serdes.hpp
[5.804s] -- Installing: /home/tairanhe/workspace/foxy-unitree/unitree_ros2/cyclonedds_ws/install/rmw_cyclonedds_cpp/include/rmw_cyclonedds_cpp/exception.hpp
[5.804s] -- Installing: /home/tairanhe/workspace/foxy-unitree/unitree_ros2/cyclonedds_ws/install/rmw_cyclonedds_cpp/include/rmw_cyclonedds_cpp/TypeSupport_impl.hpp
[5.804s] -- Installing: /home/tairanhe/workspace/foxy-unitree/unitree_ros2/cyclonedds_ws/install/rmw_cyclonedds_cpp/include/rmw_cyclonedds_cpp/MessageTypeSupport.hpp
[5.804s] -- Installing: /home/tairanhe/workspace/foxy-unitree/unitree_ros2/cyclonedds_ws/install/rmw_cyclonedds_cpp/lib/librmw_cyclonedds_cpp.so
[5.806s] -- Set runtime path of "/home/tairanhe/workspace/foxy-unitree/unitree_ros2/cyclonedds_ws/install/rmw_cyclonedds_cpp/lib/librmw_cyclonedds_cpp.so" to ""
[5.806s] -- Installing: /home/tairanhe/workspace/foxy-unitree/unitree_ros2/cyclonedds_ws/install/rmw_cyclonedds_cpp/share/ament_index/resource_index/rmw_output_patterns/rmw_cyclonedds_cpp
[5.807s] Invoked command in '/home/tairanhe/workspace/foxy-unitree/unitree_ros2/cyclonedds_ws/build/rmw_cyclonedds_cpp' returned '0': CMAKE_PREFIX_PATH=/home/tairanhe/workspace/foxy-unitree/unitree_ros2/cyclonedds_ws/install/cyclonedds:/opt/ros/foxy LD_LIBRARY_PATH=/home/tairanhe/workspace/foxy-unitree/unitree_ros2/cyclonedds_ws/install/cyclonedds/lib:${LD_LIBRARY_PATH} PATH=/home/tairanhe/workspace/foxy-unitree/unitree_ros2/cyclonedds_ws/install/cyclonedds/bin:${PATH} PKG_CONFIG_PATH=/home/tairanhe/workspace/foxy-unitree/unitree_ros2/cyclonedds_ws/install/cyclonedds/lib/x86_64-linux-gnu/pkgconfig:/home/tairanhe/workspace/foxy-unitree/unitree_ros2/cyclonedds_ws/install/cyclonedds/lib/pkgconfig /usr/bin/cmake --install /home/tairanhe/workspace/foxy-unitree/unitree_ros2/cyclonedds_ws/build/rmw_cyclonedds_cpp
