[0.135s] Invoking command in '/home/tairanhe/workspace/foxy-unitree/unitree_ros2/cyclonedds_ws/build/unitree_api': CMAKE_PREFIX_PATH=/opt/ros/foxy /usr/bin/cmake /home/tairanhe/workspace/foxy-unitree/unitree_ros2/cyclonedds_ws/src/unitree/unitree_api -DCMAKE_INSTALL_PREFIX=/home/tairanhe/workspace/foxy-unitree/unitree_ros2/cyclonedds_ws/install/unitree_api
[0.170s] -- The C compiler identification is GNU 9.4.0
[0.234s] -- The CXX compiler identification is GNU 9.4.0
[0.239s] -- Check for working C compiler: /usr/bin/cc
[0.279s] -- Check for working C compiler: /usr/bin/cc -- works
[0.280s] -- Detecting C compiler ABI info
[0.325s] -- Detecting C compiler ABI info - done
[0.332s] -- Detecting C compile features
[0.332s] -- Detecting C compile features - done
[0.334s] -- Check for working CXX compiler: /usr/bin/c++
[0.383s] -- Check for working CXX compiler: /usr/bin/c++ -- works
[0.383s] -- Detecting CXX compiler ABI info
[0.430s] -- Detecting CXX compiler ABI info - done
[0.439s] -- Detecting CXX compile features
[0.439s] -- Detecting CXX compile features - done
[0.439s] -- Found ament_cmake: 0.9.12 (/opt/ros/foxy/share/ament_cmake/cmake)
[0.455s] -- Found PythonInterp: /usr/bin/python3 (found suitable version "3.8.10", minimum required is "3") 
[0.455s] -- Using PYTHON_EXECUTABLE: /usr/bin/python3
[0.568s] -- Found geometry_msgs: 2.0.5 (/opt/ros/foxy/share/geometry_msgs/cmake)
[0.588s] -- Using all available rosidl_typesupport_c: rosidl_typesupport_fastrtps_c;rosidl_typesupport_introspection_c
[0.590s] -- Found rosidl_adapter: 1.3.1 (/opt/ros/foxy/share/rosidl_adapter/cmake)
[0.638s] -- Found OpenSSL: /usr/lib/x86_64-linux-gnu/libcrypto.so (found version "1.1.1f")  
[0.658s] -- Found FastRTPS: /opt/ros/foxy/include  
[0.709s] -- Using all available rosidl_typesupport_cpp: rosidl_typesupport_fastrtps_cpp;rosidl_typesupport_introspection_cpp
[0.764s] -- Found rosidl_default_generators: 1.0.1 (/opt/ros/foxy/share/rosidl_default_generators/cmake)
[0.771s] -- Found rosidl_generator_dds_idl: 0.7.1 (/opt/ros/foxy/share/rosidl_generator_dds_idl/cmake)
[0.787s] -- Found PythonInterp: /usr/bin/python3 (found version "3.8.10") 
[0.909s] -- Found ament_cmake_ros: 0.9.2 (/opt/ros/foxy/share/ament_cmake_ros/cmake)
[1.060s] -- Using all available rosidl_typesupport_c: rosidl_typesupport_fastrtps_c;rosidl_typesupport_introspection_c
[1.127s] -- Using all available rosidl_typesupport_cpp: rosidl_typesupport_fastrtps_cpp;rosidl_typesupport_introspection_cpp
[1.144s] -- Found PythonInterp: /usr/bin/python3 (found suitable version "3.8.10", minimum required is "3.5") 
[1.145s] -- Found python_cmake_module: 0.8.1 (/opt/ros/foxy/share/python_cmake_module/cmake)
[1.163s] -- Found PythonLibs: /usr/lib/x86_64-linux-gnu/libpython3.8.so (found suitable version "3.8.10", minimum required is "3.5") 
[1.163s] -- Using PYTHON_EXECUTABLE: /usr/bin/python3
[1.163s] -- Using PYTHON_INCLUDE_DIRS: /usr/include/python3.8
[1.163s] -- Using PYTHON_LIBRARIES: /usr/lib/x86_64-linux-gnu/libpython3.8.so
[1.176s] -- Found PythonExtra: .so  
[1.245s] -- Found ament_lint_auto: 0.9.8 (/opt/ros/foxy/share/ament_lint_auto/cmake)
[1.256s] -- Added test 'copyright' to check source files copyright and LICENSE
[1.257s] -- Added test 'lint_cmake' to check CMake code style
[1.257s] -- Added test 'xmllint' to check XML markup files
[1.260s] -- Configuring done
[1.327s] -- Generating done
[1.331s] -- Build files have been written to: /home/tairanhe/workspace/foxy-unitree/unitree_ros2/cyclonedds_ws/build/unitree_api
[1.343s] Invoked command in '/home/tairanhe/workspace/foxy-unitree/unitree_ros2/cyclonedds_ws/build/unitree_api' returned '0': CMAKE_PREFIX_PATH=/opt/ros/foxy /usr/bin/cmake /home/tairanhe/workspace/foxy-unitree/unitree_ros2/cyclonedds_ws/src/unitree/unitree_api -DCMAKE_INSTALL_PREFIX=/home/tairanhe/workspace/foxy-unitree/unitree_ros2/cyclonedds_ws/install/unitree_api
[1.347s] Invoking command in '/home/tairanhe/workspace/foxy-unitree/unitree_ros2/cyclonedds_ws/build/unitree_api': CMAKE_PREFIX_PATH=/opt/ros/foxy /usr/bin/cmake --build /home/tairanhe/workspace/foxy-unitree/unitree_ros2/cyclonedds_ws/build/unitree_api -- -j32 -l32
[1.379s] [35m[1mScanning dependencies of target unitree_api__cpp[0m
[1.382s] [35m[1mScanning dependencies of target unitree_api__dds_connext_idl[0m
[1.383s] [  1%] [34m[1mGenerating C code for ROS interfaces[0m
[1.388s] [  2%] [34m[1mGenerating C++ code for ROS interfaces[0m
[1.395s] [  3%] [34m[1mGenerating DDS interfaces[0m
[1.660s] [  3%] Built target unitree_api__dds_connext_idl
[1.741s] [  3%] Built target unitree_api__cpp
[1.749s] [  5%] [34m[1mGenerating C++ introspection for ROS interfaces[0m
[1.749s] [  5%] [34m[1mGenerating C++ type support dispatch for ROS interfaces[0m
[1.753s] [  6%] [34m[1mGenerating C++ type support for eProsima Fast-RTPS[0m
[1.835s] [35m[1mScanning dependencies of target unitree_api__rosidl_generator_c[0m
[1.847s] [  7%] [32mBuilding C object CMakeFiles/unitree_api__rosidl_generator_c.dir/rosidl_generator_c/unitree_api/msg/detail/request__functions.c.o[0m
[1.851s] [  9%] [32mBuilding C object CMakeFiles/unitree_api__rosidl_generator_c.dir/rosidl_generator_c/unitree_api/msg/detail/request_header__functions.c.o[0m
[1.851s] [ 12%] [32mBuilding C object CMakeFiles/unitree_api__rosidl_generator_c.dir/rosidl_generator_c/unitree_api/msg/detail/request_lease__functions.c.o[0m
[1.851s] [ 12%] [32mBuilding C object CMakeFiles/unitree_api__rosidl_generator_c.dir/rosidl_generator_c/unitree_api/msg/detail/request_identity__functions.c.o[0m
[1.852s] [ 12%] [32mBuilding C object CMakeFiles/unitree_api__rosidl_generator_c.dir/rosidl_generator_c/unitree_api/msg/detail/request_policy__functions.c.o[0m
[1.852s] [ 13%] [32mBuilding C object CMakeFiles/unitree_api__rosidl_generator_c.dir/rosidl_generator_c/unitree_api/msg/detail/response__functions.c.o[0m
[1.852s] [ 14%] [32mBuilding C object CMakeFiles/unitree_api__rosidl_generator_c.dir/rosidl_generator_c/unitree_api/msg/detail/response_header__functions.c.o[0m
[1.852s] [ 15%] [32mBuilding C object CMakeFiles/unitree_api__rosidl_generator_c.dir/rosidl_generator_c/unitree_api/msg/detail/response_status__functions.c.o[0m
[1.907s] [ 17%] [32m[1mLinking C shared library libunitree_api__rosidl_generator_c.so[0m
[1.939s] [ 17%] Built target unitree_api__rosidl_generator_c
[1.947s] [ 18%] [34m[1mGenerating C type support dispatch for ROS interfaces[0m
[1.952s] [ 19%] [34m[1mGenerating C introspection for ROS interfaces[0m
[1.988s] [35m[1mScanning dependencies of target unitree_api__rosidl_typesupport_cpp[0m
[1.999s] [ 20%] [32mBuilding CXX object CMakeFiles/unitree_api__rosidl_typesupport_cpp.dir/rosidl_typesupport_cpp/unitree_api/msg/request__type_support.cpp.o[0m
[2.003s] [ 22%] [32mBuilding CXX object CMakeFiles/unitree_api__rosidl_typesupport_cpp.dir/rosidl_typesupport_cpp/unitree_api/msg/request_header__type_support.cpp.o[0m
[2.003s] [ 22%] [32mBuilding CXX object CMakeFiles/unitree_api__rosidl_typesupport_cpp.dir/rosidl_typesupport_cpp/unitree_api/msg/request_identity__type_support.cpp.o[0m
[2.004s] [ 23%] [32mBuilding CXX object CMakeFiles/unitree_api__rosidl_typesupport_cpp.dir/rosidl_typesupport_cpp/unitree_api/msg/request_lease__type_support.cpp.o[0m
[2.004s] [ 25%] [32mBuilding CXX object CMakeFiles/unitree_api__rosidl_typesupport_cpp.dir/rosidl_typesupport_cpp/unitree_api/msg/request_policy__type_support.cpp.o[0m
[2.004s] [ 26%] [32mBuilding CXX object CMakeFiles/unitree_api__rosidl_typesupport_cpp.dir/rosidl_typesupport_cpp/unitree_api/msg/response__type_support.cpp.o[0m
[2.004s] [ 27%] [32mBuilding CXX object CMakeFiles/unitree_api__rosidl_typesupport_cpp.dir/rosidl_typesupport_cpp/unitree_api/msg/response_header__type_support.cpp.o[0m
[2.005s] [ 28%] [32mBuilding CXX object CMakeFiles/unitree_api__rosidl_typesupport_cpp.dir/rosidl_typesupport_cpp/unitree_api/msg/response_status__type_support.cpp.o[0m
[2.118s] [35m[1mScanning dependencies of target unitree_api__rosidl_typesupport_fastrtps_cpp[0m
[2.143s] [ 29%] [32mBuilding CXX object CMakeFiles/unitree_api__rosidl_typesupport_fastrtps_cpp.dir/rosidl_typesupport_fastrtps_cpp/unitree_api/msg/detail/dds_fastrtps/request_identity__type_support.cpp.o[0m
[2.145s] [ 31%] [32mBuilding CXX object CMakeFiles/unitree_api__rosidl_typesupport_fastrtps_cpp.dir/rosidl_typesupport_fastrtps_cpp/unitree_api/msg/detail/dds_fastrtps/request__type_support.cpp.o[0m
[2.145s] [ 31%] [32mBuilding CXX object CMakeFiles/unitree_api__rosidl_typesupport_fastrtps_cpp.dir/rosidl_typesupport_fastrtps_cpp/unitree_api/msg/detail/dds_fastrtps/request_header__type_support.cpp.o[0m
[2.146s] [ 35%] [32mBuilding CXX object CMakeFiles/unitree_api__rosidl_typesupport_fastrtps_cpp.dir/rosidl_typesupport_fastrtps_cpp/unitree_api/msg/detail/dds_fastrtps/request_lease__type_support.cpp.o[0m
[2.146s] [ 35%] [32mBuilding CXX object CMakeFiles/unitree_api__rosidl_typesupport_fastrtps_cpp.dir/rosidl_typesupport_fastrtps_cpp/unitree_api/msg/detail/dds_fastrtps/response__type_support.cpp.o[0m
[2.146s] [ 35%] [32mBuilding CXX object CMakeFiles/unitree_api__rosidl_typesupport_fastrtps_cpp.dir/rosidl_typesupport_fastrtps_cpp/unitree_api/msg/detail/dds_fastrtps/request_policy__type_support.cpp.o[0m
[2.147s] [ 36%] [32mBuilding CXX object CMakeFiles/unitree_api__rosidl_typesupport_fastrtps_cpp.dir/rosidl_typesupport_fastrtps_cpp/unitree_api/msg/detail/dds_fastrtps/response_header__type_support.cpp.o[0m
[2.147s] [ 37%] [32mBuilding CXX object CMakeFiles/unitree_api__rosidl_typesupport_fastrtps_cpp.dir/rosidl_typesupport_fastrtps_cpp/unitree_api/msg/detail/dds_fastrtps/response_status__type_support.cpp.o[0m
[2.213s] [35m[1mScanning dependencies of target unitree_api__rosidl_typesupport_introspection_cpp[0m
[2.232s] [ 38%] [32mBuilding CXX object CMakeFiles/unitree_api__rosidl_typesupport_introspection_cpp.dir/rosidl_typesupport_introspection_cpp/unitree_api/msg/detail/request_identity__type_support.cpp.o[0m
[2.233s] [ 40%] [32mBuilding CXX object CMakeFiles/unitree_api__rosidl_typesupport_introspection_cpp.dir/rosidl_typesupport_introspection_cpp/unitree_api/msg/detail/request_header__type_support.cpp.o[0m
[2.233s] [ 40%] [32mBuilding CXX object CMakeFiles/unitree_api__rosidl_typesupport_introspection_cpp.dir/rosidl_typesupport_introspection_cpp/unitree_api/msg/detail/request__type_support.cpp.o[0m
[2.242s] [35m[1mScanning dependencies of target unitree_api__rosidl_typesupport_c[0m
[2.247s] [ 42%] [32mBuilding CXX object CMakeFiles/unitree_api__rosidl_typesupport_introspection_cpp.dir/rosidl_typesupport_introspection_cpp/unitree_api/msg/detail/request_policy__type_support.cpp.o[0m
[2.247s] [ 43%] [32mBuilding CXX object CMakeFiles/unitree_api__rosidl_typesupport_introspection_cpp.dir/rosidl_typesupport_introspection_cpp/unitree_api/msg/detail/request_lease__type_support.cpp.o[0m
[2.247s] [ 44%] [32mBuilding CXX object CMakeFiles/unitree_api__rosidl_typesupport_introspection_cpp.dir/rosidl_typesupport_introspection_cpp/unitree_api/msg/detail/response__type_support.cpp.o[0m
[2.247s] [ 45%] [32mBuilding CXX object CMakeFiles/unitree_api__rosidl_typesupport_introspection_cpp.dir/rosidl_typesupport_introspection_cpp/unitree_api/msg/detail/response_header__type_support.cpp.o[0m
[2.248s] [ 46%] [32mBuilding CXX object CMakeFiles/unitree_api__rosidl_typesupport_introspection_cpp.dir/rosidl_typesupport_introspection_cpp/unitree_api/msg/detail/response_status__type_support.cpp.o[0m
[2.261s] [ 47%] [32mBuilding CXX object CMakeFiles/unitree_api__rosidl_typesupport_c.dir/rosidl_typesupport_c/unitree_api/msg/request_identity__type_support.cpp.o[0m
[2.261s] [ 48%] [32mBuilding CXX object CMakeFiles/unitree_api__rosidl_typesupport_c.dir/rosidl_typesupport_c/unitree_api/msg/request__type_support.cpp.o[0m
[2.271s] [ 50%] [32mBuilding CXX object CMakeFiles/unitree_api__rosidl_typesupport_c.dir/rosidl_typesupport_c/unitree_api/msg/request_policy__type_support.cpp.o[0m
[2.272s] [ 51%] [32mBuilding CXX object CMakeFiles/unitree_api__rosidl_typesupport_c.dir/rosidl_typesupport_c/unitree_api/msg/request_lease__type_support.cpp.o[0m
[2.274s] [ 52%] [32mBuilding CXX object CMakeFiles/unitree_api__rosidl_typesupport_c.dir/rosidl_typesupport_c/unitree_api/msg/response_header__type_support.cpp.o[0m
[2.275s] [ 53%] [32mBuilding CXX object CMakeFiles/unitree_api__rosidl_typesupport_c.dir/rosidl_typesupport_c/unitree_api/msg/response_status__type_support.cpp.o[0m
[2.287s] [ 54%] [32mBuilding CXX object CMakeFiles/unitree_api__rosidl_typesupport_c.dir/rosidl_typesupport_c/unitree_api/msg/response__type_support.cpp.o[0m
[2.292s] [ 55%] [32mBuilding CXX object CMakeFiles/unitree_api__rosidl_typesupport_c.dir/rosidl_typesupport_c/unitree_api/msg/request_header__type_support.cpp.o[0m
[2.353s] [ 56%] [32m[1mLinking CXX shared library libunitree_api__rosidl_typesupport_c.so[0m
[2.413s] [ 56%] Built target unitree_api__rosidl_typesupport_c
[2.414s] [ 57%] [32m[1mLinking CXX shared library libunitree_api__rosidl_typesupport_cpp.so[0m
[2.472s] [ 57%] Built target unitree_api__rosidl_typesupport_cpp
[2.536s] [35m[1mScanning dependencies of target unitree_api__rosidl_typesupport_introspection_c[0m
[2.553s] [ 59%] [32mBuilding C object CMakeFiles/unitree_api__rosidl_typesupport_introspection_c.dir/rosidl_typesupport_introspection_c/unitree_api/msg/detail/request_identity__type_support.c.o[0m
[2.555s] [ 60%] [32mBuilding C object CMakeFiles/unitree_api__rosidl_typesupport_introspection_c.dir/rosidl_typesupport_introspection_c/unitree_api/msg/detail/request_header__type_support.c.o[0m
[2.555s] [ 61%] [32mBuilding C object CMakeFiles/unitree_api__rosidl_typesupport_introspection_c.dir/rosidl_typesupport_introspection_c/unitree_api/msg/detail/request__type_support.c.o[0m
[2.556s] [ 62%] [32mBuilding C object CMakeFiles/unitree_api__rosidl_typesupport_introspection_c.dir/rosidl_typesupport_introspection_c/unitree_api/msg/detail/request_lease__type_support.c.o[0m
[2.556s] [ 64%] [32mBuilding C object CMakeFiles/unitree_api__rosidl_typesupport_introspection_c.dir/rosidl_typesupport_introspection_c/unitree_api/msg/detail/response__type_support.c.o[0m
[2.556s] [ 64%] [32mBuilding C object CMakeFiles/unitree_api__rosidl_typesupport_introspection_c.dir/rosidl_typesupport_introspection_c/unitree_api/msg/detail/request_policy__type_support.c.o[0m
[2.557s] [ 65%] [32mBuilding C object CMakeFiles/unitree_api__rosidl_typesupport_introspection_c.dir/rosidl_typesupport_introspection_c/unitree_api/msg/detail/response_status__type_support.c.o[0m
[2.557s] [ 67%] [32mBuilding C object CMakeFiles/unitree_api__rosidl_typesupport_introspection_c.dir/rosidl_typesupport_introspection_c/unitree_api/msg/detail/response_header__type_support.c.o[0m
[2.595s] [ 68%] [32m[1mLinking C shared library libunitree_api__rosidl_typesupport_introspection_c.so[0m
[2.627s] [ 68%] Built target unitree_api__rosidl_typesupport_introspection_c
[2.682s] [ 69%] [32m[1mLinking CXX shared library libunitree_api__rosidl_typesupport_introspection_cpp.so[0m
[2.742s] [ 69%] Built target unitree_api__rosidl_typesupport_introspection_cpp
[2.763s] [ 70%] [32m[1mLinking CXX shared library libunitree_api__rosidl_typesupport_fastrtps_cpp.so[0m
[2.850s] [ 70%] Built target unitree_api__rosidl_typesupport_fastrtps_cpp
[2.863s] [ 71%] [34m[1mGenerating C type support for eProsima Fast-RTPS[0m
[3.158s] [35m[1mScanning dependencies of target unitree_api__rosidl_typesupport_fastrtps_c[0m
[3.183s] [ 72%] [32mBuilding CXX object CMakeFiles/unitree_api__rosidl_typesupport_fastrtps_c.dir/rosidl_typesupport_fastrtps_c/unitree_api/msg/detail/request__type_support_c.cpp.o[0m
[3.186s] [ 73%] [32mBuilding CXX object CMakeFiles/unitree_api__rosidl_typesupport_fastrtps_c.dir/rosidl_typesupport_fastrtps_c/unitree_api/msg/detail/request_header__type_support_c.cpp.o[0m
[3.186s] [ 75%] [32mBuilding CXX object CMakeFiles/unitree_api__rosidl_typesupport_fastrtps_c.dir/rosidl_typesupport_fastrtps_c/unitree_api/msg/detail/request_identity__type_support_c.cpp.o[0m
[3.186s] [ 77%] [32mBuilding CXX object CMakeFiles/unitree_api__rosidl_typesupport_fastrtps_c.dir/rosidl_typesupport_fastrtps_c/unitree_api/msg/detail/request_policy__type_support_c.cpp.o[0m
[3.186s] [ 77%] [32mBuilding CXX object CMakeFiles/unitree_api__rosidl_typesupport_fastrtps_c.dir/rosidl_typesupport_fastrtps_c/unitree_api/msg/detail/request_lease__type_support_c.cpp.o[0m
[3.187s] [ 79%] [32mBuilding CXX object CMakeFiles/unitree_api__rosidl_typesupport_fastrtps_c.dir/rosidl_typesupport_fastrtps_c/unitree_api/msg/detail/response_header__type_support_c.cpp.o[0m
[3.187s] [ 79%] [32mBuilding CXX object CMakeFiles/unitree_api__rosidl_typesupport_fastrtps_c.dir/rosidl_typesupport_fastrtps_c/unitree_api/msg/detail/response__type_support_c.cpp.o[0m
[3.188s] [ 80%] [32mBuilding CXX object CMakeFiles/unitree_api__rosidl_typesupport_fastrtps_c.dir/rosidl_typesupport_fastrtps_c/unitree_api/msg/detail/response_status__type_support_c.cpp.o[0m
[3.678s] [ 81%] [32m[1mLinking CXX shared library libunitree_api__rosidl_typesupport_fastrtps_c.so[0m
[3.814s] [ 81%] Built target unitree_api__rosidl_typesupport_fastrtps_c
[3.826s] [35m[1mScanning dependencies of target unitree_api[0m
[3.840s] [ 81%] Built target unitree_api
[3.854s] [35m[1mScanning dependencies of target unitree_api__py[0m
[3.869s] [ 82%] [34m[1mGenerating Python code for ROS interfaces[0m
[5.053s] [ 82%] Built target unitree_api__py
[5.059s] [35m[1mScanning dependencies of target unitree_api__python[0m
[5.085s] [ 84%] [32mBuilding C object CMakeFiles/unitree_api__python.dir/rosidl_generator_py/unitree_api/msg/_request_s.c.o[0m
[5.085s] [ 85%] [32mBuilding C object CMakeFiles/unitree_api__python.dir/rosidl_generator_py/unitree_api/msg/_request_header_s.c.o[0m
[5.086s] [ 86%] [32mBuilding C object CMakeFiles/unitree_api__python.dir/rosidl_generator_py/unitree_api/msg/_request_identity_s.c.o[0m
[5.086s] [ 87%] [32mBuilding C object CMakeFiles/unitree_api__python.dir/rosidl_generator_py/unitree_api/msg/_request_lease_s.c.o[0m
[5.087s] [ 88%] [32mBuilding C object CMakeFiles/unitree_api__python.dir/rosidl_generator_py/unitree_api/msg/_request_policy_s.c.o[0m
[5.089s] [ 89%] [32mBuilding C object CMakeFiles/unitree_api__python.dir/rosidl_generator_py/unitree_api/msg/_response_s.c.o[0m
[5.090s] [ 90%] [32mBuilding C object CMakeFiles/unitree_api__python.dir/rosidl_generator_py/unitree_api/msg/_response_header_s.c.o[0m
[5.090s] [ 92%] [32mBuilding C object CMakeFiles/unitree_api__python.dir/rosidl_generator_py/unitree_api/msg/_response_status_s.c.o[0m
[5.172s] [ 93%] [32m[1mLinking C shared library rosidl_generator_py/unitree_api/libunitree_api__python.so[0m
[5.200s] [ 93%] Built target unitree_api__python
[5.206s] [35m[1mScanning dependencies of target unitree_api__rosidl_typesupport_introspection_c__pyext[0m
[5.206s] [35m[1mScanning dependencies of target unitree_api__rosidl_typesupport_c__pyext[0m
[5.206s] [35m[1mScanning dependencies of target unitree_api__rosidl_typesupport_fastrtps_c__pyext[0m
[5.218s] [ 94%] [32mBuilding C object CMakeFiles/unitree_api__rosidl_typesupport_c__pyext.dir/rosidl_generator_py/unitree_api/_unitree_api_s.ep.rosidl_typesupport_c.c.o[0m
[5.218s] [ 95%] [32mBuilding C object CMakeFiles/unitree_api__rosidl_typesupport_introspection_c__pyext.dir/rosidl_generator_py/unitree_api/_unitree_api_s.ep.rosidl_typesupport_introspection_c.c.o[0m
[5.219s] [ 96%] [32mBuilding C object CMakeFiles/unitree_api__rosidl_typesupport_fastrtps_c__pyext.dir/rosidl_generator_py/unitree_api/_unitree_api_s.ep.rosidl_typesupport_fastrtps_c.c.o[0m
[5.279s] [ 98%] [32m[1mLinking C shared library rosidl_generator_py/unitree_api/unitree_api_s__rosidl_typesupport_introspection_c.cpython-38-x86_64-linux-gnu.so[0m
[5.280s] [ 98%] [32m[1mLinking C shared library rosidl_generator_py/unitree_api/unitree_api_s__rosidl_typesupport_c.cpython-38-x86_64-linux-gnu.so[0m
[5.280s] [100%] [32m[1mLinking CXX shared library rosidl_generator_py/unitree_api/unitree_api_s__rosidl_typesupport_fastrtps_c.cpython-38-x86_64-linux-gnu.so[0m
[5.304s] [100%] Built target unitree_api__rosidl_typesupport_introspection_c__pyext
[5.304s] [100%] Built target unitree_api__rosidl_typesupport_c__pyext
[5.321s] [100%] Built target unitree_api__rosidl_typesupport_fastrtps_c__pyext
[5.331s] Invoked command in '/home/tairanhe/workspace/foxy-unitree/unitree_ros2/cyclonedds_ws/build/unitree_api' returned '0': CMAKE_PREFIX_PATH=/opt/ros/foxy /usr/bin/cmake --build /home/tairanhe/workspace/foxy-unitree/unitree_ros2/cyclonedds_ws/build/unitree_api -- -j32 -l32
[5.399s] Invoking command in '/home/tairanhe/workspace/foxy-unitree/unitree_ros2/cyclonedds_ws/build/unitree_api': CMAKE_PREFIX_PATH=/opt/ros/foxy /usr/bin/cmake --install /home/tairanhe/workspace/foxy-unitree/unitree_ros2/cyclonedds_ws/build/unitree_api
[5.404s] -- Install configuration: ""
[5.404s] -- Installing: /home/tairanhe/workspace/foxy-unitree/unitree_ros2/cyclonedds_ws/install/unitree_api/share/ament_index/resource_index/rosidl_interfaces/unitree_api
[5.404s] -- Installing: /home/tairanhe/workspace/foxy-unitree/unitree_ros2/cyclonedds_ws/install/unitree_api/include/unitree_api
[5.404s] -- Installing: /home/tairanhe/workspace/foxy-unitree/unitree_ros2/cyclonedds_ws/install/unitree_api/include/unitree_api/msg
[5.404s] -- Installing: /home/tairanhe/workspace/foxy-unitree/unitree_ros2/cyclonedds_ws/install/unitree_api/include/unitree_api/msg/rosidl_generator_c__visibility_control.h
[5.404s] -- Installing: /home/tairanhe/workspace/foxy-unitree/unitree_ros2/cyclonedds_ws/install/unitree_api/include/unitree_api/msg/request_identity.h
[5.404s] -- Installing: /home/tairanhe/workspace/foxy-unitree/unitree_ros2/cyclonedds_ws/install/unitree_api/include/unitree_api/msg/request_lease.h
[5.404s] -- Installing: /home/tairanhe/workspace/foxy-unitree/unitree_ros2/cyclonedds_ws/install/unitree_api/include/unitree_api/msg/request.h
[5.404s] -- Installing: /home/tairanhe/workspace/foxy-unitree/unitree_ros2/cyclonedds_ws/install/unitree_api/include/unitree_api/msg/request_policy.h
[5.405s] -- Installing: /home/tairanhe/workspace/foxy-unitree/unitree_ros2/cyclonedds_ws/install/unitree_api/include/unitree_api/msg/request_header.h
[5.405s] -- Installing: /home/tairanhe/workspace/foxy-unitree/unitree_ros2/cyclonedds_ws/install/unitree_api/include/unitree_api/msg/response_status.h
[5.405s] -- Installing: /home/tairanhe/workspace/foxy-unitree/unitree_ros2/cyclonedds_ws/install/unitree_api/include/unitree_api/msg/response_header.h
[5.405s] -- Installing: /home/tairanhe/workspace/foxy-unitree/unitree_ros2/cyclonedds_ws/install/unitree_api/include/unitree_api/msg/response.h
[5.405s] -- Installing: /home/tairanhe/workspace/foxy-unitree/unitree_ros2/cyclonedds_ws/install/unitree_api/include/unitree_api/msg/detail
[5.405s] -- Installing: /home/tairanhe/workspace/foxy-unitree/unitree_ros2/cyclonedds_ws/install/unitree_api/include/unitree_api/msg/detail/request_policy__type_support.h
[5.405s] -- Installing: /home/tairanhe/workspace/foxy-unitree/unitree_ros2/cyclonedds_ws/install/unitree_api/include/unitree_api/msg/detail/request_policy__functions.h
[5.405s] -- Installing: /home/tairanhe/workspace/foxy-unitree/unitree_ros2/cyclonedds_ws/install/unitree_api/include/unitree_api/msg/detail/request__functions.h
[5.405s] -- Installing: /home/tairanhe/workspace/foxy-unitree/unitree_ros2/cyclonedds_ws/install/unitree_api/include/unitree_api/msg/detail/response_header__struct.h
[5.405s] -- Installing: /home/tairanhe/workspace/foxy-unitree/unitree_ros2/cyclonedds_ws/install/unitree_api/include/unitree_api/msg/detail/request_policy__functions.c
[5.405s] -- Installing: /home/tairanhe/workspace/foxy-unitree/unitree_ros2/cyclonedds_ws/install/unitree_api/include/unitree_api/msg/detail/request_lease__struct.h
[5.406s] -- Installing: /home/tairanhe/workspace/foxy-unitree/unitree_ros2/cyclonedds_ws/install/unitree_api/include/unitree_api/msg/detail/response_status__functions.h
[5.406s] -- Installing: /home/tairanhe/workspace/foxy-unitree/unitree_ros2/cyclonedds_ws/install/unitree_api/include/unitree_api/msg/detail/response__struct.h
[5.406s] -- Installing: /home/tairanhe/workspace/foxy-unitree/unitree_ros2/cyclonedds_ws/install/unitree_api/include/unitree_api/msg/detail/response_header__functions.h
[5.406s] -- Installing: /home/tairanhe/workspace/foxy-unitree/unitree_ros2/cyclonedds_ws/install/unitree_api/include/unitree_api/msg/detail/request_header__functions.h
[5.406s] -- Installing: /home/tairanhe/workspace/foxy-unitree/unitree_ros2/cyclonedds_ws/install/unitree_api/include/unitree_api/msg/detail/request_lease__type_support.h
[5.406s] -- Installing: /home/tairanhe/workspace/foxy-unitree/unitree_ros2/cyclonedds_ws/install/unitree_api/include/unitree_api/msg/detail/response_header__functions.c
[5.406s] -- Installing: /home/tairanhe/workspace/foxy-unitree/unitree_ros2/cyclonedds_ws/install/unitree_api/include/unitree_api/msg/detail/request_identity__functions.h
[5.406s] -- Installing: /home/tairanhe/workspace/foxy-unitree/unitree_ros2/cyclonedds_ws/install/unitree_api/include/unitree_api/msg/detail/response_status__type_support.h
[5.406s] -- Installing: /home/tairanhe/workspace/foxy-unitree/unitree_ros2/cyclonedds_ws/install/unitree_api/include/unitree_api/msg/detail/request_policy__struct.h
[5.406s] -- Installing: /home/tairanhe/workspace/foxy-unitree/unitree_ros2/cyclonedds_ws/install/unitree_api/include/unitree_api/msg/detail/request__struct.h
[5.406s] -- Installing: /home/tairanhe/workspace/foxy-unitree/unitree_ros2/cyclonedds_ws/install/unitree_api/include/unitree_api/msg/detail/request_identity__functions.c
[5.406s] -- Installing: /home/tairanhe/workspace/foxy-unitree/unitree_ros2/cyclonedds_ws/install/unitree_api/include/unitree_api/msg/detail/response_header__type_support.h
[5.407s] -- Installing: /home/tairanhe/workspace/foxy-unitree/unitree_ros2/cyclonedds_ws/install/unitree_api/include/unitree_api/msg/detail/request_header__type_support.h
[5.407s] -- Installing: /home/tairanhe/workspace/foxy-unitree/unitree_ros2/cyclonedds_ws/install/unitree_api/include/unitree_api/msg/detail/request__functions.c
[5.407s] -- Installing: /home/tairanhe/workspace/foxy-unitree/unitree_ros2/cyclonedds_ws/install/unitree_api/include/unitree_api/msg/detail/response__type_support.h
[5.407s] -- Installing: /home/tairanhe/workspace/foxy-unitree/unitree_ros2/cyclonedds_ws/install/unitree_api/include/unitree_api/msg/detail/response__functions.h
[5.407s] -- Installing: /home/tairanhe/workspace/foxy-unitree/unitree_ros2/cyclonedds_ws/install/unitree_api/include/unitree_api/msg/detail/request_identity__type_support.h
[5.407s] -- Installing: /home/tairanhe/workspace/foxy-unitree/unitree_ros2/cyclonedds_ws/install/unitree_api/include/unitree_api/msg/detail/request_identity__struct.h
[5.407s] -- Installing: /home/tairanhe/workspace/foxy-unitree/unitree_ros2/cyclonedds_ws/install/unitree_api/include/unitree_api/msg/detail/response__functions.c
[5.407s] -- Installing: /home/tairanhe/workspace/foxy-unitree/unitree_ros2/cyclonedds_ws/install/unitree_api/include/unitree_api/msg/detail/request_header__functions.c
[5.407s] -- Installing: /home/tairanhe/workspace/foxy-unitree/unitree_ros2/cyclonedds_ws/install/unitree_api/include/unitree_api/msg/detail/response_status__struct.h
[5.407s] -- Installing: /home/tairanhe/workspace/foxy-unitree/unitree_ros2/cyclonedds_ws/install/unitree_api/include/unitree_api/msg/detail/request__type_support.h
[5.407s] -- Installing: /home/tairanhe/workspace/foxy-unitree/unitree_ros2/cyclonedds_ws/install/unitree_api/include/unitree_api/msg/detail/request_lease__functions.h
[5.407s] -- Installing: /home/tairanhe/workspace/foxy-unitree/unitree_ros2/cyclonedds_ws/install/unitree_api/include/unitree_api/msg/detail/response_status__functions.c
[5.408s] -- Installing: /home/tairanhe/workspace/foxy-unitree/unitree_ros2/cyclonedds_ws/install/unitree_api/include/unitree_api/msg/detail/request_lease__functions.c
[5.408s] -- Installing: /home/tairanhe/workspace/foxy-unitree/unitree_ros2/cyclonedds_ws/install/unitree_api/include/unitree_api/msg/detail/request_header__struct.h
[5.408s] -- Installing: /home/tairanhe/workspace/foxy-unitree/unitree_ros2/cyclonedds_ws/install/unitree_api/share/unitree_api/environment/library_path.sh
[5.408s] -- Installing: /home/tairanhe/workspace/foxy-unitree/unitree_ros2/cyclonedds_ws/install/unitree_api/share/unitree_api/environment/library_path.dsv
[5.408s] -- Installing: /home/tairanhe/workspace/foxy-unitree/unitree_ros2/cyclonedds_ws/install/unitree_api/lib/libunitree_api__rosidl_generator_c.so
[5.408s] -- Set runtime path of "/home/tairanhe/workspace/foxy-unitree/unitree_ros2/cyclonedds_ws/install/unitree_api/lib/libunitree_api__rosidl_generator_c.so" to ""
[5.408s] -- Up-to-date: /home/tairanhe/workspace/foxy-unitree/unitree_ros2/cyclonedds_ws/install/unitree_api/include/unitree_api
[5.408s] -- Up-to-date: /home/tairanhe/workspace/foxy-unitree/unitree_ros2/cyclonedds_ws/install/unitree_api/include/unitree_api/msg
[5.408s] -- Installing: /home/tairanhe/workspace/foxy-unitree/unitree_ros2/cyclonedds_ws/install/unitree_api/include/unitree_api/msg/rosidl_typesupport_fastrtps_c__visibility_control.h
[5.408s] -- Up-to-date: /home/tairanhe/workspace/foxy-unitree/unitree_ros2/cyclonedds_ws/install/unitree_api/include/unitree_api/msg/detail
[5.408s] -- Installing: /home/tairanhe/workspace/foxy-unitree/unitree_ros2/cyclonedds_ws/install/unitree_api/include/unitree_api/msg/detail/request_identity__rosidl_typesupport_fastrtps_c.h
[5.408s] -- Installing: /home/tairanhe/workspace/foxy-unitree/unitree_ros2/cyclonedds_ws/install/unitree_api/include/unitree_api/msg/detail/request__rosidl_typesupport_fastrtps_c.h
[5.409s] -- Installing: /home/tairanhe/workspace/foxy-unitree/unitree_ros2/cyclonedds_ws/install/unitree_api/include/unitree_api/msg/detail/response__rosidl_typesupport_fastrtps_c.h
[5.409s] -- Installing: /home/tairanhe/workspace/foxy-unitree/unitree_ros2/cyclonedds_ws/install/unitree_api/include/unitree_api/msg/detail/response_header__rosidl_typesupport_fastrtps_c.h
[5.409s] -- Installing: /home/tairanhe/workspace/foxy-unitree/unitree_ros2/cyclonedds_ws/install/unitree_api/include/unitree_api/msg/detail/response_status__rosidl_typesupport_fastrtps_c.h
[5.409s] -- Installing: /home/tairanhe/workspace/foxy-unitree/unitree_ros2/cyclonedds_ws/install/unitree_api/include/unitree_api/msg/detail/request_header__rosidl_typesupport_fastrtps_c.h
[5.409s] -- Installing: /home/tairanhe/workspace/foxy-unitree/unitree_ros2/cyclonedds_ws/install/unitree_api/include/unitree_api/msg/detail/request_lease__rosidl_typesupport_fastrtps_c.h
[5.409s] -- Installing: /home/tairanhe/workspace/foxy-unitree/unitree_ros2/cyclonedds_ws/install/unitree_api/include/unitree_api/msg/detail/request_policy__rosidl_typesupport_fastrtps_c.h
[5.409s] -- Installing: /home/tairanhe/workspace/foxy-unitree/unitree_ros2/cyclonedds_ws/install/unitree_api/lib/libunitree_api__rosidl_typesupport_fastrtps_c.so
[5.409s] -- Set runtime path of "/home/tairanhe/workspace/foxy-unitree/unitree_ros2/cyclonedds_ws/install/unitree_api/lib/libunitree_api__rosidl_typesupport_fastrtps_c.so" to ""
[5.409s] -- Up-to-date: /home/tairanhe/workspace/foxy-unitree/unitree_ros2/cyclonedds_ws/install/unitree_api/include/unitree_api
[5.409s] -- Up-to-date: /home/tairanhe/workspace/foxy-unitree/unitree_ros2/cyclonedds_ws/install/unitree_api/include/unitree_api/msg
[5.409s] -- Installing: /home/tairanhe/workspace/foxy-unitree/unitree_ros2/cyclonedds_ws/install/unitree_api/include/unitree_api/msg/rosidl_typesupport_fastrtps_cpp__visibility_control.h
[5.410s] -- Up-to-date: /home/tairanhe/workspace/foxy-unitree/unitree_ros2/cyclonedds_ws/install/unitree_api/include/unitree_api/msg/detail
[5.410s] -- Installing: /home/tairanhe/workspace/foxy-unitree/unitree_ros2/cyclonedds_ws/install/unitree_api/include/unitree_api/msg/detail/response_header__rosidl_typesupport_fastrtps_cpp.hpp
[5.410s] -- Installing: /home/tairanhe/workspace/foxy-unitree/unitree_ros2/cyclonedds_ws/install/unitree_api/include/unitree_api/msg/detail/request__rosidl_typesupport_fastrtps_cpp.hpp
[5.410s] -- Installing: /home/tairanhe/workspace/foxy-unitree/unitree_ros2/cyclonedds_ws/install/unitree_api/include/unitree_api/msg/detail/request_identity__rosidl_typesupport_fastrtps_cpp.hpp
[5.410s] -- Installing: /home/tairanhe/workspace/foxy-unitree/unitree_ros2/cyclonedds_ws/install/unitree_api/include/unitree_api/msg/detail/request_header__rosidl_typesupport_fastrtps_cpp.hpp
[5.410s] -- Installing: /home/tairanhe/workspace/foxy-unitree/unitree_ros2/cyclonedds_ws/install/unitree_api/include/unitree_api/msg/detail/request_lease__rosidl_typesupport_fastrtps_cpp.hpp
[5.410s] -- Installing: /home/tairanhe/workspace/foxy-unitree/unitree_ros2/cyclonedds_ws/install/unitree_api/include/unitree_api/msg/detail/response_status__rosidl_typesupport_fastrtps_cpp.hpp
[5.410s] -- Installing: /home/tairanhe/workspace/foxy-unitree/unitree_ros2/cyclonedds_ws/install/unitree_api/include/unitree_api/msg/detail/request_policy__rosidl_typesupport_fastrtps_cpp.hpp
[5.410s] -- Installing: /home/tairanhe/workspace/foxy-unitree/unitree_ros2/cyclonedds_ws/install/unitree_api/include/unitree_api/msg/detail/dds_fastrtps
[5.410s] -- Installing: /home/tairanhe/workspace/foxy-unitree/unitree_ros2/cyclonedds_ws/install/unitree_api/include/unitree_api/msg/detail/response__rosidl_typesupport_fastrtps_cpp.hpp
[5.410s] -- Installing: /home/tairanhe/workspace/foxy-unitree/unitree_ros2/cyclonedds_ws/install/unitree_api/lib/libunitree_api__rosidl_typesupport_fastrtps_cpp.so
[5.410s] -- Set runtime path of "/home/tairanhe/workspace/foxy-unitree/unitree_ros2/cyclonedds_ws/install/unitree_api/lib/libunitree_api__rosidl_typesupport_fastrtps_cpp.so" to ""
[5.411s] -- Up-to-date: /home/tairanhe/workspace/foxy-unitree/unitree_ros2/cyclonedds_ws/install/unitree_api/include/unitree_api
[5.411s] -- Up-to-date: /home/tairanhe/workspace/foxy-unitree/unitree_ros2/cyclonedds_ws/install/unitree_api/include/unitree_api/msg
[5.411s] -- Installing: /home/tairanhe/workspace/foxy-unitree/unitree_ros2/cyclonedds_ws/install/unitree_api/include/unitree_api/msg/rosidl_typesupport_introspection_c__visibility_control.h
[5.411s] -- Up-to-date: /home/tairanhe/workspace/foxy-unitree/unitree_ros2/cyclonedds_ws/install/unitree_api/include/unitree_api/msg/detail
[5.411s] -- Installing: /home/tairanhe/workspace/foxy-unitree/unitree_ros2/cyclonedds_ws/install/unitree_api/include/unitree_api/msg/detail/response_header__type_support.c
[5.411s] -- Installing: /home/tairanhe/workspace/foxy-unitree/unitree_ros2/cyclonedds_ws/install/unitree_api/include/unitree_api/msg/detail/response_header__rosidl_typesupport_introspection_c.h
[5.411s] -- Installing: /home/tairanhe/workspace/foxy-unitree/unitree_ros2/cyclonedds_ws/install/unitree_api/include/unitree_api/msg/detail/request__rosidl_typesupport_introspection_c.h
[5.411s] -- Installing: /home/tairanhe/workspace/foxy-unitree/unitree_ros2/cyclonedds_ws/install/unitree_api/include/unitree_api/msg/detail/request_policy__type_support.c
[5.411s] -- Installing: /home/tairanhe/workspace/foxy-unitree/unitree_ros2/cyclonedds_ws/install/unitree_api/include/unitree_api/msg/detail/request_header__rosidl_typesupport_introspection_c.h
[5.411s] -- Installing: /home/tairanhe/workspace/foxy-unitree/unitree_ros2/cyclonedds_ws/install/unitree_api/include/unitree_api/msg/detail/request_lease__rosidl_typesupport_introspection_c.h
[5.411s] -- Installing: /home/tairanhe/workspace/foxy-unitree/unitree_ros2/cyclonedds_ws/install/unitree_api/include/unitree_api/msg/detail/request_policy__rosidl_typesupport_introspection_c.h
[5.411s] -- Installing: /home/tairanhe/workspace/foxy-unitree/unitree_ros2/cyclonedds_ws/install/unitree_api/include/unitree_api/msg/detail/response__type_support.c
[5.411s] -- Installing: /home/tairanhe/workspace/foxy-unitree/unitree_ros2/cyclonedds_ws/install/unitree_api/include/unitree_api/msg/detail/request_header__type_support.c
[5.411s] -- Installing: /home/tairanhe/workspace/foxy-unitree/unitree_ros2/cyclonedds_ws/install/unitree_api/include/unitree_api/msg/detail/request_lease__type_support.c
[5.412s] -- Installing: /home/tairanhe/workspace/foxy-unitree/unitree_ros2/cyclonedds_ws/install/unitree_api/include/unitree_api/msg/detail/request__type_support.c
[5.412s] -- Installing: /home/tairanhe/workspace/foxy-unitree/unitree_ros2/cyclonedds_ws/install/unitree_api/include/unitree_api/msg/detail/request_identity__type_support.c
[5.412s] -- Installing: /home/tairanhe/workspace/foxy-unitree/unitree_ros2/cyclonedds_ws/install/unitree_api/include/unitree_api/msg/detail/response_status__type_support.c
[5.412s] -- Installing: /home/tairanhe/workspace/foxy-unitree/unitree_ros2/cyclonedds_ws/install/unitree_api/include/unitree_api/msg/detail/request_identity__rosidl_typesupport_introspection_c.h
[5.412s] -- Installing: /home/tairanhe/workspace/foxy-unitree/unitree_ros2/cyclonedds_ws/install/unitree_api/include/unitree_api/msg/detail/response_status__rosidl_typesupport_introspection_c.h
[5.412s] -- Installing: /home/tairanhe/workspace/foxy-unitree/unitree_ros2/cyclonedds_ws/install/unitree_api/include/unitree_api/msg/detail/response__rosidl_typesupport_introspection_c.h
[5.412s] -- Installing: /home/tairanhe/workspace/foxy-unitree/unitree_ros2/cyclonedds_ws/install/unitree_api/lib/libunitree_api__rosidl_typesupport_introspection_c.so
[5.412s] -- Set runtime path of "/home/tairanhe/workspace/foxy-unitree/unitree_ros2/cyclonedds_ws/install/unitree_api/lib/libunitree_api__rosidl_typesupport_introspection_c.so" to ""
[5.412s] -- Installing: /home/tairanhe/workspace/foxy-unitree/unitree_ros2/cyclonedds_ws/install/unitree_api/lib/libunitree_api__rosidl_typesupport_c.so
[5.412s] -- Set runtime path of "/home/tairanhe/workspace/foxy-unitree/unitree_ros2/cyclonedds_ws/install/unitree_api/lib/libunitree_api__rosidl_typesupport_c.so" to ""
[5.412s] -- Up-to-date: /home/tairanhe/workspace/foxy-unitree/unitree_ros2/cyclonedds_ws/install/unitree_api/include/unitree_api
[5.412s] -- Up-to-date: /home/tairanhe/workspace/foxy-unitree/unitree_ros2/cyclonedds_ws/install/unitree_api/include/unitree_api/msg
[5.412s] -- Installing: /home/tairanhe/workspace/foxy-unitree/unitree_ros2/cyclonedds_ws/install/unitree_api/include/unitree_api/msg/request.hpp
[5.412s] -- Installing: /home/tairanhe/workspace/foxy-unitree/unitree_ros2/cyclonedds_ws/install/unitree_api/include/unitree_api/msg/response_status.hpp
[5.412s] -- Installing: /home/tairanhe/workspace/foxy-unitree/unitree_ros2/cyclonedds_ws/install/unitree_api/include/unitree_api/msg/request_header.hpp
[5.413s] -- Installing: /home/tairanhe/workspace/foxy-unitree/unitree_ros2/cyclonedds_ws/install/unitree_api/include/unitree_api/msg/request_identity.hpp
[5.413s] -- Installing: /home/tairanhe/workspace/foxy-unitree/unitree_ros2/cyclonedds_ws/install/unitree_api/include/unitree_api/msg/response_header.hpp
[5.413s] -- Installing: /home/tairanhe/workspace/foxy-unitree/unitree_ros2/cyclonedds_ws/install/unitree_api/include/unitree_api/msg/rosidl_generator_cpp__visibility_control.hpp
[5.413s] -- Installing: /home/tairanhe/workspace/foxy-unitree/unitree_ros2/cyclonedds_ws/install/unitree_api/include/unitree_api/msg/request_policy.hpp
[5.413s] -- Installing: /home/tairanhe/workspace/foxy-unitree/unitree_ros2/cyclonedds_ws/install/unitree_api/include/unitree_api/msg/response.hpp
[5.413s] -- Up-to-date: /home/tairanhe/workspace/foxy-unitree/unitree_ros2/cyclonedds_ws/install/unitree_api/include/unitree_api/msg/detail
[5.413s] -- Installing: /home/tairanhe/workspace/foxy-unitree/unitree_ros2/cyclonedds_ws/install/unitree_api/include/unitree_api/msg/detail/request_header__struct.hpp
[5.413s] -- Installing: /home/tairanhe/workspace/foxy-unitree/unitree_ros2/cyclonedds_ws/install/unitree_api/include/unitree_api/msg/detail/response_header__type_support.hpp
[5.413s] -- Installing: /home/tairanhe/workspace/foxy-unitree/unitree_ros2/cyclonedds_ws/install/unitree_api/include/unitree_api/msg/detail/request__type_support.hpp
[5.413s] -- Installing: /home/tairanhe/workspace/foxy-unitree/unitree_ros2/cyclonedds_ws/install/unitree_api/include/unitree_api/msg/detail/response__type_support.hpp
[5.413s] -- Installing: /home/tairanhe/workspace/foxy-unitree/unitree_ros2/cyclonedds_ws/install/unitree_api/include/unitree_api/msg/detail/request_identity__struct.hpp
[5.413s] -- Installing: /home/tairanhe/workspace/foxy-unitree/unitree_ros2/cyclonedds_ws/install/unitree_api/include/unitree_api/msg/detail/response_status__type_support.hpp
[5.413s] -- Installing: /home/tairanhe/workspace/foxy-unitree/unitree_ros2/cyclonedds_ws/install/unitree_api/include/unitree_api/msg/detail/response__traits.hpp
[5.413s] -- Installing: /home/tairanhe/workspace/foxy-unitree/unitree_ros2/cyclonedds_ws/install/unitree_api/include/unitree_api/msg/detail/request_header__builder.hpp
[5.413s] -- Installing: /home/tairanhe/workspace/foxy-unitree/unitree_ros2/cyclonedds_ws/install/unitree_api/include/unitree_api/msg/detail/request_identity__traits.hpp
[5.414s] -- Installing: /home/tairanhe/workspace/foxy-unitree/unitree_ros2/cyclonedds_ws/install/unitree_api/include/unitree_api/msg/detail/response_status__builder.hpp
[5.414s] -- Installing: /home/tairanhe/workspace/foxy-unitree/unitree_ros2/cyclonedds_ws/install/unitree_api/include/unitree_api/msg/detail/response__struct.hpp
[5.414s] -- Installing: /home/tairanhe/workspace/foxy-unitree/unitree_ros2/cyclonedds_ws/install/unitree_api/include/unitree_api/msg/detail/request_lease__struct.hpp
[5.414s] -- Installing: /home/tairanhe/workspace/foxy-unitree/unitree_ros2/cyclonedds_ws/install/unitree_api/include/unitree_api/msg/detail/response_header__builder.hpp
[5.414s] -- Installing: /home/tairanhe/workspace/foxy-unitree/unitree_ros2/cyclonedds_ws/install/unitree_api/include/unitree_api/msg/detail/response_header__struct.hpp
[5.414s] -- Installing: /home/tairanhe/workspace/foxy-unitree/unitree_ros2/cyclonedds_ws/install/unitree_api/include/unitree_api/msg/detail/response_status__struct.hpp
[5.414s] -- Installing: /home/tairanhe/workspace/foxy-unitree/unitree_ros2/cyclonedds_ws/install/unitree_api/include/unitree_api/msg/detail/request_policy__type_support.hpp
[5.414s] -- Installing: /home/tairanhe/workspace/foxy-unitree/unitree_ros2/cyclonedds_ws/install/unitree_api/include/unitree_api/msg/detail/response_status__traits.hpp
[5.414s] -- Installing: /home/tairanhe/workspace/foxy-unitree/unitree_ros2/cyclonedds_ws/install/unitree_api/include/unitree_api/msg/detail/response__builder.hpp
[5.414s] -- Installing: /home/tairanhe/workspace/foxy-unitree/unitree_ros2/cyclonedds_ws/install/unitree_api/include/unitree_api/msg/detail/response_header__traits.hpp
[5.414s] -- Installing: /home/tairanhe/workspace/foxy-unitree/unitree_ros2/cyclonedds_ws/install/unitree_api/include/unitree_api/msg/detail/request_identity__type_support.hpp
[5.414s] -- Installing: /home/tairanhe/workspace/foxy-unitree/unitree_ros2/cyclonedds_ws/install/unitree_api/include/unitree_api/msg/detail/request_lease__traits.hpp
[5.414s] -- Installing: /home/tairanhe/workspace/foxy-unitree/unitree_ros2/cyclonedds_ws/install/unitree_api/include/unitree_api/msg/detail/request_policy__builder.hpp
[5.414s] -- Installing: /home/tairanhe/workspace/foxy-unitree/unitree_ros2/cyclonedds_ws/install/unitree_api/include/unitree_api/msg/detail/request_policy__struct.hpp
[5.414s] -- Installing: /home/tairanhe/workspace/foxy-unitree/unitree_ros2/cyclonedds_ws/install/unitree_api/include/unitree_api/msg/detail/request__traits.hpp
[5.414s] -- Installing: /home/tairanhe/workspace/foxy-unitree/unitree_ros2/cyclonedds_ws/install/unitree_api/include/unitree_api/msg/detail/request_identity__builder.hpp
[5.415s] -- Installing: /home/tairanhe/workspace/foxy-unitree/unitree_ros2/cyclonedds_ws/install/unitree_api/include/unitree_api/msg/detail/request_lease__builder.hpp
[5.415s] -- Installing: /home/tairanhe/workspace/foxy-unitree/unitree_ros2/cyclonedds_ws/install/unitree_api/include/unitree_api/msg/detail/request__struct.hpp
[5.415s] -- Installing: /home/tairanhe/workspace/foxy-unitree/unitree_ros2/cyclonedds_ws/install/unitree_api/include/unitree_api/msg/detail/request_policy__traits.hpp
[5.415s] -- Installing: /home/tairanhe/workspace/foxy-unitree/unitree_ros2/cyclonedds_ws/install/unitree_api/include/unitree_api/msg/detail/request__builder.hpp
[5.415s] -- Installing: /home/tairanhe/workspace/foxy-unitree/unitree_ros2/cyclonedds_ws/install/unitree_api/include/unitree_api/msg/detail/request_lease__type_support.hpp
[5.415s] -- Installing: /home/tairanhe/workspace/foxy-unitree/unitree_ros2/cyclonedds_ws/install/unitree_api/include/unitree_api/msg/detail/request_header__traits.hpp
[5.415s] -- Installing: /home/tairanhe/workspace/foxy-unitree/unitree_ros2/cyclonedds_ws/install/unitree_api/include/unitree_api/msg/detail/request_header__type_support.hpp
[5.415s] -- Installing: /home/tairanhe/workspace/foxy-unitree/unitree_ros2/cyclonedds_ws/install/unitree_api/include/unitree_api/msg/request_lease.hpp
[5.415s] -- Up-to-date: /home/tairanhe/workspace/foxy-unitree/unitree_ros2/cyclonedds_ws/install/unitree_api/include/unitree_api
[5.415s] -- Up-to-date: /home/tairanhe/workspace/foxy-unitree/unitree_ros2/cyclonedds_ws/install/unitree_api/include/unitree_api/msg
[5.415s] -- Up-to-date: /home/tairanhe/workspace/foxy-unitree/unitree_ros2/cyclonedds_ws/install/unitree_api/include/unitree_api/msg/detail
[5.415s] -- Installing: /home/tairanhe/workspace/foxy-unitree/unitree_ros2/cyclonedds_ws/install/unitree_api/include/unitree_api/msg/detail/request_header__type_support.cpp
[5.415s] -- Installing: /home/tairanhe/workspace/foxy-unitree/unitree_ros2/cyclonedds_ws/install/unitree_api/include/unitree_api/msg/detail/response_header__type_support.cpp
[5.415s] -- Installing: /home/tairanhe/workspace/foxy-unitree/unitree_ros2/cyclonedds_ws/install/unitree_api/include/unitree_api/msg/detail/request_identity__type_support.cpp
[5.415s] -- Installing: /home/tairanhe/workspace/foxy-unitree/unitree_ros2/cyclonedds_ws/install/unitree_api/include/unitree_api/msg/detail/response__rosidl_typesupport_introspection_cpp.hpp
[5.415s] -- Installing: /home/tairanhe/workspace/foxy-unitree/unitree_ros2/cyclonedds_ws/install/unitree_api/include/unitree_api/msg/detail/request_policy__type_support.cpp
[5.416s] -- Installing: /home/tairanhe/workspace/foxy-unitree/unitree_ros2/cyclonedds_ws/install/unitree_api/include/unitree_api/msg/detail/response__type_support.cpp
[5.416s] -- Installing: /home/tairanhe/workspace/foxy-unitree/unitree_ros2/cyclonedds_ws/install/unitree_api/include/unitree_api/msg/detail/request_identity__rosidl_typesupport_introspection_cpp.hpp
[5.416s] -- Installing: /home/tairanhe/workspace/foxy-unitree/unitree_ros2/cyclonedds_ws/install/unitree_api/include/unitree_api/msg/detail/request_policy__rosidl_typesupport_introspection_cpp.hpp
[5.416s] -- Installing: /home/tairanhe/workspace/foxy-unitree/unitree_ros2/cyclonedds_ws/install/unitree_api/include/unitree_api/msg/detail/request__rosidl_typesupport_introspection_cpp.hpp
[5.416s] -- Installing: /home/tairanhe/workspace/foxy-unitree/unitree_ros2/cyclonedds_ws/install/unitree_api/include/unitree_api/msg/detail/response_status__rosidl_typesupport_introspection_cpp.hpp
[5.416s] -- Installing: /home/tairanhe/workspace/foxy-unitree/unitree_ros2/cyclonedds_ws/install/unitree_api/include/unitree_api/msg/detail/request_lease__type_support.cpp
[5.416s] -- Installing: /home/tairanhe/workspace/foxy-unitree/unitree_ros2/cyclonedds_ws/install/unitree_api/include/unitree_api/msg/detail/request_lease__rosidl_typesupport_introspection_cpp.hpp
[5.416s] -- Installing: /home/tairanhe/workspace/foxy-unitree/unitree_ros2/cyclonedds_ws/install/unitree_api/include/unitree_api/msg/detail/request_header__rosidl_typesupport_introspection_cpp.hpp
[5.416s] -- Installing: /home/tairanhe/workspace/foxy-unitree/unitree_ros2/cyclonedds_ws/install/unitree_api/include/unitree_api/msg/detail/response_status__type_support.cpp
[5.416s] -- Installing: /home/tairanhe/workspace/foxy-unitree/unitree_ros2/cyclonedds_ws/install/unitree_api/include/unitree_api/msg/detail/request__type_support.cpp
[5.416s] -- Installing: /home/tairanhe/workspace/foxy-unitree/unitree_ros2/cyclonedds_ws/install/unitree_api/include/unitree_api/msg/detail/response_header__rosidl_typesupport_introspection_cpp.hpp
[5.416s] -- Installing: /home/tairanhe/workspace/foxy-unitree/unitree_ros2/cyclonedds_ws/install/unitree_api/lib/libunitree_api__rosidl_typesupport_introspection_cpp.so
[5.416s] -- Set runtime path of "/home/tairanhe/workspace/foxy-unitree/unitree_ros2/cyclonedds_ws/install/unitree_api/lib/libunitree_api__rosidl_typesupport_introspection_cpp.so" to ""
[5.416s] -- Installing: /home/tairanhe/workspace/foxy-unitree/unitree_ros2/cyclonedds_ws/install/unitree_api/lib/libunitree_api__rosidl_typesupport_cpp.so
[5.416s] -- Set runtime path of "/home/tairanhe/workspace/foxy-unitree/unitree_ros2/cyclonedds_ws/install/unitree_api/lib/libunitree_api__rosidl_typesupport_cpp.so" to ""
[5.416s] -- Installing: /home/tairanhe/workspace/foxy-unitree/unitree_ros2/cyclonedds_ws/install/unitree_api/share/unitree_api/environment/pythonpath.sh
[5.417s] -- Installing: /home/tairanhe/workspace/foxy-unitree/unitree_ros2/cyclonedds_ws/install/unitree_api/share/unitree_api/environment/pythonpath.dsv
[5.417s] -- Installing: /home/tairanhe/workspace/foxy-unitree/unitree_ros2/cyclonedds_ws/install/unitree_api/lib/python3.8/site-packages/unitree_api/__init__.py
[5.430s] Compiling '/home/tairanhe/workspace/foxy-unitree/unitree_ros2/cyclonedds_ws/install/unitree_api/lib/python3.8/site-packages/unitree_api/__init__.py'...
[5.433s] -- Installing: /home/tairanhe/workspace/foxy-unitree/unitree_ros2/cyclonedds_ws/install/unitree_api/lib/python3.8/site-packages/unitree_api/msg
[5.433s] -- Installing: /home/tairanhe/workspace/foxy-unitree/unitree_ros2/cyclonedds_ws/install/unitree_api/lib/python3.8/site-packages/unitree_api/msg/_request_policy.py
[5.433s] -- Installing: /home/tairanhe/workspace/foxy-unitree/unitree_ros2/cyclonedds_ws/install/unitree_api/lib/python3.8/site-packages/unitree_api/msg/_request_lease_s.c
[5.433s] -- Installing: /home/tairanhe/workspace/foxy-unitree/unitree_ros2/cyclonedds_ws/install/unitree_api/lib/python3.8/site-packages/unitree_api/msg/_request_header_s.c
[5.433s] -- Installing: /home/tairanhe/workspace/foxy-unitree/unitree_ros2/cyclonedds_ws/install/unitree_api/lib/python3.8/site-packages/unitree_api/msg/_request_header.py
[5.434s] -- Installing: /home/tairanhe/workspace/foxy-unitree/unitree_ros2/cyclonedds_ws/install/unitree_api/lib/python3.8/site-packages/unitree_api/msg/_response_s.c
[5.434s] -- Installing: /home/tairanhe/workspace/foxy-unitree/unitree_ros2/cyclonedds_ws/install/unitree_api/lib/python3.8/site-packages/unitree_api/msg/_request_s.c
[5.434s] -- Installing: /home/tairanhe/workspace/foxy-unitree/unitree_ros2/cyclonedds_ws/install/unitree_api/lib/python3.8/site-packages/unitree_api/msg/_request.py
[5.434s] -- Installing: /home/tairanhe/workspace/foxy-unitree/unitree_ros2/cyclonedds_ws/install/unitree_api/lib/python3.8/site-packages/unitree_api/msg/_request_policy_s.c
[5.434s] -- Installing: /home/tairanhe/workspace/foxy-unitree/unitree_ros2/cyclonedds_ws/install/unitree_api/lib/python3.8/site-packages/unitree_api/msg/_response.py
[5.434s] -- Installing: /home/tairanhe/workspace/foxy-unitree/unitree_ros2/cyclonedds_ws/install/unitree_api/lib/python3.8/site-packages/unitree_api/msg/_request_identity_s.c
[5.434s] -- Installing: /home/tairanhe/workspace/foxy-unitree/unitree_ros2/cyclonedds_ws/install/unitree_api/lib/python3.8/site-packages/unitree_api/msg/_response_header.py
[5.434s] -- Installing: /home/tairanhe/workspace/foxy-unitree/unitree_ros2/cyclonedds_ws/install/unitree_api/lib/python3.8/site-packages/unitree_api/msg/_request_lease.py
[5.434s] -- Installing: /home/tairanhe/workspace/foxy-unitree/unitree_ros2/cyclonedds_ws/install/unitree_api/lib/python3.8/site-packages/unitree_api/msg/__init__.py
[5.434s] -- Installing: /home/tairanhe/workspace/foxy-unitree/unitree_ros2/cyclonedds_ws/install/unitree_api/lib/python3.8/site-packages/unitree_api/msg/_request_identity.py
[5.434s] -- Installing: /home/tairanhe/workspace/foxy-unitree/unitree_ros2/cyclonedds_ws/install/unitree_api/lib/python3.8/site-packages/unitree_api/msg/_response_header_s.c
[5.434s] -- Installing: /home/tairanhe/workspace/foxy-unitree/unitree_ros2/cyclonedds_ws/install/unitree_api/lib/python3.8/site-packages/unitree_api/msg/_response_status.py
[5.434s] -- Installing: /home/tairanhe/workspace/foxy-unitree/unitree_ros2/cyclonedds_ws/install/unitree_api/lib/python3.8/site-packages/unitree_api/msg/_response_status_s.c
[5.435s] -- Installing: /home/tairanhe/workspace/foxy-unitree/unitree_ros2/cyclonedds_ws/install/unitree_api/lib/python3.8/site-packages/unitree_api/unitree_api_s__rosidl_typesupport_fastrtps_c.cpython-38-x86_64-linux-gnu.so
[5.435s] -- Set runtime path of "/home/tairanhe/workspace/foxy-unitree/unitree_ros2/cyclonedds_ws/install/unitree_api/lib/python3.8/site-packages/unitree_api/unitree_api_s__rosidl_typesupport_fastrtps_c.cpython-38-x86_64-linux-gnu.so" to ""
[5.435s] -- Installing: /home/tairanhe/workspace/foxy-unitree/unitree_ros2/cyclonedds_ws/install/unitree_api/lib/python3.8/site-packages/unitree_api/unitree_api_s__rosidl_typesupport_introspection_c.cpython-38-x86_64-linux-gnu.so
[5.435s] -- Set runtime path of "/home/tairanhe/workspace/foxy-unitree/unitree_ros2/cyclonedds_ws/install/unitree_api/lib/python3.8/site-packages/unitree_api/unitree_api_s__rosidl_typesupport_introspection_c.cpython-38-x86_64-linux-gnu.so" to ""
[5.435s] -- Installing: /home/tairanhe/workspace/foxy-unitree/unitree_ros2/cyclonedds_ws/install/unitree_api/lib/python3.8/site-packages/unitree_api/unitree_api_s__rosidl_typesupport_c.cpython-38-x86_64-linux-gnu.so
[5.435s] -- Set runtime path of "/home/tairanhe/workspace/foxy-unitree/unitree_ros2/cyclonedds_ws/install/unitree_api/lib/python3.8/site-packages/unitree_api/unitree_api_s__rosidl_typesupport_c.cpython-38-x86_64-linux-gnu.so" to ""
[5.435s] -- Installing: /home/tairanhe/workspace/foxy-unitree/unitree_ros2/cyclonedds_ws/install/unitree_api/lib/libunitree_api__python.so
[5.435s] -- Set runtime path of "/home/tairanhe/workspace/foxy-unitree/unitree_ros2/cyclonedds_ws/install/unitree_api/lib/libunitree_api__python.so" to ""
[5.435s] -- Installing: /home/tairanhe/workspace/foxy-unitree/unitree_ros2/cyclonedds_ws/install/unitree_api/share/unitree_api/msg/Request.idl
[5.435s] -- Installing: /home/tairanhe/workspace/foxy-unitree/unitree_ros2/cyclonedds_ws/install/unitree_api/share/unitree_api/msg/RequestHeader.idl
[5.435s] -- Installing: /home/tairanhe/workspace/foxy-unitree/unitree_ros2/cyclonedds_ws/install/unitree_api/share/unitree_api/msg/RequestIdentity.idl
[5.435s] -- Installing: /home/tairanhe/workspace/foxy-unitree/unitree_ros2/cyclonedds_ws/install/unitree_api/share/unitree_api/msg/RequestLease.idl
[5.436s] -- Installing: /home/tairanhe/workspace/foxy-unitree/unitree_ros2/cyclonedds_ws/install/unitree_api/share/unitree_api/msg/RequestPolicy.idl
[5.436s] -- Installing: /home/tairanhe/workspace/foxy-unitree/unitree_ros2/cyclonedds_ws/install/unitree_api/share/unitree_api/msg/Response.idl
[5.436s] -- Installing: /home/tairanhe/workspace/foxy-unitree/unitree_ros2/cyclonedds_ws/install/unitree_api/share/unitree_api/msg/ResponseHeader.idl
[5.436s] -- Installing: /home/tairanhe/workspace/foxy-unitree/unitree_ros2/cyclonedds_ws/install/unitree_api/share/unitree_api/msg/ResponseStatus.idl
[5.436s] -- Installing: /home/tairanhe/workspace/foxy-unitree/unitree_ros2/cyclonedds_ws/install/unitree_api/share/unitree_api/msg/Request.msg
[5.436s] -- Installing: /home/tairanhe/workspace/foxy-unitree/unitree_ros2/cyclonedds_ws/install/unitree_api/share/unitree_api/msg/RequestHeader.msg
[5.436s] -- Installing: /home/tairanhe/workspace/foxy-unitree/unitree_ros2/cyclonedds_ws/install/unitree_api/share/unitree_api/msg/RequestIdentity.msg
[5.436s] -- Installing: /home/tairanhe/workspace/foxy-unitree/unitree_ros2/cyclonedds_ws/install/unitree_api/share/unitree_api/msg/RequestLease.msg
[5.436s] -- Installing: /home/tairanhe/workspace/foxy-unitree/unitree_ros2/cyclonedds_ws/install/unitree_api/share/unitree_api/msg/RequestPolicy.msg
[5.436s] -- Installing: /home/tairanhe/workspace/foxy-unitree/unitree_ros2/cyclonedds_ws/install/unitree_api/share/unitree_api/msg/Response.msg
[5.436s] -- Installing: /home/tairanhe/workspace/foxy-unitree/unitree_ros2/cyclonedds_ws/install/unitree_api/share/unitree_api/msg/ResponseHeader.msg
[5.437s] -- Installing: /home/tairanhe/workspace/foxy-unitree/unitree_ros2/cyclonedds_ws/install/unitree_api/share/unitree_api/msg/ResponseStatus.msg
[5.437s] -- Installing: /home/tairanhe/workspace/foxy-unitree/unitree_ros2/cyclonedds_ws/install/unitree_api/share/unitree_api/msg/dds_connext
[5.437s] -- Installing: /home/tairanhe/workspace/foxy-unitree/unitree_ros2/cyclonedds_ws/install/unitree_api/share/unitree_api/msg/dds_connext/ResponseHeader_.idl
[5.437s] -- Installing: /home/tairanhe/workspace/foxy-unitree/unitree_ros2/cyclonedds_ws/install/unitree_api/share/unitree_api/msg/dds_connext/RequestLease_.idl
[5.437s] -- Installing: /home/tairanhe/workspace/foxy-unitree/unitree_ros2/cyclonedds_ws/install/unitree_api/share/unitree_api/msg/dds_connext/RequestIdentity_.idl
[5.437s] -- Installing: /home/tairanhe/workspace/foxy-unitree/unitree_ros2/cyclonedds_ws/install/unitree_api/share/unitree_api/msg/dds_connext/RequestPolicy_.idl
[5.437s] -- Installing: /home/tairanhe/workspace/foxy-unitree/unitree_ros2/cyclonedds_ws/install/unitree_api/share/unitree_api/msg/dds_connext/ResponseStatus_.idl
[5.437s] -- Installing: /home/tairanhe/workspace/foxy-unitree/unitree_ros2/cyclonedds_ws/install/unitree_api/share/unitree_api/msg/dds_connext/Response_.idl
[5.437s] -- Installing: /home/tairanhe/workspace/foxy-unitree/unitree_ros2/cyclonedds_ws/install/unitree_api/share/unitree_api/msg/dds_connext/Request_.idl
[5.437s] -- Installing: /home/tairanhe/workspace/foxy-unitree/unitree_ros2/cyclonedds_ws/install/unitree_api/share/unitree_api/msg/dds_connext/RequestHeader_.idl
[5.437s] -- Installing: /home/tairanhe/workspace/foxy-unitree/unitree_ros2/cyclonedds_ws/install/unitree_api/share/ament_index/resource_index/package_run_dependencies/unitree_api
[5.437s] -- Installing: /home/tairanhe/workspace/foxy-unitree/unitree_ros2/cyclonedds_ws/install/unitree_api/share/ament_index/resource_index/parent_prefix_path/unitree_api
[5.438s] -- Installing: /home/tairanhe/workspace/foxy-unitree/unitree_ros2/cyclonedds_ws/install/unitree_api/share/unitree_api/environment/ament_prefix_path.sh
[5.438s] -- Installing: /home/tairanhe/workspace/foxy-unitree/unitree_ros2/cyclonedds_ws/install/unitree_api/share/unitree_api/environment/ament_prefix_path.dsv
[5.438s] -- Installing: /home/tairanhe/workspace/foxy-unitree/unitree_ros2/cyclonedds_ws/install/unitree_api/share/unitree_api/environment/path.sh
[5.438s] -- Installing: /home/tairanhe/workspace/foxy-unitree/unitree_ros2/cyclonedds_ws/install/unitree_api/share/unitree_api/environment/path.dsv
[5.438s] -- Installing: /home/tairanhe/workspace/foxy-unitree/unitree_ros2/cyclonedds_ws/install/unitree_api/share/unitree_api/local_setup.bash
[5.438s] -- Installing: /home/tairanhe/workspace/foxy-unitree/unitree_ros2/cyclonedds_ws/install/unitree_api/share/unitree_api/local_setup.sh
[5.438s] -- Installing: /home/tairanhe/workspace/foxy-unitree/unitree_ros2/cyclonedds_ws/install/unitree_api/share/unitree_api/local_setup.zsh
[5.438s] -- Installing: /home/tairanhe/workspace/foxy-unitree/unitree_ros2/cyclonedds_ws/install/unitree_api/share/unitree_api/local_setup.dsv
[5.438s] -- Installing: /home/tairanhe/workspace/foxy-unitree/unitree_ros2/cyclonedds_ws/install/unitree_api/share/unitree_api/package.dsv
[5.438s] -- Installing: /home/tairanhe/workspace/foxy-unitree/unitree_ros2/cyclonedds_ws/install/unitree_api/share/ament_index/resource_index/packages/unitree_api
[5.438s] -- Installing: /home/tairanhe/workspace/foxy-unitree/unitree_ros2/cyclonedds_ws/install/unitree_api/share/unitree_api/cmake/unitree_api__rosidl_generator_cExport.cmake
[5.438s] -- Installing: /home/tairanhe/workspace/foxy-unitree/unitree_ros2/cyclonedds_ws/install/unitree_api/share/unitree_api/cmake/unitree_api__rosidl_generator_cExport-noconfig.cmake
[5.439s] -- Installing: /home/tairanhe/workspace/foxy-unitree/unitree_ros2/cyclonedds_ws/install/unitree_api/share/unitree_api/cmake/unitree_api__rosidl_typesupport_introspection_cExport.cmake
[5.439s] -- Installing: /home/tairanhe/workspace/foxy-unitree/unitree_ros2/cyclonedds_ws/install/unitree_api/share/unitree_api/cmake/unitree_api__rosidl_typesupport_introspection_cExport-noconfig.cmake
[5.439s] -- Installing: /home/tairanhe/workspace/foxy-unitree/unitree_ros2/cyclonedds_ws/install/unitree_api/share/unitree_api/cmake/unitree_api__rosidl_typesupport_cExport.cmake
[5.439s] -- Installing: /home/tairanhe/workspace/foxy-unitree/unitree_ros2/cyclonedds_ws/install/unitree_api/share/unitree_api/cmake/unitree_api__rosidl_typesupport_cExport-noconfig.cmake
[5.439s] -- Installing: /home/tairanhe/workspace/foxy-unitree/unitree_ros2/cyclonedds_ws/install/unitree_api/share/unitree_api/cmake/unitree_api__rosidl_generator_cppExport.cmake
[5.439s] -- Installing: /home/tairanhe/workspace/foxy-unitree/unitree_ros2/cyclonedds_ws/install/unitree_api/share/unitree_api/cmake/unitree_api__rosidl_typesupport_introspection_cppExport.cmake
[5.439s] -- Installing: /home/tairanhe/workspace/foxy-unitree/unitree_ros2/cyclonedds_ws/install/unitree_api/share/unitree_api/cmake/unitree_api__rosidl_typesupport_introspection_cppExport-noconfig.cmake
[5.439s] -- Installing: /home/tairanhe/workspace/foxy-unitree/unitree_ros2/cyclonedds_ws/install/unitree_api/share/unitree_api/cmake/unitree_api__rosidl_typesupport_cppExport.cmake
[5.439s] -- Installing: /home/tairanhe/workspace/foxy-unitree/unitree_ros2/cyclonedds_ws/install/unitree_api/share/unitree_api/cmake/unitree_api__rosidl_typesupport_cppExport-noconfig.cmake
[5.439s] -- Installing: /home/tairanhe/workspace/foxy-unitree/unitree_ros2/cyclonedds_ws/install/unitree_api/share/unitree_api/cmake/rosidl_cmake-extras.cmake
[5.439s] -- Installing: /home/tairanhe/workspace/foxy-unitree/unitree_ros2/cyclonedds_ws/install/unitree_api/share/unitree_api/cmake/ament_cmake_export_dependencies-extras.cmake
[5.439s] -- Installing: /home/tairanhe/workspace/foxy-unitree/unitree_ros2/cyclonedds_ws/install/unitree_api/share/unitree_api/cmake/ament_cmake_export_libraries-extras.cmake
[5.439s] -- Installing: /home/tairanhe/workspace/foxy-unitree/unitree_ros2/cyclonedds_ws/install/unitree_api/share/unitree_api/cmake/ament_cmake_export_targets-extras.cmake
[5.439s] -- Installing: /home/tairanhe/workspace/foxy-unitree/unitree_ros2/cyclonedds_ws/install/unitree_api/share/unitree_api/cmake/ament_cmake_export_include_directories-extras.cmake
[5.440s] -- Installing: /home/tairanhe/workspace/foxy-unitree/unitree_ros2/cyclonedds_ws/install/unitree_api/share/unitree_api/cmake/rosidl_cmake_export_typesupport_libraries-extras.cmake
[5.440s] -- Installing: /home/tairanhe/workspace/foxy-unitree/unitree_ros2/cyclonedds_ws/install/unitree_api/share/unitree_api/cmake/rosidl_cmake_export_typesupport_targets-extras.cmake
[5.440s] -- Installing: /home/tairanhe/workspace/foxy-unitree/unitree_ros2/cyclonedds_ws/install/unitree_api/share/unitree_api/cmake/unitree_apiConfig.cmake
[5.440s] -- Installing: /home/tairanhe/workspace/foxy-unitree/unitree_ros2/cyclonedds_ws/install/unitree_api/share/unitree_api/cmake/unitree_apiConfig-version.cmake
[5.440s] -- Installing: /home/tairanhe/workspace/foxy-unitree/unitree_ros2/cyclonedds_ws/install/unitree_api/share/unitree_api/package.xml
[5.441s] Invoked command in '/home/tairanhe/workspace/foxy-unitree/unitree_ros2/cyclonedds_ws/build/unitree_api' returned '0': CMAKE_PREFIX_PATH=/opt/ros/foxy /usr/bin/cmake --install /home/tairanhe/workspace/foxy-unitree/unitree_ros2/cyclonedds_ws/build/unitree_api
