-- Found ament_cmake: 0.9.12 (/opt/ros/foxy/share/ament_cmake/cmake)
-- Using PYTHON_EXECUTABLE: /usr/bin/python3
-- Found unitree_go: 0.0.0 (/home/tairanhe/workspace/foxy-unitree/unitree_ros2/cyclonedds_ws/install/unitree_go/share/unitree_go/cmake)
-- Using all available rosidl_typesupport_c: rosidl_typesupport_fastrtps_c;rosidl_typesupport_introspection_c
-- Found rosidl_adapter: 1.3.1 (/opt/ros/foxy/share/rosidl_adapter/cmake)
-- Using all available rosidl_typesupport_cpp: rosidl_typesupport_fastrtps_cpp;rosidl_typesupport_introspection_cpp
-- Found unitree_api: 0.0.0 (/home/tairanhe/workspace/foxy-unitree/unitree_ros2/cyclonedds_ws/install/unitree_api/share/unitree_api/cmake)
-- Found rclcpp: 2.4.3 (/opt/ros/foxy/share/rclcpp/cmake)
-- Found rmw_implementation_cmake: 1.0.4 (/opt/ros/foxy/share/rmw_implementation_cmake/cmake)
-- Using RMW implementation 'rmw_cyclonedds_cpp' as default
-- Found rosbag2_cpp: 0.3.11 (/opt/ros/foxy/share/rosbag2_cpp/cmake)
-- Setting yaml-cpp_DIR to: '/opt/ros/foxy/share/yaml_cpp_vendor/cmake/../../../opt/yaml_cpp_vendor/lib/cmake/yaml-cpp'
-- Found ament_lint_auto: 0.9.8 (/opt/ros/foxy/share/ament_lint_auto/cmake)
-- Added test 'copyright' to check source files copyright and LICENSE
-- Added test 'cppcheck' to perform static code analysis on C / C++ code
-- Configured cppcheck include dirs: /home/tairanhe/workspace/foxy-unitree/unitree_ros2/Go2_ROS2_example/src/include;/home/tairanhe/workspace/foxy-unitree/unitree_ros2/Go2_ROS2_example/src/include/common;/home/tairanhe/workspace/foxy-unitree/unitree_ros2/Go2_ROS2_example/src/include/nlohmann
-- Configured cppcheck exclude dirs and/or files: 
-- Added test 'cpplint' to check C / C++ code against the Google style
-- Configured cpplint exclude dirs and/or files: 
-- Added test 'lint_cmake' to check CMake code style
-- Added test 'uncrustify' to check C / C++ code style
-- Configured uncrustify additional arguments: 
-- Added test 'xmllint' to check XML markup files
-- Configuring done
-- Generating done
-- Build files have been written to: /home/tairanhe/workspace/foxy-unitree/unitree_ros2/Go2_ROS2_example/build/go2_demo
[35m[1mScanning dependencies of target low_level_ctrl[0m
[35m[1mScanning dependencies of target read_low_state[0m
[35m[1mScanning dependencies of target read_motion_state[0m
[35m[1mScanning dependencies of target record_bag[0m
[35m[1mScanning dependencies of target sport_mode_ctrl[0m
[35m[1mScanning dependencies of target read_wireless_controller[0m
[  7%] [32mBuilding CXX object CMakeFiles/read_wireless_controller.dir/src/read_wireless_controller.cpp.o[0m
[ 21%] [32mBuilding CXX object CMakeFiles/read_low_state.dir/src/read_low_state.cpp.o[0m
[ 21%] [32mBuilding CXX object CMakeFiles/read_motion_state.dir/src/read_motion_state.cpp.o[0m
[ 28%] [32mBuilding CXX object CMakeFiles/low_level_ctrl.dir/src/common/motor_crc.cpp.o[0m
[ 35%] [32mBuilding CXX object CMakeFiles/record_bag.dir/src/record_bag.cpp.o[0m
[ 42%] [32mBuilding CXX object CMakeFiles/sport_mode_ctrl.dir/src/common/ros2_sport_client.cpp.o[0m
[ 57%] [32mBuilding CXX object CMakeFiles/sport_mode_ctrl.dir/src/sport_mode_ctrl.cpp.o[0m
[ 57%] [32mBuilding CXX object CMakeFiles/low_level_ctrl.dir/src/low_level_ctrl.cpp.o[0m
[ 64%] [32m[1mLinking CXX executable low_level_ctrl[0m
[ 64%] Built target low_level_ctrl
[ 71%] [32m[1mLinking CXX executable read_wireless_controller[0m
[ 78%] [32m[1mLinking CXX executable read_motion_state[0m
[ 85%] [32m[1mLinking CXX executable read_low_state[0m
[ 85%] Built target read_wireless_controller
[ 85%] Built target read_motion_state
[ 85%] Built target read_low_state
[ 92%] [32m[1mLinking CXX executable record_bag[0m
[ 92%] Built target record_bag
[100%] [32m[1mLinking CXX executable sport_mode_ctrl[0m
[100%] Built target sport_mode_ctrl
-- Install configuration: ""
-- Installing: /home/tairanhe/workspace/foxy-unitree/unitree_ros2/Go2_ROS2_example/install/go2_demo/lib/go2_demo/low_level_ctrl
-- Set runtime path of "/home/tairanhe/workspace/foxy-unitree/unitree_ros2/Go2_ROS2_example/install/go2_demo/lib/go2_demo/low_level_ctrl" to ""
-- Installing: /home/tairanhe/workspace/foxy-unitree/unitree_ros2/Go2_ROS2_example/install/go2_demo/lib/go2_demo/read_low_state
-- Set runtime path of "/home/tairanhe/workspace/foxy-unitree/unitree_ros2/Go2_ROS2_example/install/go2_demo/lib/go2_demo/read_low_state" to ""
-- Installing: /home/tairanhe/workspace/foxy-unitree/unitree_ros2/Go2_ROS2_example/install/go2_demo/lib/go2_demo/read_motion_state
-- Set runtime path of "/home/tairanhe/workspace/foxy-unitree/unitree_ros2/Go2_ROS2_example/install/go2_demo/lib/go2_demo/read_motion_state" to ""
-- Installing: /home/tairanhe/workspace/foxy-unitree/unitree_ros2/Go2_ROS2_example/install/go2_demo/lib/go2_demo/read_wireless_controller
-- Set runtime path of "/home/tairanhe/workspace/foxy-unitree/unitree_ros2/Go2_ROS2_example/install/go2_demo/lib/go2_demo/read_wireless_controller" to ""
-- Installing: /home/tairanhe/workspace/foxy-unitree/unitree_ros2/Go2_ROS2_example/install/go2_demo/lib/go2_demo/record_bag
-- Set runtime path of "/home/tairanhe/workspace/foxy-unitree/unitree_ros2/Go2_ROS2_example/install/go2_demo/lib/go2_demo/record_bag" to ""
-- Installing: /home/tairanhe/workspace/foxy-unitree/unitree_ros2/Go2_ROS2_example/install/go2_demo/lib/go2_demo/sport_mode_ctrl
-- Set runtime path of "/home/tairanhe/workspace/foxy-unitree/unitree_ros2/Go2_ROS2_example/install/go2_demo/lib/go2_demo/sport_mode_ctrl" to ""
-- Installing: /home/tairanhe/workspace/foxy-unitree/unitree_ros2/Go2_ROS2_example/install/go2_demo/share/ament_index/resource_index/package_run_dependencies/go2_demo
-- Installing: /home/tairanhe/workspace/foxy-unitree/unitree_ros2/Go2_ROS2_example/install/go2_demo/share/ament_index/resource_index/parent_prefix_path/go2_demo
-- Installing: /home/tairanhe/workspace/foxy-unitree/unitree_ros2/Go2_ROS2_example/install/go2_demo/share/go2_demo/environment/ament_prefix_path.sh
-- Installing: /home/tairanhe/workspace/foxy-unitree/unitree_ros2/Go2_ROS2_example/install/go2_demo/share/go2_demo/environment/ament_prefix_path.dsv
-- Installing: /home/tairanhe/workspace/foxy-unitree/unitree_ros2/Go2_ROS2_example/install/go2_demo/share/go2_demo/environment/path.sh
-- Installing: /home/tairanhe/workspace/foxy-unitree/unitree_ros2/Go2_ROS2_example/install/go2_demo/share/go2_demo/environment/path.dsv
-- Installing: /home/tairanhe/workspace/foxy-unitree/unitree_ros2/Go2_ROS2_example/install/go2_demo/share/go2_demo/local_setup.bash
-- Installing: /home/tairanhe/workspace/foxy-unitree/unitree_ros2/Go2_ROS2_example/install/go2_demo/share/go2_demo/local_setup.sh
-- Installing: /home/tairanhe/workspace/foxy-unitree/unitree_ros2/Go2_ROS2_example/install/go2_demo/share/go2_demo/local_setup.zsh
-- Installing: /home/tairanhe/workspace/foxy-unitree/unitree_ros2/Go2_ROS2_example/install/go2_demo/share/go2_demo/local_setup.dsv
-- Installing: /home/tairanhe/workspace/foxy-unitree/unitree_ros2/Go2_ROS2_example/install/go2_demo/share/go2_demo/package.dsv
-- Installing: /home/tairanhe/workspace/foxy-unitree/unitree_ros2/Go2_ROS2_example/install/go2_demo/share/ament_index/resource_index/packages/go2_demo
-- Installing: /home/tairanhe/workspace/foxy-unitree/unitree_ros2/Go2_ROS2_example/install/go2_demo/share/go2_demo/cmake/go2_demoConfig.cmake
-- Installing: /home/tairanhe/workspace/foxy-unitree/unitree_ros2/Go2_ROS2_example/install/go2_demo/share/go2_demo/cmake/go2_demoConfig-version.cmake
-- Installing: /home/tairanhe/workspace/foxy-unitree/unitree_ros2/Go2_ROS2_example/install/go2_demo/share/go2_demo/package.xml
