[0.089s] Invoking command in '/home/tairanhe/workspace/foxy-unitree/unitree_ros2/Go2_ROS2_example/build/go2_demo': /usr/bin/cmake /home/tairanhe/workspace/foxy-unitree/unitree_ros2/Go2_ROS2_example/src -DCMAKE_INSTALL_PREFIX=/home/tairanhe/workspace/foxy-unitree/unitree_ros2/Go2_ROS2_example/install/go2_demo
[0.099s] -- Found ament_cmake: 0.9.12 (/opt/ros/foxy/share/ament_cmake/cmake)
[0.113s] -- Using PYTHON_EXECUTABLE: /usr/bin/python3
[0.218s] -- Found unitree_go: 0.0.0 (/home/tairanhe/workspace/foxy-unitree/unitree_ros2/cyclonedds_ws/install/unitree_go/share/unitree_go/cmake)
[0.233s] -- Using all available rosidl_typesupport_c: rosidl_typesupport_fastrtps_c;rosidl_typesupport_introspection_c
[0.235s] -- Found rosidl_adapter: 1.3.1 (/opt/ros/foxy/share/rosidl_adapter/cmake)
[0.313s] -- Using all available rosidl_typesupport_cpp: rosidl_typesupport_fastrtps_cpp;rosidl_typesupport_introspection_cpp
[0.411s] -- Found unitree_api: 0.0.0 (/home/tairanhe/workspace/foxy-unitree/unitree_ros2/cyclonedds_ws/install/unitree_api/share/unitree_api/cmake)
[0.449s] -- Found rclcpp: 2.4.3 (/opt/ros/foxy/share/rclcpp/cmake)
[0.472s] -- Found rmw_implementation_cmake: 1.0.4 (/opt/ros/foxy/share/rmw_implementation_cmake/cmake)
[0.473s] -- Using RMW implementation 'rmw_cyclonedds_cpp' as default
[0.560s] -- Found rosbag2_cpp: 0.3.11 (/opt/ros/foxy/share/rosbag2_cpp/cmake)
[0.579s] -- Setting yaml-cpp_DIR to: '/opt/ros/foxy/share/yaml_cpp_vendor/cmake/../../../opt/yaml_cpp_vendor/lib/cmake/yaml-cpp'
[0.588s] -- Found ament_lint_auto: 0.9.8 (/opt/ros/foxy/share/ament_lint_auto/cmake)
[0.648s] -- Added test 'copyright' to check source files copyright and LICENSE
[0.650s] -- Added test 'cppcheck' to perform static code analysis on C / C++ code
[0.650s] -- Configured cppcheck include dirs: /home/tairanhe/workspace/foxy-unitree/unitree_ros2/Go2_ROS2_example/src/include;/home/tairanhe/workspace/foxy-unitree/unitree_ros2/Go2_ROS2_example/src/include/common;/home/tairanhe/workspace/foxy-unitree/unitree_ros2/Go2_ROS2_example/src/include/nlohmann
[0.650s] -- Configured cppcheck exclude dirs and/or files: 
[0.652s] -- Added test 'cpplint' to check C / C++ code against the Google style
[0.652s] -- Configured cpplint exclude dirs and/or files: 
[0.653s] -- Added test 'lint_cmake' to check CMake code style
[0.655s] -- Added test 'uncrustify' to check C / C++ code style
[0.655s] -- Configured uncrustify additional arguments: 
[0.655s] -- Added test 'xmllint' to check XML markup files
[0.657s] -- Configuring done
[0.679s] -- Generating done
[0.680s] -- Build files have been written to: /home/tairanhe/workspace/foxy-unitree/unitree_ros2/Go2_ROS2_example/build/go2_demo
[0.685s] Invoked command in '/home/tairanhe/workspace/foxy-unitree/unitree_ros2/Go2_ROS2_example/build/go2_demo' returned '0': /usr/bin/cmake /home/tairanhe/workspace/foxy-unitree/unitree_ros2/Go2_ROS2_example/src -DCMAKE_INSTALL_PREFIX=/home/tairanhe/workspace/foxy-unitree/unitree_ros2/Go2_ROS2_example/install/go2_demo
[0.687s] Invoking command in '/home/tairanhe/workspace/foxy-unitree/unitree_ros2/Go2_ROS2_example/build/go2_demo': /usr/bin/cmake --build /home/tairanhe/workspace/foxy-unitree/unitree_ros2/Go2_ROS2_example/build/go2_demo -- -j32 -l32
[0.713s] [35m[1mScanning dependencies of target low_level_ctrl[0m
[0.713s] [35m[1mScanning dependencies of target read_low_state[0m
[0.713s] [35m[1mScanning dependencies of target read_motion_state[0m
[0.713s] [35m[1mScanning dependencies of target record_bag[0m
[0.714s] [35m[1mScanning dependencies of target sport_mode_ctrl[0m
[0.715s] [35m[1mScanning dependencies of target read_wireless_controller[0m
[0.768s] [  7%] [32mBuilding CXX object CMakeFiles/read_wireless_controller.dir/src/read_wireless_controller.cpp.o[0m
[0.768s] [ 21%] [32mBuilding CXX object CMakeFiles/read_low_state.dir/src/read_low_state.cpp.o[0m
[0.768s] [ 21%] [32mBuilding CXX object CMakeFiles/read_motion_state.dir/src/read_motion_state.cpp.o[0m
[0.768s] [ 28%] [32mBuilding CXX object CMakeFiles/low_level_ctrl.dir/src/common/motor_crc.cpp.o[0m
[0.768s] [ 35%] [32mBuilding CXX object CMakeFiles/record_bag.dir/src/record_bag.cpp.o[0m
[0.770s] [ 42%] [32mBuilding CXX object CMakeFiles/sport_mode_ctrl.dir/src/common/ros2_sport_client.cpp.o[0m
[0.770s] [ 57%] [32mBuilding CXX object CMakeFiles/sport_mode_ctrl.dir/src/sport_mode_ctrl.cpp.o[0m
[0.770s] [ 57%] [32mBuilding CXX object CMakeFiles/low_level_ctrl.dir/src/low_level_ctrl.cpp.o[0m
[2.950s] [ 64%] [32m[1mLinking CXX executable low_level_ctrl[0m
[3.064s] [ 64%] Built target low_level_ctrl
[3.704s] [ 71%] [32m[1mLinking CXX executable read_wireless_controller[0m
[3.734s] [ 78%] [32m[1mLinking CXX executable read_motion_state[0m
[3.755s] [ 85%] [32m[1mLinking CXX executable read_low_state[0m
[3.855s] [ 85%] Built target read_wireless_controller
[3.886s] [ 85%] Built target read_motion_state
[3.903s] [ 85%] Built target read_low_state
[3.967s] [ 92%] [32m[1mLinking CXX executable record_bag[0m
[4.113s] [ 92%] Built target record_bag
[4.851s] [100%] [32m[1mLinking CXX executable sport_mode_ctrl[0m
[5.021s] [100%] Built target sport_mode_ctrl
[5.031s] Invoked command in '/home/tairanhe/workspace/foxy-unitree/unitree_ros2/Go2_ROS2_example/build/go2_demo' returned '0': /usr/bin/cmake --build /home/tairanhe/workspace/foxy-unitree/unitree_ros2/Go2_ROS2_example/build/go2_demo -- -j32 -l32
[5.060s] Invoking command in '/home/tairanhe/workspace/foxy-unitree/unitree_ros2/Go2_ROS2_example/build/go2_demo': /usr/bin/cmake --install /home/tairanhe/workspace/foxy-unitree/unitree_ros2/Go2_ROS2_example/build/go2_demo
[5.065s] -- Install configuration: ""
[5.065s] -- Installing: /home/tairanhe/workspace/foxy-unitree/unitree_ros2/Go2_ROS2_example/install/go2_demo/lib/go2_demo/low_level_ctrl
[5.066s] -- Set runtime path of "/home/tairanhe/workspace/foxy-unitree/unitree_ros2/Go2_ROS2_example/install/go2_demo/lib/go2_demo/low_level_ctrl" to ""
[5.066s] -- Installing: /home/tairanhe/workspace/foxy-unitree/unitree_ros2/Go2_ROS2_example/install/go2_demo/lib/go2_demo/read_low_state
[5.067s] -- Set runtime path of "/home/tairanhe/workspace/foxy-unitree/unitree_ros2/Go2_ROS2_example/install/go2_demo/lib/go2_demo/read_low_state" to ""
[5.067s] -- Installing: /home/tairanhe/workspace/foxy-unitree/unitree_ros2/Go2_ROS2_example/install/go2_demo/lib/go2_demo/read_motion_state
[5.068s] -- Set runtime path of "/home/tairanhe/workspace/foxy-unitree/unitree_ros2/Go2_ROS2_example/install/go2_demo/lib/go2_demo/read_motion_state" to ""
[5.068s] -- Installing: /home/tairanhe/workspace/foxy-unitree/unitree_ros2/Go2_ROS2_example/install/go2_demo/lib/go2_demo/read_wireless_controller
[5.069s] -- Set runtime path of "/home/tairanhe/workspace/foxy-unitree/unitree_ros2/Go2_ROS2_example/install/go2_demo/lib/go2_demo/read_wireless_controller" to ""
[5.069s] -- Installing: /home/tairanhe/workspace/foxy-unitree/unitree_ros2/Go2_ROS2_example/install/go2_demo/lib/go2_demo/record_bag
[5.070s] -- Set runtime path of "/home/tairanhe/workspace/foxy-unitree/unitree_ros2/Go2_ROS2_example/install/go2_demo/lib/go2_demo/record_bag" to ""
[5.070s] -- Installing: /home/tairanhe/workspace/foxy-unitree/unitree_ros2/Go2_ROS2_example/install/go2_demo/lib/go2_demo/sport_mode_ctrl
[5.071s] -- Set runtime path of "/home/tairanhe/workspace/foxy-unitree/unitree_ros2/Go2_ROS2_example/install/go2_demo/lib/go2_demo/sport_mode_ctrl" to ""
[5.071s] -- Installing: /home/tairanhe/workspace/foxy-unitree/unitree_ros2/Go2_ROS2_example/install/go2_demo/share/ament_index/resource_index/package_run_dependencies/go2_demo
[5.071s] -- Installing: /home/tairanhe/workspace/foxy-unitree/unitree_ros2/Go2_ROS2_example/install/go2_demo/share/ament_index/resource_index/parent_prefix_path/go2_demo
[5.071s] -- Installing: /home/tairanhe/workspace/foxy-unitree/unitree_ros2/Go2_ROS2_example/install/go2_demo/share/go2_demo/environment/ament_prefix_path.sh
[5.072s] -- Installing: /home/tairanhe/workspace/foxy-unitree/unitree_ros2/Go2_ROS2_example/install/go2_demo/share/go2_demo/environment/ament_prefix_path.dsv
[5.072s] -- Installing: /home/tairanhe/workspace/foxy-unitree/unitree_ros2/Go2_ROS2_example/install/go2_demo/share/go2_demo/environment/path.sh
[5.072s] -- Installing: /home/tairanhe/workspace/foxy-unitree/unitree_ros2/Go2_ROS2_example/install/go2_demo/share/go2_demo/environment/path.dsv
[5.072s] -- Installing: /home/tairanhe/workspace/foxy-unitree/unitree_ros2/Go2_ROS2_example/install/go2_demo/share/go2_demo/local_setup.bash
[5.072s] -- Installing: /home/tairanhe/workspace/foxy-unitree/unitree_ros2/Go2_ROS2_example/install/go2_demo/share/go2_demo/local_setup.sh
[5.072s] -- Installing: /home/tairanhe/workspace/foxy-unitree/unitree_ros2/Go2_ROS2_example/install/go2_demo/share/go2_demo/local_setup.zsh
[5.072s] -- Installing: /home/tairanhe/workspace/foxy-unitree/unitree_ros2/Go2_ROS2_example/install/go2_demo/share/go2_demo/local_setup.dsv
[5.072s] -- Installing: /home/tairanhe/workspace/foxy-unitree/unitree_ros2/Go2_ROS2_example/install/go2_demo/share/go2_demo/package.dsv
[5.072s] -- Installing: /home/tairanhe/workspace/foxy-unitree/unitree_ros2/Go2_ROS2_example/install/go2_demo/share/ament_index/resource_index/packages/go2_demo
[5.072s] -- Installing: /home/tairanhe/workspace/foxy-unitree/unitree_ros2/Go2_ROS2_example/install/go2_demo/share/go2_demo/cmake/go2_demoConfig.cmake
[5.073s] -- Installing: /home/tairanhe/workspace/foxy-unitree/unitree_ros2/Go2_ROS2_example/install/go2_demo/share/go2_demo/cmake/go2_demoConfig-version.cmake
[5.073s] -- Installing: /home/tairanhe/workspace/foxy-unitree/unitree_ros2/Go2_ROS2_example/install/go2_demo/share/go2_demo/package.xml
[5.074s] Invoked command in '/home/tairanhe/workspace/foxy-unitree/unitree_ros2/Go2_ROS2_example/build/go2_demo' returned '0': /usr/bin/cmake --install /home/tairanhe/workspace/foxy-unitree/unitree_ros2/Go2_ROS2_example/build/go2_demo
