[0.909s] DEBUG:colcon:Command line arguments: ['/usr/bin/colcon', 'build', '--packages-select', 'cyclonedds']
[0.909s] DEBUG:colcon:Parsed command line arguments: Namespace(allow_overriding=[], ament_cmake_args=None, base_paths=['.'], build_base='build', catkin_cmake_args=None, catkin_skip_building_tests=False, cmake_args=None, cmake_clean_cache=False, cmake_clean_first=False, cmake_force_configure=False, cmake_target=None, cmake_target_skip_unavailable=False, continue_on_error=False, event_handlers=None, executor='parallel', ignore_user_meta=False, install_base='install', log_base=None, log_level=None, main=<bound method BuildVerb.main of <colcon_core.verb.build.BuildVerb object at 0x7f905730b910>>, merge_install=False, metas=['./colcon.meta'], packages_above=None, packages_above_and_dependencies=None, packages_above_depth=None, packages_end=None, packages_ignore=None, packages_ignore_regex=None, packages_select=['cyclonedds'], packages_select_build_failed=False, packages_select_by_dep=None, packages_select_regex=None, packages_select_test_failures=False, packages_skip=None, packages_skip_build_finished=False, packages_skip_by_dep=None, packages_skip_regex=None, packages_skip_test_passed=False, packages_skip_up_to=None, packages_start=None, packages_up_to=None, packages_up_to_regex=None, parallel_workers=32, paths=None, symlink_install=False, test_result_base=None, verb_extension=<colcon_core.verb.build.BuildVerb object at 0x7f905730b910>, verb_name='build', verb_parser=<colcon_defaults.argument_parser.defaults.DefaultArgumentsDecorator object at 0x7f9057329a00>)
[0.950s] Level 1:colcon.colcon_core.package_discovery:discover_packages(colcon_meta) check parameters
[0.950s] Level 1:colcon.colcon_core.package_discovery:discover_packages(recursive) check parameters
[0.950s] Level 1:colcon.colcon_core.package_discovery:discover_packages(ignore) check parameters
[0.950s] Level 1:colcon.colcon_core.package_discovery:discover_packages(path) check parameters
[0.950s] Level 1:colcon.colcon_core.package_discovery:discover_packages(colcon_meta) discover
[0.950s] Level 1:colcon.colcon_core.package_discovery:discover_packages(recursive) discover
[0.950s] INFO:colcon.colcon_core.package_discovery:Crawling recursively for packages in '/home/tairanhe/workspace/foxy-unitree/unitree_ros2/cyclonedds_ws'
[0.950s] Level 1:colcon.colcon_core.package_identification:_identify(.) by extensions ['ignore', 'ignore_ament_install']
[0.950s] Level 1:colcon.colcon_core.package_identification:_identify(.) by extension 'ignore'
[0.950s] Level 1:colcon.colcon_core.package_identification:_identify(.) by extension 'ignore_ament_install'
[0.950s] Level 1:colcon.colcon_core.package_identification:_identify(.) by extensions ['colcon_pkg']
[0.950s] Level 1:colcon.colcon_core.package_identification:_identify(.) by extension 'colcon_pkg'
[0.951s] Level 1:colcon.colcon_core.package_identification:_identify(.) by extensions ['colcon_meta']
[0.951s] Level 1:colcon.colcon_core.package_identification:_identify(.) by extension 'colcon_meta'
[0.951s] Level 1:colcon.colcon_core.package_identification:_identify(.) by extensions ['ros']
[0.951s] Level 1:colcon.colcon_core.package_identification:_identify(.) by extension 'ros'
[0.961s] Level 1:colcon.colcon_core.package_identification:_identify(.) by extensions ['cmake', 'python']
[0.961s] Level 1:colcon.colcon_core.package_identification:_identify(.) by extension 'cmake'
[0.962s] Level 1:colcon.colcon_core.package_identification:_identify(.) by extension 'python'
[0.962s] Level 1:colcon.colcon_core.package_identification:_identify(.) by extensions ['python_setup_py']
[0.962s] Level 1:colcon.colcon_core.package_identification:_identify(.) by extension 'python_setup_py'
[0.962s] Level 1:colcon.colcon_core.package_identification:_identify(build) by extensions ['ignore', 'ignore_ament_install']
[0.962s] Level 1:colcon.colcon_core.package_identification:_identify(build) by extension 'ignore'
[0.962s] Level 1:colcon.colcon_core.package_identification:_identify(build) ignored
[0.962s] Level 1:colcon.colcon_core.package_identification:_identify(install) by extensions ['ignore', 'ignore_ament_install']
[0.962s] Level 1:colcon.colcon_core.package_identification:_identify(install) by extension 'ignore'
[0.962s] Level 1:colcon.colcon_core.package_identification:_identify(install) ignored
[0.962s] Level 1:colcon.colcon_core.package_identification:_identify(log) by extensions ['ignore', 'ignore_ament_install']
[0.962s] Level 1:colcon.colcon_core.package_identification:_identify(log) by extension 'ignore'
[0.962s] Level 1:colcon.colcon_core.package_identification:_identify(log) ignored
[0.962s] Level 1:colcon.colcon_core.package_identification:_identify(src) by extensions ['ignore', 'ignore_ament_install']
[0.962s] Level 1:colcon.colcon_core.package_identification:_identify(src) by extension 'ignore'
[0.962s] Level 1:colcon.colcon_core.package_identification:_identify(src) by extension 'ignore_ament_install'
[0.962s] Level 1:colcon.colcon_core.package_identification:_identify(src) by extensions ['colcon_pkg']
[0.962s] Level 1:colcon.colcon_core.package_identification:_identify(src) by extension 'colcon_pkg'
[0.962s] Level 1:colcon.colcon_core.package_identification:_identify(src) by extensions ['colcon_meta']
[0.962s] Level 1:colcon.colcon_core.package_identification:_identify(src) by extension 'colcon_meta'
[0.962s] Level 1:colcon.colcon_core.package_identification:_identify(src) by extensions ['ros']
[0.962s] Level 1:colcon.colcon_core.package_identification:_identify(src) by extension 'ros'
[0.962s] Level 1:colcon.colcon_core.package_identification:_identify(src) by extensions ['cmake', 'python']
[0.962s] Level 1:colcon.colcon_core.package_identification:_identify(src) by extension 'cmake'
[0.962s] Level 1:colcon.colcon_core.package_identification:_identify(src) by extension 'python'
[0.962s] Level 1:colcon.colcon_core.package_identification:_identify(src) by extensions ['python_setup_py']
[0.962s] Level 1:colcon.colcon_core.package_identification:_identify(src) by extension 'python_setup_py'
[0.962s] Level 1:colcon.colcon_core.package_identification:_identify(src/cyclonedds) by extensions ['ignore', 'ignore_ament_install']
[0.962s] Level 1:colcon.colcon_core.package_identification:_identify(src/cyclonedds) by extension 'ignore'
[0.962s] Level 1:colcon.colcon_core.package_identification:_identify(src/cyclonedds) by extension 'ignore_ament_install'
[0.962s] Level 1:colcon.colcon_core.package_identification:_identify(src/cyclonedds) by extensions ['colcon_pkg']
[0.962s] Level 1:colcon.colcon_core.package_identification:_identify(src/cyclonedds) by extension 'colcon_pkg'
[0.963s] Level 1:colcon.colcon_core.package_identification:_identify(src/cyclonedds) by extensions ['colcon_meta']
[0.963s] Level 1:colcon.colcon_core.package_identification:_identify(src/cyclonedds) by extension 'colcon_meta'
[0.963s] Level 1:colcon.colcon_core.package_identification:_identify(src/cyclonedds) by extensions ['ros']
[0.963s] Level 1:colcon.colcon_core.package_identification:_identify(src/cyclonedds) by extension 'ros'
[0.964s] DEBUG:colcon.colcon_core.package_identification:Package 'src/cyclonedds' with type 'ros.cmake' and name 'cyclonedds'
[0.965s] Level 1:colcon.colcon_core.package_identification:_identify(src/rmw_cyclonedds) by extensions ['ignore', 'ignore_ament_install']
[0.965s] Level 1:colcon.colcon_core.package_identification:_identify(src/rmw_cyclonedds) by extension 'ignore'
[0.965s] Level 1:colcon.colcon_core.package_identification:_identify(src/rmw_cyclonedds) by extension 'ignore_ament_install'
[0.965s] Level 1:colcon.colcon_core.package_identification:_identify(src/rmw_cyclonedds) by extensions ['colcon_pkg']
[0.965s] Level 1:colcon.colcon_core.package_identification:_identify(src/rmw_cyclonedds) by extension 'colcon_pkg'
[0.965s] Level 1:colcon.colcon_core.package_identification:_identify(src/rmw_cyclonedds) by extensions ['colcon_meta']
[0.965s] Level 1:colcon.colcon_core.package_identification:_identify(src/rmw_cyclonedds) by extension 'colcon_meta'
[0.965s] Level 1:colcon.colcon_core.package_identification:_identify(src/rmw_cyclonedds) by extensions ['ros']
[0.965s] Level 1:colcon.colcon_core.package_identification:_identify(src/rmw_cyclonedds) by extension 'ros'
[0.965s] Level 1:colcon.colcon_core.package_identification:_identify(src/rmw_cyclonedds) by extensions ['cmake', 'python']
[0.965s] Level 1:colcon.colcon_core.package_identification:_identify(src/rmw_cyclonedds) by extension 'cmake'
[0.965s] Level 1:colcon.colcon_core.package_identification:_identify(src/rmw_cyclonedds) by extension 'python'
[0.965s] Level 1:colcon.colcon_core.package_identification:_identify(src/rmw_cyclonedds) by extensions ['python_setup_py']
[0.965s] Level 1:colcon.colcon_core.package_identification:_identify(src/rmw_cyclonedds) by extension 'python_setup_py'
[0.965s] Level 1:colcon.colcon_core.package_identification:_identify(src/rmw_cyclonedds/rmw_cyclonedds_cpp) by extensions ['ignore', 'ignore_ament_install']
[0.965s] Level 1:colcon.colcon_core.package_identification:_identify(src/rmw_cyclonedds/rmw_cyclonedds_cpp) by extension 'ignore'
[0.965s] Level 1:colcon.colcon_core.package_identification:_identify(src/rmw_cyclonedds/rmw_cyclonedds_cpp) by extension 'ignore_ament_install'
[0.965s] Level 1:colcon.colcon_core.package_identification:_identify(src/rmw_cyclonedds/rmw_cyclonedds_cpp) by extensions ['colcon_pkg']
[0.965s] Level 1:colcon.colcon_core.package_identification:_identify(src/rmw_cyclonedds/rmw_cyclonedds_cpp) by extension 'colcon_pkg'
[0.965s] Level 1:colcon.colcon_core.package_identification:_identify(src/rmw_cyclonedds/rmw_cyclonedds_cpp) by extensions ['colcon_meta']
[0.965s] Level 1:colcon.colcon_core.package_identification:_identify(src/rmw_cyclonedds/rmw_cyclonedds_cpp) by extension 'colcon_meta'
[0.965s] Level 1:colcon.colcon_core.package_identification:_identify(src/rmw_cyclonedds/rmw_cyclonedds_cpp) by extensions ['ros']
[0.965s] Level 1:colcon.colcon_core.package_identification:_identify(src/rmw_cyclonedds/rmw_cyclonedds_cpp) by extension 'ros'
[0.966s] DEBUG:colcon.colcon_core.package_identification:Package 'src/rmw_cyclonedds/rmw_cyclonedds_cpp' with type 'ros.ament_cmake' and name 'rmw_cyclonedds_cpp'
[0.966s] Level 1:colcon.colcon_core.package_identification:_identify(src/unitree) by extensions ['ignore', 'ignore_ament_install']
[0.966s] Level 1:colcon.colcon_core.package_identification:_identify(src/unitree) by extension 'ignore'
[0.966s] Level 1:colcon.colcon_core.package_identification:_identify(src/unitree) by extension 'ignore_ament_install'
[0.966s] Level 1:colcon.colcon_core.package_identification:_identify(src/unitree) by extensions ['colcon_pkg']
[0.966s] Level 1:colcon.colcon_core.package_identification:_identify(src/unitree) by extension 'colcon_pkg'
[0.966s] Level 1:colcon.colcon_core.package_identification:_identify(src/unitree) by extensions ['colcon_meta']
[0.966s] Level 1:colcon.colcon_core.package_identification:_identify(src/unitree) by extension 'colcon_meta'
[0.966s] Level 1:colcon.colcon_core.package_identification:_identify(src/unitree) by extensions ['ros']
[0.966s] Level 1:colcon.colcon_core.package_identification:_identify(src/unitree) by extension 'ros'
[0.966s] Level 1:colcon.colcon_core.package_identification:_identify(src/unitree) by extensions ['cmake', 'python']
[0.966s] Level 1:colcon.colcon_core.package_identification:_identify(src/unitree) by extension 'cmake'
[0.966s] Level 1:colcon.colcon_core.package_identification:_identify(src/unitree) by extension 'python'
[0.966s] Level 1:colcon.colcon_core.package_identification:_identify(src/unitree) by extensions ['python_setup_py']
[0.966s] Level 1:colcon.colcon_core.package_identification:_identify(src/unitree) by extension 'python_setup_py'
[0.966s] Level 1:colcon.colcon_core.package_identification:_identify(src/unitree/unitree_api) by extensions ['ignore', 'ignore_ament_install']
[0.966s] Level 1:colcon.colcon_core.package_identification:_identify(src/unitree/unitree_api) by extension 'ignore'
[0.966s] Level 1:colcon.colcon_core.package_identification:_identify(src/unitree/unitree_api) by extension 'ignore_ament_install'
[0.966s] Level 1:colcon.colcon_core.package_identification:_identify(src/unitree/unitree_api) by extensions ['colcon_pkg']
[0.966s] Level 1:colcon.colcon_core.package_identification:_identify(src/unitree/unitree_api) by extension 'colcon_pkg'
[0.966s] Level 1:colcon.colcon_core.package_identification:_identify(src/unitree/unitree_api) by extensions ['colcon_meta']
[0.966s] Level 1:colcon.colcon_core.package_identification:_identify(src/unitree/unitree_api) by extension 'colcon_meta'
[0.966s] Level 1:colcon.colcon_core.package_identification:_identify(src/unitree/unitree_api) by extensions ['ros']
[0.966s] Level 1:colcon.colcon_core.package_identification:_identify(src/unitree/unitree_api) by extension 'ros'
[0.967s] DEBUG:colcon.colcon_core.package_identification:Package 'src/unitree/unitree_api' with type 'ros.ament_cmake' and name 'unitree_api'
[0.967s] Level 1:colcon.colcon_core.package_identification:_identify(src/unitree/unitree_go) by extensions ['ignore', 'ignore_ament_install']
[0.967s] Level 1:colcon.colcon_core.package_identification:_identify(src/unitree/unitree_go) by extension 'ignore'
[0.967s] Level 1:colcon.colcon_core.package_identification:_identify(src/unitree/unitree_go) by extension 'ignore_ament_install'
[0.967s] Level 1:colcon.colcon_core.package_identification:_identify(src/unitree/unitree_go) by extensions ['colcon_pkg']
[0.967s] Level 1:colcon.colcon_core.package_identification:_identify(src/unitree/unitree_go) by extension 'colcon_pkg'
[0.967s] Level 1:colcon.colcon_core.package_identification:_identify(src/unitree/unitree_go) by extensions ['colcon_meta']
[0.967s] Level 1:colcon.colcon_core.package_identification:_identify(src/unitree/unitree_go) by extension 'colcon_meta'
[0.967s] Level 1:colcon.colcon_core.package_identification:_identify(src/unitree/unitree_go) by extensions ['ros']
[0.967s] Level 1:colcon.colcon_core.package_identification:_identify(src/unitree/unitree_go) by extension 'ros'
[0.967s] DEBUG:colcon.colcon_core.package_identification:Package 'src/unitree/unitree_go' with type 'ros.ament_cmake' and name 'unitree_go'
[0.967s] Level 1:colcon.colcon_core.package_discovery:discover_packages(recursive) using defaults
[0.967s] Level 1:colcon.colcon_core.package_discovery:discover_packages(ignore) discover
[0.967s] Level 1:colcon.colcon_core.package_discovery:discover_packages(ignore) using defaults
[0.967s] Level 1:colcon.colcon_core.package_discovery:discover_packages(path) discover
[0.967s] Level 1:colcon.colcon_core.package_discovery:discover_packages(path) using defaults
[1.007s] INFO:colcon.colcon_metadata.metadata.colcon_pkg:Updating descriptor of package 'src/cyclonedds' from colcon.pkg: {'cmake-args': ['-DBUILD_IDLC=AUTO']}
[1.022s] INFO:colcon.colcon_core.package_selection:Skipping not selected package 'unitree_api' in 'src/unitree/unitree_api'
[1.022s] INFO:colcon.colcon_core.package_selection:Skipping not selected package 'unitree_go' in 'src/unitree/unitree_go'
[1.022s] INFO:colcon.colcon_core.package_selection:Skipping not selected package 'rmw_cyclonedds_cpp' in 'src/rmw_cyclonedds/rmw_cyclonedds_cpp'
[1.052s] Level 1:colcon.colcon_core.package_discovery:discover_packages(prefix_path) check parameters
[1.052s] Level 1:colcon.colcon_core.package_discovery:discover_packages(prefix_path) discover
[1.067s] Level 1:colcon.colcon_core.package_discovery:discover_packages(prefix_path) using defaults
[1.098s] Level 5:colcon.colcon_core.verb:set package 'cyclonedds' build argument 'cmake_args' from command line to 'None'
[1.098s] Level 5:colcon.colcon_core.verb:overwrite package 'cyclonedds' build argument 'cmake_args' from package metadata with '['-DBUILD_IDLC=AUTO']' (before: 'None')
[1.098s] Level 5:colcon.colcon_core.verb:set package 'cyclonedds' build argument 'cmake_target' from command line to 'None'
[1.098s] Level 5:colcon.colcon_core.verb:set package 'cyclonedds' build argument 'cmake_target_skip_unavailable' from command line to 'False'
[1.098s] Level 5:colcon.colcon_core.verb:set package 'cyclonedds' build argument 'cmake_clean_cache' from command line to 'False'
[1.098s] Level 5:colcon.colcon_core.verb:set package 'cyclonedds' build argument 'cmake_clean_first' from command line to 'False'
[1.098s] Level 5:colcon.colcon_core.verb:set package 'cyclonedds' build argument 'cmake_force_configure' from command line to 'False'
[1.098s] Level 5:colcon.colcon_core.verb:set package 'cyclonedds' build argument 'ament_cmake_args' from command line to 'None'
[1.098s] Level 5:colcon.colcon_core.verb:set package 'cyclonedds' build argument 'catkin_cmake_args' from command line to 'None'
[1.098s] Level 5:colcon.colcon_core.verb:set package 'cyclonedds' build argument 'catkin_skip_building_tests' from command line to 'False'
[1.098s] DEBUG:colcon.colcon_core.verb:Building package 'cyclonedds' with the following arguments: {'ament_cmake_args': None, 'build_base': '/home/tairanhe/workspace/foxy-unitree/unitree_ros2/cyclonedds_ws/build/cyclonedds', 'catkin_cmake_args': None, 'catkin_skip_building_tests': False, 'cmake_args': ['-DBUILD_IDLC=AUTO'], 'cmake_clean_cache': False, 'cmake_clean_first': False, 'cmake_force_configure': False, 'cmake_target': None, 'cmake_target_skip_unavailable': False, 'install_base': '/home/tairanhe/workspace/foxy-unitree/unitree_ros2/cyclonedds_ws/install/cyclonedds', 'merge_install': False, 'path': '/home/tairanhe/workspace/foxy-unitree/unitree_ros2/cyclonedds_ws/src/cyclonedds', 'symlink_install': False, 'test_result_base': None}
[1.113s] INFO:colcon.colcon_core.executor:Executing jobs using 'parallel' executor
[1.128s] DEBUG:colcon.colcon_parallel_executor.executor.parallel:run_until_complete
[1.128s] INFO:colcon.colcon_ros.task.cmake.build:Building ROS package in '/home/tairanhe/workspace/foxy-unitree/unitree_ros2/cyclonedds_ws/src/cyclonedds' with build type 'cmake'
[1.128s] INFO:colcon.colcon_cmake.task.cmake.build:Building CMake package in '/home/tairanhe/workspace/foxy-unitree/unitree_ros2/cyclonedds_ws/src/cyclonedds'
[1.145s] INFO:colcon.colcon_core.plugin_system:Skipping extension 'colcon_core.shell.bat': Not used on non-Windows systems
[1.145s] INFO:colcon.colcon_core.shell:Skip shell extension 'powershell' for command environment: Not usable outside of PowerShell
[1.145s] DEBUG:colcon.colcon_core.shell:Skip shell extension 'dsv' for command environment
[1.166s] DEBUG:colcon.colcon_core.event_handler.log_command:Invoking command in '/home/tairanhe/workspace/foxy-unitree/unitree_ros2/cyclonedds_ws/build/cyclonedds': /usr/bin/cmake /home/tairanhe/workspace/foxy-unitree/unitree_ros2/cyclonedds_ws/src/cyclonedds -DBUILD_IDLC=AUTO -DCMAKE_INSTALL_PREFIX=/home/tairanhe/workspace/foxy-unitree/unitree_ros2/cyclonedds_ws/install/cyclonedds
[2.648s] DEBUG:colcon.colcon_core.event_handler.log_command:Invoked command in '/home/tairanhe/workspace/foxy-unitree/unitree_ros2/cyclonedds_ws/build/cyclonedds' returned '0': /usr/bin/cmake /home/tairanhe/workspace/foxy-unitree/unitree_ros2/cyclonedds_ws/src/cyclonedds -DBUILD_IDLC=AUTO -DCMAKE_INSTALL_PREFIX=/home/tairanhe/workspace/foxy-unitree/unitree_ros2/cyclonedds_ws/install/cyclonedds
[2.651s] DEBUG:colcon.colcon_core.event_handler.log_command:Invoking command in '/home/tairanhe/workspace/foxy-unitree/unitree_ros2/cyclonedds_ws/build/cyclonedds': /usr/bin/cmake --build /home/tairanhe/workspace/foxy-unitree/unitree_ros2/cyclonedds_ws/build/cyclonedds -- -j32 -l32
[6.747s] DEBUG:colcon.colcon_core.event_handler.log_command:Invoked command in '/home/tairanhe/workspace/foxy-unitree/unitree_ros2/cyclonedds_ws/build/cyclonedds' returned '0': /usr/bin/cmake --build /home/tairanhe/workspace/foxy-unitree/unitree_ros2/cyclonedds_ws/build/cyclonedds -- -j32 -l32
[6.770s] DEBUG:colcon.colcon_core.event_handler.log_command:Invoking command in '/home/tairanhe/workspace/foxy-unitree/unitree_ros2/cyclonedds_ws/build/cyclonedds': /usr/bin/cmake --install /home/tairanhe/workspace/foxy-unitree/unitree_ros2/cyclonedds_ws/build/cyclonedds
[6.795s] DEBUG:colcon.colcon_core.event_handler.log_command:Invoked command in '/home/tairanhe/workspace/foxy-unitree/unitree_ros2/cyclonedds_ws/build/cyclonedds' returned '0': /usr/bin/cmake --install /home/tairanhe/workspace/foxy-unitree/unitree_ros2/cyclonedds_ws/build/cyclonedds
[6.809s] Level 1:colcon.colcon_core.shell:create_environment_hook('cyclonedds', 'pkg_config_path')
[6.825s] INFO:colcon.colcon_core.shell:Creating environment hook '/home/tairanhe/workspace/foxy-unitree/unitree_ros2/cyclonedds_ws/install/cyclonedds/share/cyclonedds/hook/pkg_config_path.ps1'
[6.825s] INFO:colcon.colcon_core.shell:Creating environment descriptor '/home/tairanhe/workspace/foxy-unitree/unitree_ros2/cyclonedds_ws/install/cyclonedds/share/cyclonedds/hook/pkg_config_path.dsv'
[6.825s] INFO:colcon.colcon_core.shell:Creating environment hook '/home/tairanhe/workspace/foxy-unitree/unitree_ros2/cyclonedds_ws/install/cyclonedds/share/cyclonedds/hook/pkg_config_path.sh'
[6.827s] Level 1:colcon.colcon_core.shell:create_environment_hook('cyclonedds', 'pkg_config_path_multiarch')
[6.843s] INFO:colcon.colcon_core.shell:Creating environment hook '/home/tairanhe/workspace/foxy-unitree/unitree_ros2/cyclonedds_ws/install/cyclonedds/share/cyclonedds/hook/pkg_config_path_multiarch.ps1'
[6.843s] INFO:colcon.colcon_core.shell:Creating environment descriptor '/home/tairanhe/workspace/foxy-unitree/unitree_ros2/cyclonedds_ws/install/cyclonedds/share/cyclonedds/hook/pkg_config_path_multiarch.dsv'
[6.843s] INFO:colcon.colcon_core.shell:Creating environment hook '/home/tairanhe/workspace/foxy-unitree/unitree_ros2/cyclonedds_ws/install/cyclonedds/share/cyclonedds/hook/pkg_config_path_multiarch.sh'
[6.844s] Level 1:colcon.colcon_core.environment:create_environment_scripts_only(cyclonedds)
[6.860s] Level 1:colcon.colcon_core.environment:checking '/home/tairanhe/workspace/foxy-unitree/unitree_ros2/cyclonedds_ws/install/cyclonedds' for CMake module files
[6.860s] Level 1:colcon.colcon_core.environment:checking '/home/tairanhe/workspace/foxy-unitree/unitree_ros2/cyclonedds_ws/install/cyclonedds' for CMake config files
[6.860s] Level 1:colcon.colcon_core.shell:create_environment_hook('cyclonedds', 'cmake_prefix_path')
[6.875s] INFO:colcon.colcon_core.shell:Creating environment hook '/home/tairanhe/workspace/foxy-unitree/unitree_ros2/cyclonedds_ws/install/cyclonedds/share/cyclonedds/hook/cmake_prefix_path.ps1'
[6.875s] INFO:colcon.colcon_core.shell:Creating environment descriptor '/home/tairanhe/workspace/foxy-unitree/unitree_ros2/cyclonedds_ws/install/cyclonedds/share/cyclonedds/hook/cmake_prefix_path.dsv'
[6.876s] INFO:colcon.colcon_core.shell:Creating environment hook '/home/tairanhe/workspace/foxy-unitree/unitree_ros2/cyclonedds_ws/install/cyclonedds/share/cyclonedds/hook/cmake_prefix_path.sh'
[6.876s] Level 1:colcon.colcon_core.environment:checking '/home/tairanhe/workspace/foxy-unitree/unitree_ros2/cyclonedds_ws/install/cyclonedds/lib'
[6.876s] Level 1:colcon.colcon_core.shell:create_environment_hook('cyclonedds', 'ld_library_path_lib')
[6.898s] INFO:colcon.colcon_core.shell:Creating environment hook '/home/tairanhe/workspace/foxy-unitree/unitree_ros2/cyclonedds_ws/install/cyclonedds/share/cyclonedds/hook/ld_library_path_lib.ps1'
[6.898s] INFO:colcon.colcon_core.shell:Creating environment descriptor '/home/tairanhe/workspace/foxy-unitree/unitree_ros2/cyclonedds_ws/install/cyclonedds/share/cyclonedds/hook/ld_library_path_lib.dsv'
[6.898s] INFO:colcon.colcon_core.shell:Creating environment hook '/home/tairanhe/workspace/foxy-unitree/unitree_ros2/cyclonedds_ws/install/cyclonedds/share/cyclonedds/hook/ld_library_path_lib.sh'
[6.898s] Level 1:colcon.colcon_core.environment:checking '/home/tairanhe/workspace/foxy-unitree/unitree_ros2/cyclonedds_ws/install/cyclonedds/bin'
[6.898s] Level 1:colcon.colcon_core.shell:create_environment_hook('cyclonedds', 'path')
[6.914s] INFO:colcon.colcon_core.shell:Creating environment hook '/home/tairanhe/workspace/foxy-unitree/unitree_ros2/cyclonedds_ws/install/cyclonedds/share/cyclonedds/hook/path.ps1'
[6.914s] INFO:colcon.colcon_core.shell:Creating environment descriptor '/home/tairanhe/workspace/foxy-unitree/unitree_ros2/cyclonedds_ws/install/cyclonedds/share/cyclonedds/hook/path.dsv'
[6.914s] INFO:colcon.colcon_core.shell:Creating environment hook '/home/tairanhe/workspace/foxy-unitree/unitree_ros2/cyclonedds_ws/install/cyclonedds/share/cyclonedds/hook/path.sh'
[6.914s] Level 1:colcon.colcon_core.environment:checking '/home/tairanhe/workspace/foxy-unitree/unitree_ros2/cyclonedds_ws/install/cyclonedds/lib/pkgconfig/cyclonedds.pc'
[6.915s] Level 1:colcon.colcon_core.environment:checking '/home/tairanhe/workspace/foxy-unitree/unitree_ros2/cyclonedds_ws/install/cyclonedds/lib/python3.8/site-packages'
[6.915s] Level 1:colcon.colcon_core.environment:checking '/home/tairanhe/workspace/foxy-unitree/unitree_ros2/cyclonedds_ws/install/cyclonedds/bin'
[6.915s] Level 1:colcon.colcon_core.shell:create_environment_hook('cyclonedds', 'pythonscriptspath')
[6.930s] INFO:colcon.colcon_core.shell:Creating environment hook '/home/tairanhe/workspace/foxy-unitree/unitree_ros2/cyclonedds_ws/install/cyclonedds/share/cyclonedds/hook/pythonscriptspath.ps1'
[6.930s] INFO:colcon.colcon_core.shell:Creating environment descriptor '/home/tairanhe/workspace/foxy-unitree/unitree_ros2/cyclonedds_ws/install/cyclonedds/share/cyclonedds/hook/pythonscriptspath.dsv'
[6.930s] INFO:colcon.colcon_core.shell:Creating environment hook '/home/tairanhe/workspace/foxy-unitree/unitree_ros2/cyclonedds_ws/install/cyclonedds/share/cyclonedds/hook/pythonscriptspath.sh'
[6.946s] INFO:colcon.colcon_core.shell:Creating package script '/home/tairanhe/workspace/foxy-unitree/unitree_ros2/cyclonedds_ws/install/cyclonedds/share/cyclonedds/package.ps1'
[6.947s] INFO:colcon.colcon_core.shell:Creating package descriptor '/home/tairanhe/workspace/foxy-unitree/unitree_ros2/cyclonedds_ws/install/cyclonedds/share/cyclonedds/package.dsv'
[6.947s] INFO:colcon.colcon_core.shell:Creating package script '/home/tairanhe/workspace/foxy-unitree/unitree_ros2/cyclonedds_ws/install/cyclonedds/share/cyclonedds/package.sh'
[6.947s] INFO:colcon.colcon_core.shell:Creating package script '/home/tairanhe/workspace/foxy-unitree/unitree_ros2/cyclonedds_ws/install/cyclonedds/share/cyclonedds/package.bash'
[6.948s] INFO:colcon.colcon_core.shell:Creating package script '/home/tairanhe/workspace/foxy-unitree/unitree_ros2/cyclonedds_ws/install/cyclonedds/share/cyclonedds/package.zsh'
[6.948s] Level 1:colcon.colcon_core.environment:create_file_with_runtime_dependencies(/home/tairanhe/workspace/foxy-unitree/unitree_ros2/cyclonedds_ws/install/cyclonedds/share/colcon-core/packages/cyclonedds)
[6.948s] DEBUG:colcon.colcon_parallel_executor.executor.parallel:closing loop
[6.948s] DEBUG:colcon.colcon_parallel_executor.executor.parallel:loop closed
[6.948s] DEBUG:colcon.colcon_parallel_executor.executor.parallel:run_until_complete finished with '0'
[6.948s] DEBUG:colcon.colcon_core.event_reactor:joining thread
[6.967s] INFO:colcon.colcon_core.plugin_system:Skipping extension 'colcon_notification.desktop_notification.terminal_notifier': Not used on non-Darwin systems
[6.968s] INFO:colcon.colcon_core.plugin_system:Skipping extension 'colcon_notification.desktop_notification.win32': Not used on non-Windows systems
[6.968s] INFO:colcon.colcon_notification.desktop_notification:Sending desktop notification using 'notify2'
[6.977s] DEBUG:colcon.colcon_core.event_reactor:joined thread
[6.994s] INFO:colcon.colcon_core.shell:Creating prefix script '/home/tairanhe/workspace/foxy-unitree/unitree_ros2/cyclonedds_ws/install/local_setup.ps1'
[6.994s] INFO:colcon.colcon_core.shell:Creating prefix util module '/home/tairanhe/workspace/foxy-unitree/unitree_ros2/cyclonedds_ws/install/_local_setup_util_ps1.py'
[6.995s] INFO:colcon.colcon_core.shell:Creating prefix chain script '/home/tairanhe/workspace/foxy-unitree/unitree_ros2/cyclonedds_ws/install/setup.ps1'
[7.011s] INFO:colcon.colcon_core.shell:Creating prefix script '/home/tairanhe/workspace/foxy-unitree/unitree_ros2/cyclonedds_ws/install/local_setup.sh'
[7.011s] INFO:colcon.colcon_core.shell:Creating prefix util module '/home/tairanhe/workspace/foxy-unitree/unitree_ros2/cyclonedds_ws/install/_local_setup_util_sh.py'
[7.011s] INFO:colcon.colcon_core.shell:Creating prefix chain script '/home/tairanhe/workspace/foxy-unitree/unitree_ros2/cyclonedds_ws/install/setup.sh'
[7.027s] INFO:colcon.colcon_core.shell:Creating prefix script '/home/tairanhe/workspace/foxy-unitree/unitree_ros2/cyclonedds_ws/install/local_setup.bash'
[7.027s] INFO:colcon.colcon_core.shell:Creating prefix chain script '/home/tairanhe/workspace/foxy-unitree/unitree_ros2/cyclonedds_ws/install/setup.bash'
[7.042s] INFO:colcon.colcon_core.shell:Creating prefix script '/home/tairanhe/workspace/foxy-unitree/unitree_ros2/cyclonedds_ws/install/local_setup.zsh'
[7.043s] INFO:colcon.colcon_core.shell:Creating prefix chain script '/home/tairanhe/workspace/foxy-unitree/unitree_ros2/cyclonedds_ws/install/setup.zsh'
